#
# There is insufficient memory for the Java Runtime Environment to continue.
# Native memory allocation (mmap) failed to map 59768832 bytes for G1 virtual space
# Possible reasons:
#   The system is out of physical RAM or swap space
#   The process is running with CompressedOops enabled, and the Java Heap may be blocking the growth of the native heap
# Possible solutions:
#   Reduce memory load on the system
#   Increase physical memory or swap space
#   Check if swap backing store is full
#   Decrease Java heap size (-Xmx/-Xms)
#   Decrease number of Java threads
#   Decrease Java thread stack sizes (-Xss)
#   Set larger code cache with -XX:ReservedCodeCacheSize=
#   JVM is running with Unscaled Compressed Oops mode in which the Java heap is
#     placed in the first 4GB address space. The Java Heap base address is the
#     maximum limit for the native heap growth. Please use -XX:HeapBaseMinAddress
#     to set the Java Heap base and to place the Java Heap above 4GB virtual address.
# This output file may be truncated or incomplete.
#
#  Out of Memory Error (os_windows.cpp:3550), pid=21256, tid=9608
#
# JRE version: Java(TM) SE Runtime Environment (17.0.8+9) (build 17.0.8+9-LTS-211)
# Java VM: Java HotSpot(TM) 64-Bit Server VM (17.0.8+9-LTS-211, mixed mode, sharing, tiered, compressed oops, compressed class ptrs, g1 gc, windows-amd64)
# No core dump will be written. Minidumps are not enabled by default on client versions of Windows
#

---------------  S U M M A R Y ------------

Command Line: -Dmaven.multiModuleProjectDirectory=E:\poneglyphe-S-Hunters1\poneglyphe-S-Hunters1-GestionLivraison-Produit\GestionLivraison Final -Djansi.passthrough=true -Dmaven.home=C:\Program Files\JetBrains\IntelliJ IDEA 2023.2.2\plugins\maven\lib\maven3 -Dclassworlds.conf=C:\Program Files\JetBrains\IntelliJ IDEA 2023.2.2\plugins\maven\lib\maven3\bin\m2.conf -Dmaven.ext.class.path=C:\Program Files\JetBrains\IntelliJ IDEA 2023.2.2\plugins\maven\lib\maven-event-listener.jar -javaagent:C:\Program Files\JetBrains\IntelliJ IDEA 2023.2.2\lib\idea_rt.jar=54769:C:\Program Files\JetBrains\IntelliJ IDEA 2023.2.2\bin -Dfile.encoding=UTF-8 org.codehaus.classworlds.Launcher -Didea.version=2023.2.2 org.openjfx:javafx-maven-plugin:0.0.8:run

Host: 11th Gen Intel(R) Core(TM) i7-1165G7 @ 2.80GHz, 8 cores, 7G,  Windows 10 , 64 bit Build 19041 (10.0.19041.2251)
Time: Thu Mar  7 16:44:54 2024 Paris, Madrid elapsed time: 2.802850 seconds (0d 0h 0m 2s)

---------------  T H R E A D  ---------------

Current thread (0x000001b04b53ed90):  VMThread "VM Thread" [stack: 0x00000062e9600000,0x00000062e9700000] [id=9608]

Stack: [0x00000062e9600000,0x00000062e9700000]
Native frames: (J=compiled Java code, j=interpreted, Vv=VM code, C=native code)
V  [jvm.dll+0x677d0a]
V  [jvm.dll+0x7d8c54]
V  [jvm.dll+0x7da3fe]
V  [jvm.dll+0x7daa63]
V  [jvm.dll+0x245c5f]
V  [jvm.dll+0x674bb9]
V  [jvm.dll+0x6694f2]
V  [jvm.dll+0x3031d6]
V  [jvm.dll+0x30a756]
V  [jvm.dll+0x359f9e]
V  [jvm.dll+0x35a1cf]
V  [jvm.dll+0x2da3e8]
V  [jvm.dll+0x2d87f5]
V  [jvm.dll+0x2d7dfc]
V  [jvm.dll+0x31b4cb]
V  [jvm.dll+0x7df26b]
V  [jvm.dll+0x7dffa4]
V  [jvm.dll+0x7e04bd]
V  [jvm.dll+0x7e0894]
V  [jvm.dll+0x7e0960]
V  [jvm.dll+0x788bba]
V  [jvm.dll+0x676b35]
C  [ucrtbase.dll+0x21bb2]
C  [KERNEL32.DLL+0x174b4]
C  [ntdll.dll+0x526a1]

VM_Operation (0x00000062e90f9c90): G1CollectForAllocation, mode: safepoint, requested by thread 0x000001b02d631690


---------------  P R O C E S S  ---------------

Threads class SMR info:
_java_thread_list=0x000001b09110a460, length=14, elements={
0x000001b02d631690, 0x000001b04b543ff0, 0x000001b04b5451b0, 0x000001b04b5569f0,
0x000001b04b5572b0, 0x000001b04b55a480, 0x000001b04b55c240, 0x000001b04b55d3e0,
0x000001b04b568650, 0x000001b04b5736e0, 0x000001b04b7a3e20, 0x000001b04b8d6170,
0x000001b04b8d6640, 0x000001b04b568b60
}

Java Threads: ( => current thread )
  0x000001b02d631690 JavaThread "main" [_thread_blocked, id=7048, stack(0x00000062e9000000,0x00000062e9100000)]
  0x000001b04b543ff0 JavaThread "Reference Handler" daemon [_thread_blocked, id=5568, stack(0x00000062e9700000,0x00000062e9800000)]
  0x000001b04b5451b0 JavaThread "Finalizer" daemon [_thread_blocked, id=11164, stack(0x00000062e9800000,0x00000062e9900000)]
  0x000001b04b5569f0 JavaThread "Signal Dispatcher" daemon [_thread_blocked, id=12024, stack(0x00000062e9900000,0x00000062e9a00000)]
  0x000001b04b5572b0 JavaThread "Attach Listener" daemon [_thread_blocked, id=9256, stack(0x00000062e9a00000,0x00000062e9b00000)]
  0x000001b04b55a480 JavaThread "Service Thread" daemon [_thread_blocked, id=8644, stack(0x00000062e9b00000,0x00000062e9c00000)]
  0x000001b04b55c240 JavaThread "Monitor Deflation Thread" daemon [_thread_blocked, id=18048, stack(0x00000062e9c00000,0x00000062e9d00000)]
  0x000001b04b55d3e0 JavaThread "C2 CompilerThread0" daemon [_thread_in_native, id=12968, stack(0x00000062e9d00000,0x00000062e9e00000)]
  0x000001b04b568650 JavaThread "C1 CompilerThread0" daemon [_thread_blocked, id=18540, stack(0x00000062e9e00000,0x00000062e9f00000)]
  0x000001b04b5736e0 JavaThread "Sweeper thread" daemon [_thread_blocked, id=7464, stack(0x00000062e9f00000,0x00000062ea000000)]
  0x000001b04b7a3e20 JavaThread "Common-Cleaner" daemon [_thread_blocked, id=20152, stack(0x00000062ea000000,0x00000062ea100000)]
  0x000001b04b8d6170 JavaThread "Monitor Ctrl-Break" daemon [_thread_in_native, id=11124, stack(0x00000062ea100000,0x00000062ea200000)]
  0x000001b04b8d6640 JavaThread "Notification Thread" daemon [_thread_blocked, id=9456, stack(0x00000062ea200000,0x00000062ea300000)]
  0x000001b04b568b60 JavaThread "C2 CompilerThread1" daemon [_thread_blocked, id=13756, stack(0x00000062ea400000,0x00000062ea500000)]

Other Threads:
=>0x000001b04b53ed90 VMThread "VM Thread" [stack: 0x00000062e9600000,0x00000062e9700000] [id=9608]
  0x000001b02d6a3270 WatcherThread [stack: 0x00000062ea300000,0x00000062ea400000] [id=15512]
  0x000001b02d68a220 GCTaskThread "GC Thread#0" [stack: 0x00000062e9100000,0x00000062e9200000] [id=4236]
  0x000001b04b963830 GCTaskThread "GC Thread#1" [stack: 0x00000062ea500000,0x00000062ea600000] [id=3108]
  0x000001b0917eb070 GCTaskThread "GC Thread#2" [stack: 0x00000062ea600000,0x00000062ea700000] [id=14240]
  0x000001b091801cc0 GCTaskThread "GC Thread#3" [stack: 0x00000062ea700000,0x00000062ea800000] [id=1000]
  0x000001b091513fa0 GCTaskThread "GC Thread#4" [stack: 0x00000062ea800000,0x00000062ea900000] [id=13696]
  0x000001b091a8f370 GCTaskThread "GC Thread#5" [stack: 0x00000062ea900000,0x00000062eaa00000] [id=18536]
  0x000001b091a8fe30 GCTaskThread "GC Thread#6" [stack: 0x00000062eaa00000,0x00000062eab00000] [id=7208]
  0x000001b091a900e0 GCTaskThread "GC Thread#7" [stack: 0x00000062eab00000,0x00000062eac00000] [id=4564]
  0x000001b02d69a7e0 ConcurrentGCThread "G1 Main Marker" [stack: 0x00000062e9200000,0x00000062e9300000] [id=18144]
  0x000001b02d69c200 ConcurrentGCThread "G1 Conc#0" [stack: 0x00000062e9300000,0x00000062e9400000] [id=17116]
  0x000001b091c33420 ConcurrentGCThread "G1 Conc#1" [stack: 0x00000062eac00000,0x00000062ead00000] [id=17292]
  0x000001b04b3f0090 ConcurrentGCThread "G1 Refine#0" [stack: 0x00000062e9400000,0x00000062e9500000] [id=16296]
  0x000001b092d08460 ConcurrentGCThread "G1 Refine#1" [stack: 0x00000062ead00000,0x00000062eae00000] [id=13520]
  0x000001b092789ed0 ConcurrentGCThread "G1 Refine#2" [stack: 0x00000062eae00000,0x00000062eaf00000] [id=13340]
  0x000001b04b3f0ab0 ConcurrentGCThread "G1 Service" [stack: 0x00000062e9500000,0x00000062e9600000] [id=3896]

Threads with active compile tasks:
C2 CompilerThread0     2817 4944   !   4       com.sun.tools.javac.jvm.ClassReader::classSigToType (497 bytes)
C1 CompilerThread0     2817 5384 %     3       com.sun.tools.javac.code.Scope$ScopeImpl::dble @ 89 (147 bytes)
C2 CompilerThread1     2817 5381       4       java.util.regex.Pattern::atom (422 bytes)

VM state: at safepoint (normal execution)

VM Mutex/Monitor currently owned by a thread:  ([mutex/lock_event])
[0x000001b02d62bcd0] Threads_lock - owner thread: 0x000001b04b53ed90
[0x000001b02d62c030] Heap_lock - owner thread: 0x000001b02d631690

Heap address: 0x0000000084c00000, size: 1972 MB, Compressed Oops mode: 32-bit

CDS archive(s) mapped at: [0x000001b04c000000-0x000001b04cbd0000-0x000001b04cbd0000), size 12386304, SharedBaseAddress: 0x000001b04c000000, ArchiveRelocationMode: 1.
Compressed class space mapped at: 0x000001b04d000000-0x000001b08d000000, reserved size: 1073741824
Narrow klass base: 0x000001b04c000000, Narrow klass shift: 0, Narrow klass range: 0x100000000

GC Precious Log:
 CPUs: 8 total, 8 available
 Memory: 7881M
 Large Page Support: Disabled
 NUMA Support: Disabled
 Compressed Oops: Enabled (32-bit)
 Heap Region Size: 1M
 Heap Min Capacity: 8M
 Heap Initial Capacity: 124M
 Heap Max Capacity: 1972M
 Pre-touch: Disabled
 Parallel Workers: 8
 Concurrent Workers: 2
 Concurrent Refinement Workers: 8
 Periodic GC: Disabled

Heap:
 garbage-first heap   total 61440K, used 33911K [0x0000000084c00000, 0x0000000100000000)
  region size 1024K, 2 young (2048K), 2 survivors (2048K)
 Metaspace       used 26293K, committed 26496K, reserved 1114112K
  class space    used 3049K, committed 3136K, reserved 1048576K

Heap Regions: E=young(eden), S=young(survivor), O=old, HS=humongous(starts), HC=humongous(continues), CS=collection set, F=free, OA=open archive, CA=closed archive, TAMS=top-at-mark-start (previous, next)
|   0|0x0000000084c00000, 0x0000000084d00000, 0x0000000084d00000|100%| O|  |TAMS 0x0000000084d00000, 0x0000000084d00000| Untracked 
|   1|0x0000000084d00000, 0x0000000084e00000, 0x0000000084e00000|100%| O|  |TAMS 0x0000000084e00000, 0x0000000084e00000| Untracked 
|   2|0x0000000084e00000, 0x0000000084f00000, 0x0000000084f00000|100%| O|  |TAMS 0x0000000084f00000, 0x0000000084f00000| Untracked 
|   3|0x0000000084f00000, 0x0000000085000000, 0x0000000085000000|100%| O|  |TAMS 0x0000000084fb8400, 0x0000000085000000| Untracked 
|   4|0x0000000085000000, 0x0000000085100000, 0x0000000085100000|100%|HS|  |TAMS 0x0000000085000000, 0x0000000085100000| Complete 
|   5|0x0000000085100000, 0x0000000085200000, 0x0000000085200000|100%|HS|  |TAMS 0x0000000085100000, 0x0000000085200000| Complete 
|   6|0x0000000085200000, 0x0000000085300000, 0x0000000085300000|100%| O|  |TAMS 0x0000000085200000, 0x0000000085300000| Untracked 
|   7|0x0000000085300000, 0x0000000085400000, 0x0000000085400000|100%| O|  |TAMS 0x0000000085300000, 0x0000000085400000| Untracked 
|   8|0x0000000085400000, 0x0000000085500000, 0x0000000085500000|100%| O|  |TAMS 0x0000000085400000, 0x0000000085500000| Untracked 
|   9|0x0000000085500000, 0x0000000085600000, 0x0000000085600000|100%| O|  |TAMS 0x0000000085500000, 0x0000000085600000| Untracked 
|  10|0x0000000085600000, 0x0000000085700000, 0x0000000085700000|100%| O|  |TAMS 0x0000000085600000, 0x0000000085700000| Untracked 
|  11|0x0000000085700000, 0x0000000085800000, 0x0000000085800000|100%| O|  |TAMS 0x0000000085700000, 0x0000000085800000| Untracked 
|  12|0x0000000085800000, 0x0000000085900000, 0x0000000085900000|100%| O|  |TAMS 0x0000000085800000, 0x0000000085900000| Untracked 
|  13|0x0000000085900000, 0x0000000085a00000, 0x0000000085a00000|100%| O|  |TAMS 0x0000000085900000, 0x0000000085900000| Untracked 
|  14|0x0000000085a00000, 0x0000000085b00000, 0x0000000085b00000|100%| O|  |TAMS 0x0000000085a00000, 0x0000000085b00000| Untracked 
|  15|0x0000000085b00000, 0x0000000085c00000, 0x0000000085c00000|100%| O|  |TAMS 0x0000000085b00000, 0x0000000085c00000| Untracked 
|  16|0x0000000085c00000, 0x0000000085d00000, 0x0000000085d00000|100%| O|  |TAMS 0x0000000085c00000, 0x0000000085d00000| Untracked 
|  17|0x0000000085d00000, 0x0000000085e00000, 0x0000000085e00000|100%|HS|  |TAMS 0x0000000085d00000, 0x0000000085e00000| Complete 
|  18|0x0000000085e00000, 0x0000000085f00000, 0x0000000085f00000|100%|HC|  |TAMS 0x0000000085e00000, 0x0000000085f00000| Complete 
|  19|0x0000000085f00000, 0x0000000086000000, 0x0000000086000000|100%| O|  |TAMS 0x0000000085f00000, 0x0000000086000000| Untracked 
|  20|0x0000000086000000, 0x0000000086100000, 0x0000000086100000|100%| O|  |TAMS 0x0000000086000000, 0x0000000086100000| Untracked 
|  21|0x0000000086100000, 0x0000000086200000, 0x0000000086200000|100%| O|  |TAMS 0x0000000086100000, 0x0000000086200000| Untracked 
|  22|0x0000000086200000, 0x0000000086300000, 0x0000000086300000|100%| O|  |TAMS 0x0000000086200000, 0x0000000086300000| Untracked 
|  23|0x0000000086300000, 0x0000000086400000, 0x0000000086400000|100%| O|  |TAMS 0x0000000086300000, 0x0000000086400000| Untracked 
|  24|0x0000000086400000, 0x0000000086500000, 0x0000000086500000|100%| O|  |TAMS 0x0000000086400000, 0x0000000086500000| Untracked 
|  25|0x0000000086500000, 0x0000000086600000, 0x0000000086600000|100%| O|  |TAMS 0x0000000086500000, 0x0000000086600000| Untracked 
|  26|0x0000000086600000, 0x0000000086700000, 0x0000000086700000|100%| O|  |TAMS 0x0000000086600000, 0x0000000086600000| Untracked 
|  27|0x0000000086700000, 0x0000000086800000, 0x0000000086800000|100%| O|  |TAMS 0x0000000086700000, 0x0000000086700000| Untracked 
|  28|0x0000000086800000, 0x0000000086848a08, 0x0000000086900000| 28%| O|  |TAMS 0x0000000086800000, 0x0000000086800000| Untracked 
|  29|0x0000000086900000, 0x0000000086900000, 0x0000000086a00000|  0%| F|  |TAMS 0x0000000086900000, 0x0000000086900000| Untracked 
|  30|0x0000000086a00000, 0x0000000086a00000, 0x0000000086b00000|  0%| F|  |TAMS 0x0000000086a00000, 0x0000000086a00000| Untracked 
|  31|0x0000000086b00000, 0x0000000086b00000, 0x0000000086c00000|  0%| F|  |TAMS 0x0000000086b00000, 0x0000000086b00000| Untracked 
|  32|0x0000000086c00000, 0x0000000086c00000, 0x0000000086d00000|  0%| F|  |TAMS 0x0000000086c00000, 0x0000000086c00000| Untracked 
|  33|0x0000000086d00000, 0x0000000086d00000, 0x0000000086e00000|  0%| F|  |TAMS 0x0000000086d00000, 0x0000000086d00000| Untracked 
|  34|0x0000000086e00000, 0x0000000086e00000, 0x0000000086f00000|  0%| F|  |TAMS 0x0000000086e00000, 0x0000000086e00000| Untracked 
|  35|0x0000000086f00000, 0x0000000086f00000, 0x0000000087000000|  0%| F|  |TAMS 0x0000000086f00000, 0x0000000086f00000| Untracked 
|  36|0x0000000087000000, 0x0000000087000000, 0x0000000087100000|  0%| F|  |TAMS 0x0000000087000000, 0x0000000087000000| Untracked 
|  37|0x0000000087100000, 0x0000000087100000, 0x0000000087200000|  0%| F|  |TAMS 0x0000000087100000, 0x0000000087100000| Untracked 
|  38|0x0000000087200000, 0x0000000087200000, 0x0000000087300000|  0%| F|  |TAMS 0x0000000087200000, 0x0000000087200000| Untracked 
|  39|0x0000000087300000, 0x0000000087300000, 0x0000000087400000|  0%| F|  |TAMS 0x0000000087300000, 0x0000000087300000| Untracked 
|  40|0x0000000087400000, 0x00000000874d5210, 0x0000000087500000| 83%| S|CS|TAMS 0x0000000087400000, 0x0000000087400000| Complete 
|  41|0x0000000087500000, 0x0000000087600000, 0x0000000087600000|100%| S|CS|TAMS 0x0000000087500000, 0x0000000087500000| Complete 
|  42|0x0000000087600000, 0x0000000087600000, 0x0000000087700000|  0%| F|  |TAMS 0x0000000087600000, 0x0000000087600000| Untracked 
|  43|0x0000000087700000, 0x0000000087700000, 0x0000000087800000|  0%| F|  |TAMS 0x0000000087700000, 0x0000000087700000| Untracked 
|  44|0x0000000087800000, 0x0000000087800000, 0x0000000087900000|  0%| F|  |TAMS 0x0000000087800000, 0x0000000087800000| Untracked 
|  45|0x0000000087900000, 0x0000000087900000, 0x0000000087a00000|  0%| F|  |TAMS 0x0000000087900000, 0x0000000087900000| Untracked 
|  46|0x0000000087a00000, 0x0000000087a00000, 0x0000000087b00000|  0%| F|  |TAMS 0x0000000087a00000, 0x0000000087a00000| Untracked 
|  47|0x0000000087b00000, 0x0000000087b00000, 0x0000000087c00000|  0%| F|  |TAMS 0x0000000087b00000, 0x0000000087b00000| Untracked 
|  48|0x0000000087c00000, 0x0000000087c00000, 0x0000000087d00000|  0%| F|  |TAMS 0x0000000087c00000, 0x0000000087c00000| Untracked 
|  49|0x0000000087d00000, 0x0000000087d00000, 0x0000000087e00000|  0%| F|  |TAMS 0x0000000087d00000, 0x0000000087d00000| Untracked 
|  50|0x0000000087e00000, 0x0000000087e00000, 0x0000000087f00000|  0%| F|  |TAMS 0x0000000087e00000, 0x0000000087e00000| Untracked 
|  51|0x0000000087f00000, 0x0000000087f00000, 0x0000000088000000|  0%| F|  |TAMS 0x0000000087f00000, 0x0000000087f00000| Untracked 
|  52|0x0000000088000000, 0x0000000088000000, 0x0000000088100000|  0%| F|  |TAMS 0x0000000088000000, 0x0000000088000000| Untracked 
|  53|0x0000000088100000, 0x0000000088100000, 0x0000000088200000|  0%| F|  |TAMS 0x0000000088100000, 0x0000000088100000| Untracked 
| 111|0x000000008bb00000, 0x000000008bb00000, 0x000000008bc00000|  0%| F|  |TAMS 0x000000008bb00000, 0x000000008bb00000| Untracked 
| 112|0x000000008bc00000, 0x000000008bc00000, 0x000000008bd00000|  0%| F|  |TAMS 0x000000008bc00000, 0x000000008bc00000| Untracked 
| 123|0x000000008c700000, 0x000000008c700000, 0x000000008c800000|  0%| F|  |TAMS 0x000000008c700000, 0x000000008c700000| Untracked 
|1969|0x00000000ffd00000, 0x00000000ffe00000, 0x00000000ffe00000|100%| O|  |TAMS 0x00000000ffd00000, 0x00000000ffe00000| Untracked 
|1970|0x00000000ffe00000, 0x00000000fff00000, 0x00000000fff00000|100%| O|  |TAMS 0x00000000ffe00000, 0x00000000fff00000| Untracked 
|1971|0x00000000fff00000, 0x0000000100000000, 0x0000000100000000|100%| O|  |TAMS 0x00000000fff00000, 0x0000000100000000| Untracked 

Card table byte_map: [0x000001b044600000,0x000001b0449e0000] _byte_map_base: 0x000001b0441da000

Marking Bits (Prev, Next): (CMBitMap*) 0x000001b02d68a870, (CMBitMap*) 0x000001b02d68a830
 Prev Bits: [0x000001b046c90000, 0x000001b048b60000)
 Next Bits: [0x000001b044dc0000, 0x000001b046c90000)

Polling page: 0x000001b02ce10000

Metaspace:

Usage:
  Non-class:     22.70 MB used.
      Class:      2.98 MB used.
       Both:     25.68 MB used.

Virtual space:
  Non-class space:       64.00 MB reserved,      22.81 MB ( 36%) committed,  1 nodes.
      Class space:        1.00 GB reserved,       3.06 MB ( <1%) committed,  1 nodes.
             Both:        1.06 GB reserved,      25.88 MB (  2%) committed. 

Chunk freelists:
   Non-Class:  8.88 MB
       Class:  12.89 MB
        Both:  21.76 MB

MaxMetaspaceSize: unlimited
CompressedClassSpaceSize: 1.00 GB
Initial GC threshold: 21.00 MB
Current GC threshold: 35.31 MB
CDS: on
MetaspaceReclaimPolicy: balanced
 - commit_granule_bytes: 65536.
 - commit_granule_words: 8192.
 - virtual_space_node_default_size: 8388608.
 - enlarge_chunks_in_place: 1.
 - new_chunks_are_fully_committed: 0.
 - uncommit_free_chunks: 1.
 - use_allocation_guard: 0.
 - handle_deallocations: 1.


Internal statistics:

num_allocs_failed_limit: 3.
num_arena_births: 148.
num_arena_deaths: 0.
num_vsnodes_births: 2.
num_vsnodes_deaths: 0.
num_space_committed: 414.
num_space_uncommitted: 0.
num_chunks_returned_to_freelist: 3.
num_chunks_taken_from_freelist: 1076.
num_chunk_merges: 3.
num_chunk_splits: 762.
num_chunks_enlarged: 594.
num_purges: 0.
num_inconsistent_stats: 0.

CodeHeap 'non-profiled nmethods': size=120000Kb used=2425Kb max_used=2425Kb free=117574Kb
 bounds [0x000001b03c9b0000, 0x000001b03cc20000, 0x000001b043ee0000]
CodeHeap 'profiled nmethods': size=120000Kb used=11018Kb max_used=11018Kb free=108981Kb
 bounds [0x000001b034ee0000, 0x000001b0359b0000, 0x000001b03c410000]
CodeHeap 'non-nmethods': size=5760Kb used=1218Kb max_used=1278Kb free=4541Kb
 bounds [0x000001b03c410000, 0x000001b03c680000, 0x000001b03c9b0000]
 total_blobs=5854 nmethods=5349 adapters=416
 compilation: enabled
              stopped_count=0, restarted_count=0
 full_count=0

Compilation events (20 events):
Event: 2.756 Thread 0x000001b04b568650 nmethod 5349 0x000001b03599e890 code [0x000001b03599ea60, 0x000001b03599edf8]
Event: 2.756 Thread 0x000001b04b568650 5354   !   2       com.sun.tools.javac.comp.MemberEnter::visitVarDef (567 bytes)
Event: 2.758 Thread 0x000001b04b568650 nmethod 5354 0x000001b03599ef90 code [0x000001b03599f2a0, 0x000001b0359a0108]
Event: 2.763 Thread 0x000001b04b568650 5376       2       com.sun.tools.javac.jvm.ClassReader::readAnnotations (40 bytes)
Event: 2.763 Thread 0x000001b04b568650 nmethod 5376 0x000001b0359a0b90 code [0x000001b0359a0d60, 0x000001b0359a1098]
Event: 2.763 Thread 0x000001b04b568650 5378       2       com.sun.tools.javac.jvm.ClassReader$AnnotationCompleter::<init> (93 bytes)
Event: 2.763 Thread 0x000001b04b568650 nmethod 5378 0x000001b0359a1290 code [0x000001b0359a1460, 0x000001b0359a18e8]
Event: 2.763 Thread 0x000001b04b568650 5377       2       com.sun.tools.javac.jvm.ClassReader$AnnotationDeproxy::<init> (15 bytes)
Event: 2.773 Thread 0x000001b04b568650 nmethod 5377 0x000001b0359a1a90 code [0x000001b0359a1c20, 0x000001b0359a1dd8]
Event: 2.776 Thread 0x000001b04b568b60 nmethod 5121 0x000001b03cc06c10 code [0x000001b03cc06fa0, 0x000001b03cc0a850]
Event: 2.776 Thread 0x000001b04b568650 5380       3       jdk.nio.zipfs.ZipFileSystem::getInode (36 bytes)
Event: 2.776 Thread 0x000001b04b568b60 5266       4       java.util.Spliterators$IteratorSpliterator::tryAdvance (77 bytes)
Event: 2.777 Thread 0x000001b04b568650 nmethod 5380 0x000001b0359a1e90 code [0x000001b0359a20a0, 0x000001b0359a2788]
Event: 2.778 Thread 0x000001b04b568b60 nmethod 5266 0x000001b03cc0c690 code [0x000001b03cc0c820, 0x000001b03cc0ca58]
Event: 2.778 Thread 0x000001b04b568b60 5353       4       com.sun.tools.javac.code.Symbol::complete (30 bytes)
Event: 2.789 Thread 0x000001b04b568b60 nmethod 5353 0x000001b03cc0cc10 code [0x000001b03cc0ce40, 0x000001b03cc0d8e0]
Event: 2.789 Thread 0x000001b04b568b60 5383       4       javax.lang.model.SourceVersion::isIdentifier (71 bytes)
Event: 2.792 Thread 0x000001b04b568b60 nmethod 5383 0x000001b03cc0df90 code [0x000001b03cc0e120, 0x000001b03cc0e358]
Event: 2.792 Thread 0x000001b04b568b60 5381       4       java.util.regex.Pattern::atom (422 bytes)
Event: 2.794 Thread 0x000001b04b568650 5384 %     3       com.sun.tools.javac.code.Scope$ScopeImpl::dble @ 89 (147 bytes)

GC Heap History (19 events):
Event: 0.499 GC heap before
{Heap before GC invocations=0 (full 0):
 garbage-first heap   total 126976K, used 22528K [0x0000000084c00000, 0x0000000100000000)
  region size 1024K, 23 young (23552K), 0 survivors (0K)
 Metaspace       used 5739K, committed 5952K, reserved 1114112K
  class space    used 683K, committed 768K, reserved 1048576K
}
Event: 0.505 GC heap after
{Heap after GC invocations=1 (full 0):
 garbage-first heap   total 126976K, used 3840K [0x0000000084c00000, 0x0000000100000000)
  region size 1024K, 3 young (3072K), 3 survivors (3072K)
 Metaspace       used 5739K, committed 5952K, reserved 1114112K
  class space    used 683K, committed 768K, reserved 1048576K
}
Event: 0.848 GC heap before
{Heap before GC invocations=1 (full 0):
 garbage-first heap   total 126976K, used 34560K [0x0000000084c00000, 0x0000000100000000)
  region size 1024K, 33 young (33792K), 3 survivors (3072K)
 Metaspace       used 9792K, committed 10048K, reserved 1114112K
  class space    used 1187K, committed 1344K, reserved 1048576K
}
Event: 0.855 GC heap after
{Heap after GC invocations=2 (full 0):
 garbage-first heap   total 126976K, used 5592K [0x0000000084c00000, 0x0000000100000000)
  region size 1024K, 2 young (2048K), 2 survivors (2048K)
 Metaspace       used 9792K, committed 10048K, reserved 1114112K
  class space    used 1187K, committed 1344K, reserved 1048576K
}
Event: 1.880 GC heap before
{Heap before GC invocations=2 (full 0):
 garbage-first heap   total 126976K, used 80344K [0x0000000084c00000, 0x0000000100000000)
  region size 1024K, 74 young (75776K), 2 survivors (2048K)
 Metaspace       used 17875K, committed 18112K, reserved 1114112K
  class space    used 2084K, committed 2176K, reserved 1048576K
}
Event: 1.891 GC heap after
{Heap after GC invocations=3 (full 0):
 garbage-first heap   total 126976K, used 12178K [0x0000000084c00000, 0x0000000100000000)
  region size 1024K, 8 young (8192K), 8 survivors (8192K)
 Metaspace       used 17875K, committed 18112K, reserved 1114112K
  class space    used 2084K, committed 2176K, reserved 1048576K
}
Event: 2.061 GC heap before
{Heap before GC invocations=3 (full 0):
 garbage-first heap   total 126976K, used 24466K [0x0000000084c00000, 0x0000000100000000)
  region size 1024K, 19 young (19456K), 8 survivors (8192K)
 Metaspace       used 21239K, committed 21504K, reserved 1114112K
  class space    used 2548K, committed 2688K, reserved 1048576K
}
Event: 2.071 GC heap after
{Heap after GC invocations=4 (full 0):
 garbage-first heap   total 126976K, used 12363K [0x0000000084c00000, 0x0000000100000000)
  region size 1024K, 2 young (2048K), 2 survivors (2048K)
 Metaspace       used 21239K, committed 21504K, reserved 1114112K
  class space    used 2548K, committed 2688K, reserved 1048576K
}
Event: 2.465 GC heap before
{Heap before GC invocations=5 (full 0):
 garbage-first heap   total 48128K, used 40011K [0x0000000084c00000, 0x0000000100000000)
  region size 1024K, 28 young (28672K), 2 survivors (2048K)
 Metaspace       used 25516K, committed 25728K, reserved 1114112K
  class space    used 2985K, committed 3072K, reserved 1048576K
}
Event: 2.474 GC heap after
{Heap after GC invocations=6 (full 0):
 garbage-first heap   total 51200K, used 21214K [0x0000000084c00000, 0x0000000100000000)
  region size 1024K, 4 young (4096K), 4 survivors (4096K)
 Metaspace       used 25516K, committed 25728K, reserved 1114112K
  class space    used 2985K, committed 3072K, reserved 1048576K
}
Event: 2.477 GC heap before
{Heap before GC invocations=6 (full 0):
 garbage-first heap   total 51200K, used 22238K [0x0000000084c00000, 0x0000000100000000)
  region size 1024K, 5 young (5120K), 4 survivors (4096K)
 Metaspace       used 25534K, committed 25792K, reserved 1114112K
  class space    used 2985K, committed 3072K, reserved 1048576K
}
Event: 2.482 GC heap after
{Heap after GC invocations=7 (full 0):
 garbage-first heap   total 61440K, used 21752K [0x0000000084c00000, 0x0000000100000000)
  region size 1024K, 1 young (1024K), 1 survivors (1024K)
 Metaspace       used 25534K, committed 25792K, reserved 1114112K
  class space    used 2985K, committed 3072K, reserved 1048576K
}
Event: 2.551 GC heap before
{Heap before GC invocations=7 (full 0):
 garbage-first heap   total 61440K, used 43256K [0x0000000084c00000, 0x0000000100000000)
  region size 1024K, 22 young (22528K), 1 survivors (1024K)
 Metaspace       used 25687K, committed 25920K, reserved 1114112K
  class space    used 3010K, committed 3136K, reserved 1048576K
}
Event: 2.554 GC heap after
{Heap after GC invocations=8 (full 0):
 garbage-first heap   total 61440K, used 22042K [0x0000000084c00000, 0x0000000100000000)
  region size 1024K, 1 young (1024K), 1 survivors (1024K)
 Metaspace       used 25687K, committed 25920K, reserved 1114112K
  class space    used 3010K, committed 3136K, reserved 1048576K
}
Event: 2.659 GC heap before
{Heap before GC invocations=8 (full 0):
 garbage-first heap   total 61440K, used 45594K [0x0000000084c00000, 0x0000000100000000)
  region size 1024K, 24 young (24576K), 1 survivors (1024K)
 Metaspace       used 26103K, committed 26368K, reserved 1114112K
  class space    used 3045K, committed 3136K, reserved 1048576K
}
Event: 2.666 GC heap after
{Heap after GC invocations=9 (full 0):
 garbage-first heap   total 61440K, used 27351K [0x0000000084c00000, 0x0000000100000000)
  region size 1024K, 3 young (3072K), 3 survivors (3072K)
 Metaspace       used 26103K, committed 26368K, reserved 1114112K
  class space    used 3045K, committed 3136K, reserved 1048576K
}
Event: 2.763 GC heap before
{Heap before GC invocations=9 (full 0):
 garbage-first heap   total 61440K, used 47831K [0x0000000084c00000, 0x0000000100000000)
  region size 1024K, 21 young (21504K), 3 survivors (3072K)
 Metaspace       used 26293K, committed 26496K, reserved 1114112K
  class space    used 3049K, committed 3136K, reserved 1048576K
}
Event: 2.773 GC heap after
{Heap after GC invocations=10 (full 0):
 garbage-first heap   total 61440K, used 31744K [0x0000000084c00000, 0x0000000100000000)
  region size 1024K, 3 young (3072K), 3 survivors (3072K)
 Metaspace       used 26293K, committed 26496K, reserved 1114112K
  class space    used 3049K, committed 3136K, reserved 1048576K
}
Event: 2.794 GC heap before
{Heap before GC invocations=10 (full 0):
 garbage-first heap   total 61440K, used 47104K [0x0000000084c00000, 0x0000000100000000)
  region size 1024K, 18 young (18432K), 3 survivors (3072K)
 Metaspace       used 26293K, committed 26496K, reserved 1114112K
  class space    used 3049K, committed 3136K, reserved 1048576K
}

Deoptimization events (20 events):
Event: 2.713 Thread 0x000001b02d631690 Uncommon trap: trap_request=0xffffff45 fr.pc=0x000001b03cba8790 relative=0x0000000000000090
Event: 2.713 Thread 0x000001b02d631690 Uncommon trap: reason=unstable_if action=reinterpret pc=0x000001b03cba8790 method=jdk.nio.zipfs.ZipFileSystem.isDotOrDotDotPath([BII)Z @ 8 c2
Event: 2.713 Thread 0x000001b02d631690 DEOPT PACKING pc=0x000001b03cba8790 sp=0x00000062e90fa9e0
Event: 2.713 Thread 0x000001b02d631690 DEOPT UNPACKING pc=0x000001b03c465ba3 sp=0x00000062e90fa970 mode 2
Event: 2.714 Thread 0x000001b02d631690 Uncommon trap: trap_request=0xffffff45 fr.pc=0x000001b03cbd1a20 relative=0x0000000000000460
Event: 2.714 Thread 0x000001b02d631690 Uncommon trap: reason=unstable_if action=reinterpret pc=0x000001b03cbd1a20 method=java.lang.CharacterDataLatin1.isJavaIdentifierStart(I)Z @ 14 c2
Event: 2.714 Thread 0x000001b02d631690 DEOPT PACKING pc=0x000001b03cbd1a20 sp=0x00000062e90fa820
Event: 2.714 Thread 0x000001b02d631690 DEOPT UNPACKING pc=0x000001b03c465ba3 sp=0x00000062e90fa668 mode 2
Event: 2.721 Thread 0x000001b02d631690 Uncommon trap: trap_request=0xffffff45 fr.pc=0x000001b03cbc450c relative=0x00000000000001ec
Event: 2.721 Thread 0x000001b02d631690 Uncommon trap: reason=unstable_if action=reinterpret pc=0x000001b03cbc450c method=java.lang.CharacterDataLatin1.isJavaIdentifierStart(I)Z @ 14 c2
Event: 2.721 Thread 0x000001b02d631690 DEOPT PACKING pc=0x000001b03cbc450c sp=0x00000062e90fa790
Event: 2.721 Thread 0x000001b02d631690 DEOPT UNPACKING pc=0x000001b03c465ba3 sp=0x00000062e90fa638 mode 2
Event: 2.721 Thread 0x000001b02d631690 Uncommon trap: trap_request=0xffffff45 fr.pc=0x000001b03cb5b408 relative=0x0000000000000088
Event: 2.721 Thread 0x000001b02d631690 Uncommon trap: reason=unstable_if action=reinterpret pc=0x000001b03cb5b408 method=java.lang.CharacterDataLatin1.isJavaIdentifierStart(I)Z @ 14 c2
Event: 2.721 Thread 0x000001b02d631690 DEOPT PACKING pc=0x000001b03cb5b408 sp=0x00000062e90fa6d0
Event: 2.721 Thread 0x000001b02d631690 DEOPT UNPACKING pc=0x000001b03c465ba3 sp=0x00000062e90fa640 mode 2
Event: 2.776 Thread 0x000001b02d631690 Uncommon trap: trap_request=0xffffff45 fr.pc=0x000001b03cbd7cb8 relative=0x0000000000000558
Event: 2.776 Thread 0x000001b02d631690 Uncommon trap: reason=unstable_if action=reinterpret pc=0x000001b03cbd7cb8 method=java.util.HashMap.getNode(Ljava/lang/Object;)Ljava/util/HashMap$Node; @ 66 c2
Event: 2.776 Thread 0x000001b02d631690 DEOPT PACKING pc=0x000001b03cbd7cb8 sp=0x00000062e90fac50
Event: 2.776 Thread 0x000001b02d631690 DEOPT UNPACKING pc=0x000001b03c465ba3 sp=0x00000062e90fab08 mode 2

Classes unloaded (0 events):
No events

Classes redefined (0 events):
No events

Internal exceptions (20 events):
Event: 2.725 Thread 0x000001b02d631690 Exception <a 'sun/nio/fs/WindowsException'{0x0000000087c4beb8}> (0x0000000087c4beb8) 
thrown [s\open\src\hotspot\share\prims\jni.cpp, line 516]
Event: 2.725 Thread 0x000001b02d631690 Exception <a 'sun/nio/fs/WindowsException'{0x0000000087c4c2b8}> (0x0000000087c4c2b8) 
thrown [s\open\src\hotspot\share\prims\jni.cpp, line 516]
Event: 2.728 Thread 0x000001b02d631690 Exception <a 'sun/nio/fs/WindowsException'{0x0000000087b25d60}> (0x0000000087b25d60) 
thrown [s\open\src\hotspot\share\prims\jni.cpp, line 516]
Event: 2.728 Thread 0x000001b02d631690 Exception <a 'sun/nio/fs/WindowsException'{0x0000000087b26168}> (0x0000000087b26168) 
thrown [s\open\src\hotspot\share\prims\jni.cpp, line 516]
Event: 2.728 Thread 0x000001b02d631690 Exception <a 'sun/nio/fs/WindowsException'{0x0000000087b35d28}> (0x0000000087b35d28) 
thrown [s\open\src\hotspot\share\prims\jni.cpp, line 516]
Event: 2.728 Thread 0x000001b02d631690 Exception <a 'sun/nio/fs/WindowsException'{0x0000000087b36128}> (0x0000000087b36128) 
thrown [s\open\src\hotspot\share\prims\jni.cpp, line 516]
Event: 2.729 Thread 0x000001b02d631690 Exception <a 'sun/nio/fs/WindowsException'{0x0000000087b4f4e0}> (0x0000000087b4f4e0) 
thrown [s\open\src\hotspot\share\prims\jni.cpp, line 516]
Event: 2.729 Thread 0x000001b02d631690 Exception <a 'sun/nio/fs/WindowsException'{0x0000000087b4f8f0}> (0x0000000087b4f8f0) 
thrown [s\open\src\hotspot\share\prims\jni.cpp, line 516]
Event: 2.729 Thread 0x000001b02d631690 Exception <a 'sun/nio/fs/WindowsException'{0x0000000087b56f68}> (0x0000000087b56f68) 
thrown [s\open\src\hotspot\share\prims\jni.cpp, line 516]
Event: 2.729 Thread 0x000001b02d631690 Exception <a 'sun/nio/fs/WindowsException'{0x0000000087b57370}> (0x0000000087b57370) 
thrown [s\open\src\hotspot\share\prims\jni.cpp, line 516]
Event: 2.731 Thread 0x000001b02d631690 Exception <a 'sun/nio/fs/WindowsException'{0x0000000087bb8cf0}> (0x0000000087bb8cf0) 
thrown [s\open\src\hotspot\share\prims\jni.cpp, line 516]
Event: 2.731 Thread 0x000001b02d631690 Exception <a 'sun/nio/fs/WindowsException'{0x0000000087bb90d8}> (0x0000000087bb90d8) 
thrown [s\open\src\hotspot\share\prims\jni.cpp, line 516]
Event: 2.731 Thread 0x000001b02d631690 Exception <a 'sun/nio/fs/WindowsException'{0x0000000087bba768}> (0x0000000087bba768) 
thrown [s\open\src\hotspot\share\prims\jni.cpp, line 516]
Event: 2.731 Thread 0x000001b02d631690 Exception <a 'sun/nio/fs/WindowsException'{0x0000000087bbab48}> (0x0000000087bbab48) 
thrown [s\open\src\hotspot\share\prims\jni.cpp, line 516]
Event: 2.731 Thread 0x000001b02d631690 Exception <a 'sun/nio/fs/WindowsException'{0x0000000087bbc0d8}> (0x0000000087bbc0d8) 
thrown [s\open\src\hotspot\share\prims\jni.cpp, line 516]
Event: 2.731 Thread 0x000001b02d631690 Exception <a 'sun/nio/fs/WindowsException'{0x0000000087bbc548}> (0x0000000087bbc548) 
thrown [s\open\src\hotspot\share\prims\jni.cpp, line 516]
Event: 2.753 Thread 0x000001b02d631690 Exception <a 'sun/nio/fs/WindowsException'{0x00000000878f3660}> (0x00000000878f3660) 
thrown [s\open\src\hotspot\share\prims\jni.cpp, line 516]
Event: 2.753 Thread 0x000001b02d631690 Exception <a 'sun/nio/fs/WindowsException'{0x00000000878f3a00}> (0x00000000878f3a00) 
thrown [s\open\src\hotspot\share\prims\jni.cpp, line 516]
Event: 2.762 Thread 0x000001b02d631690 Exception <a 'sun/nio/fs/WindowsException'{0x0000000087334b40}> (0x0000000087334b40) 
thrown [s\open\src\hotspot\share\prims\jni.cpp, line 516]
Event: 2.762 Thread 0x000001b02d631690 Exception <a 'sun/nio/fs/WindowsException'{0x0000000087334f60}> (0x0000000087334f60) 
thrown [s\open\src\hotspot\share\prims\jni.cpp, line 516]

VM Operations (20 events):
Event: 2.327 Executing VM operation: HandshakeAllThreads done
Event: 2.465 Executing VM operation: G1CollectForAllocation
Event: 2.474 Executing VM operation: G1CollectForAllocation done
Event: 2.477 Executing VM operation: G1CollectForAllocation
Event: 2.482 Executing VM operation: G1CollectForAllocation done
Event: 2.531 Executing VM operation: HandshakeAllThreads
Event: 2.531 Executing VM operation: HandshakeAllThreads done
Event: 2.551 Executing VM operation: G1CollectForAllocation
Event: 2.554 Executing VM operation: G1CollectForAllocation done
Event: 2.571 Executing VM operation: HandshakeAllThreads
Event: 2.571 Executing VM operation: HandshakeAllThreads done
Event: 2.659 Executing VM operation: G1CollectForAllocation
Event: 2.666 Executing VM operation: G1CollectForAllocation done
Event: 2.690 Executing VM operation: HandshakeAllThreads
Event: 2.690 Executing VM operation: HandshakeAllThreads done
Event: 2.761 Executing VM operation: ICBufferFull
Event: 2.762 Executing VM operation: ICBufferFull done
Event: 2.763 Executing VM operation: G1CollectForAllocation
Event: 2.773 Executing VM operation: G1CollectForAllocation done
Event: 2.794 Executing VM operation: G1CollectForAllocation

Events (20 events):
Event: 2.451 loading class java/nio/file/FileTreeWalker$EventType
Event: 2.451 loading class java/nio/file/FileTreeWalker$EventType done
Event: 2.451 loading class java/nio/file/Files$3
Event: 2.451 loading class java/nio/file/Files$3 done
Event: 2.451 loading class java/nio/file/FileVisitResult
Event: 2.452 loading class java/nio/file/FileVisitResult done
Event: 2.487 loading class java/util/concurrent/locks/AbstractQueuedSynchronizer$Node
Event: 2.487 loading class java/util/concurrent/locks/AbstractQueuedSynchronizer$Node done
Event: 2.529 loading class java/nio/file/Files$2
Event: 2.529 loading class java/nio/file/Files$2 done
Event: 2.530 loading class java/util/ImmutableCollections$Access
Event: 2.530 loading class java/util/ImmutableCollections$Access done
Event: 2.530 loading class java/util/ImmutableCollections$Access$1
Event: 2.530 loading class jdk/internal/access/JavaUtilCollectionAccess
Event: 2.530 loading class jdk/internal/access/JavaUtilCollectionAccess done
Event: 2.530 loading class java/util/ImmutableCollections$Access$1 done
Event: 2.530 loading class java/util/stream/Nodes$SpinedNodeBuilder
Event: 2.530 loading class java/util/stream/Nodes$SpinedNodeBuilder done
Event: 2.571 loading class jdk/internal/jimage/ImageReader$LinkNode
Event: 2.571 loading class jdk/internal/jimage/ImageReader$LinkNode done


Dynamic libraries:
0x00007ff7f5b00000 - 0x00007ff7f5b10000 	C:\Program Files\Java\jdk-17\bin\java.exe
0x00007ff9db9b0000 - 0x00007ff9dbba8000 	C:\Windows\SYSTEM32\ntdll.dll
0x00007ff9da330000 - 0x00007ff9da3ef000 	C:\Windows\System32\KERNEL32.DLL
0x00007ff9d93b0000 - 0x00007ff9d9682000 	C:\Windows\System32\KERNELBASE.dll
0x00007ff9d9690000 - 0x00007ff9d9790000 	C:\Windows\System32\ucrtbase.dll
0x00007ff9be930000 - 0x00007ff9be94b000 	C:\Program Files\Java\jdk-17\bin\VCRUNTIME140.dll
0x00007ff9c0250000 - 0x00007ff9c0269000 	C:\Program Files\Java\jdk-17\bin\jli.dll
0x00007ff9da4c0000 - 0x00007ff9da56e000 	C:\Windows\System32\ADVAPI32.dll
0x00007ff9db8d0000 - 0x00007ff9db96e000 	C:\Windows\System32\msvcrt.dll
0x00007ff9d9a00000 - 0x00007ff9d9a9c000 	C:\Windows\System32\sechost.dll
0x00007ff9db040000 - 0x00007ff9db165000 	C:\Windows\System32\RPCRT4.dll
0x00007ff9db380000 - 0x00007ff9db51d000 	C:\Windows\System32\USER32.dll
0x00007ff9bf570000 - 0x00007ff9bf80a000 	C:\Windows\WinSxS\amd64_microsoft.windows.common-controls_6595b64144ccf1df_6.0.19041.1110_none_60b5254171f9507e\COMCTL32.dll
0x00007ff9d9380000 - 0x00007ff9d93a2000 	C:\Windows\System32\win32u.dll
0x00007ff9daee0000 - 0x00007ff9daf0b000 	C:\Windows\System32\GDI32.dll
0x00007ff9d98f0000 - 0x00007ff9d99ff000 	C:\Windows\System32\gdi32full.dll
0x00007ff9d90b0000 - 0x00007ff9d914d000 	C:\Windows\System32\msvcp_win.dll
0x00007ff9cc020000 - 0x00007ff9cc02a000 	C:\Windows\SYSTEM32\VERSION.dll
0x00007ff9da480000 - 0x00007ff9da4b2000 	C:\Windows\System32\IMM32.DLL
0x00007ff9cfe80000 - 0x00007ff9cfe8c000 	C:\Program Files\Java\jdk-17\bin\vcruntime140_1.dll
0x00007ff9c0160000 - 0x00007ff9c01ee000 	C:\Program Files\Java\jdk-17\bin\msvcp140.dll
0x00007ff986b50000 - 0x00007ff98772e000 	C:\Program Files\Java\jdk-17\bin\server\jvm.dll
0x00007ff9da570000 - 0x00007ff9da578000 	C:\Windows\System32\PSAPI.DLL
0x00007ff9c0b60000 - 0x00007ff9c0b87000 	C:\Windows\SYSTEM32\WINMM.dll
0x00007ff9a85e0000 - 0x00007ff9a85e9000 	C:\Windows\SYSTEM32\WSOCK32.dll
0x00007ff9daab0000 - 0x00007ff9dab1b000 	C:\Windows\System32\WS2_32.dll
0x00007ff9d7900000 - 0x00007ff9d7912000 	C:\Windows\SYSTEM32\kernel.appcore.dll
0x00007ff9cfdb0000 - 0x00007ff9cfdba000 	C:\Program Files\Java\jdk-17\bin\jimage.dll
0x00007ff9d6cb0000 - 0x00007ff9d6e94000 	C:\Windows\SYSTEM32\DBGHELP.DLL
0x00007ff9c21d0000 - 0x00007ff9c21fc000 	C:\Windows\SYSTEM32\dbgcore.DLL
0x00007ff9d9150000 - 0x00007ff9d91d2000 	C:\Windows\System32\bcryptPrimitives.dll
0x00007ff9ce9d0000 - 0x00007ff9ce9de000 	C:\Program Files\Java\jdk-17\bin\instrument.dll
0x00007ff9be850000 - 0x00007ff9be875000 	C:\Program Files\Java\jdk-17\bin\java.dll
0x00007ff9b84e0000 - 0x00007ff9b85b7000 	C:\Program Files\Java\jdk-17\bin\jsvml.dll
0x00007ff9d9aa0000 - 0x00007ff9da1e3000 	C:\Windows\System32\SHELL32.dll
0x00007ff9d6fa0000 - 0x00007ff9d7732000 	C:\Windows\SYSTEM32\windows.storage.dll
0x00007ff9dab20000 - 0x00007ff9dae74000 	C:\Windows\System32\combase.dll
0x00007ff9d8b10000 - 0x00007ff9d8b40000 	C:\Windows\SYSTEM32\Wldp.dll
0x00007ff9db820000 - 0x00007ff9db8cd000 	C:\Windows\System32\SHCORE.dll
0x00007ff9db680000 - 0x00007ff9db6d5000 	C:\Windows\System32\shlwapi.dll
0x00007ff9d8ff0000 - 0x00007ff9d900f000 	C:\Windows\SYSTEM32\profapi.dll
0x00007ff9c1f80000 - 0x00007ff9c1f98000 	C:\Program Files\Java\jdk-17\bin\zip.dll
0x00007ff9ce100000 - 0x00007ff9ce119000 	C:\Program Files\Java\jdk-17\bin\net.dll
0x00007ff9d01a0000 - 0x00007ff9d02ac000 	C:\Windows\SYSTEM32\WINHTTP.dll
0x00007ff9d8870000 - 0x00007ff9d88da000 	C:\Windows\system32\mswsock.dll
0x00007ff9cdb20000 - 0x00007ff9cdb36000 	C:\Program Files\Java\jdk-17\bin\nio.dll
0x00007ff9ce9b0000 - 0x00007ff9ce9ca000 	C:\Program Files\JetBrains\IntelliJ IDEA 2023.2.2\bin\breakgen64.dll
0x0000000069ac0000 - 0x0000000069ae4000 	C:\Program Files\KMSpico\temp\jansi-2.4.0-50092050347ea88-jansi.dll
0x00007ff9c0140000 - 0x00007ff9c0150000 	C:\Program Files\Java\jdk-17\bin\verify.dll

dbghelp: loaded successfully - version: 4.0.5 - missing functions: none
symbol engine: initialized successfully - sym options: 0x614 - pdb path: .;C:\Program Files\Java\jdk-17\bin;C:\Windows\SYSTEM32;C:\Windows\WinSxS\amd64_microsoft.windows.common-controls_6595b64144ccf1df_6.0.19041.1110_none_60b5254171f9507e;C:\Program Files\Java\jdk-17\bin\server;C:\Program Files\JetBrains\IntelliJ IDEA 2023.2.2\bin;C:\Program Files\KMSpico\temp

VM Arguments:
jvm_args: -Dmaven.multiModuleProjectDirectory=E:\poneglyphe-S-Hunters1\poneglyphe-S-Hunters1-GestionLivraison-Produit\GestionLivraison Final -Djansi.passthrough=true -Dmaven.home=C:\Program Files\JetBrains\IntelliJ IDEA 2023.2.2\plugins\maven\lib\maven3 -Dclassworlds.conf=C:\Program Files\JetBrains\IntelliJ IDEA 2023.2.2\plugins\maven\lib\maven3\bin\m2.conf -Dmaven.ext.class.path=C:\Program Files\JetBrains\IntelliJ IDEA 2023.2.2\plugins\maven\lib\maven-event-listener.jar -javaagent:C:\Program Files\JetBrains\IntelliJ IDEA 2023.2.2\lib\idea_rt.jar=54769:C:\Program Files\JetBrains\IntelliJ IDEA 2023.2.2\bin -Dfile.encoding=UTF-8 
java_command: org.codehaus.classworlds.Launcher -Didea.version=2023.2.2 org.openjfx:javafx-maven-plugin:0.0.8:run
java_class_path (initial): C:\Program Files\JetBrains\IntelliJ IDEA 2023.2.2\plugins\maven\lib\maven3\boot\plexus-classworlds-2.7.0.jar;C:\Program Files\JetBrains\IntelliJ IDEA 2023.2.2\plugins\maven\lib\maven3\boot\plexus-classworlds.license
Launcher Type: SUN_STANDARD

[Global flags]
     intx CICompilerCount                          = 4                                         {product} {ergonomic}
     uint ConcGCThreads                            = 2                                         {product} {ergonomic}
     uint G1ConcRefinementThreads                  = 8                                         {product} {ergonomic}
   size_t G1HeapRegionSize                         = 1048576                                   {product} {ergonomic}
    uintx GCDrainStackTargetSize                   = 64                                        {product} {ergonomic}
   size_t InitialHeapSize                          = 130023424                                 {product} {ergonomic}
   size_t MarkStackSize                            = 4194304                                   {product} {ergonomic}
   size_t MaxHeapSize                              = 2067791872                                {product} {ergonomic}
   size_t MaxNewSize                               = 1240465408                                {product} {ergonomic}
   size_t MinHeapDeltaBytes                        = 1048576                                   {product} {ergonomic}
   size_t MinHeapSize                              = 8388608                                   {product} {ergonomic}
    uintx NonNMethodCodeHeapSize                   = 5839372                                {pd product} {ergonomic}
    uintx NonProfiledCodeHeapSize                  = 122909434                              {pd product} {ergonomic}
    uintx ProfiledCodeHeapSize                     = 122909434                              {pd product} {ergonomic}
    uintx ReservedCodeCacheSize                    = 251658240                              {pd product} {ergonomic}
     bool SegmentedCodeCache                       = true                                      {product} {ergonomic}
   size_t SoftMaxHeapSize                          = 2067791872                             {manageable} {ergonomic}
     bool UseCompressedClassPointers               = true                           {product lp64_product} {ergonomic}
     bool UseCompressedOops                        = true                           {product lp64_product} {ergonomic}
     bool UseG1GC                                  = true                                      {product} {ergonomic}
     bool UseLargePagesIndividualAllocation        = false                                  {pd product} {ergonomic}

Logging:
Log output configuration:
 #0: stdout all=warning uptime,level,tags
 #1: stderr all=off uptime,level,tags

Environment Variables:
JAVA_HOME=C:\Program Files\Java\jdk-13.0.2
PATH=C:\oraclexe\app\oracle\product\11.2.0\server\bin;;C:\Program Files (x86)\VMware\VMware Workstation\bin\;C:\Program Files\Common Files\Oracle\Java\javapath;C:\oraclexe\app\oracle\product\11.2.0\server\bin;C:\oraclexe\app\oracle\product\11.2.0\server\bin;C:\Program Files (x86)\Common Files\Intel\Shared Libraries\redist\intel64\compiler;C:\Windows\system32;C:\Windows;C:\Windows\System32\Wbem;C:\Windows\System32\WindowsPowerShell\v1.0\;C:\Windows\System32\OpenSSH\;C:\Program Files (x86)\NVIDIA Corporation\PhysX\Common;C:\Program Files\NVIDIA Corporation\NVIDIA NvDLISR;C:\xampp\php;C:\ProgramData\ComposerSetup\bin;C:\Program Files\nodejs\;C:\oraclexe\app\oracle\product\11.2.0\server\bin;C:\instantclient12_12;C:\oraclexe\app\oracle\admin\XE;C:\oraclexe;C:\Strawberry\c\bin;C:\Strawberry\perl\site\bin;C:\Strawberry\perl\bin;C:\Program Files\Git\cmd;C:\Program Files\TortoiseGit\bin;C:\Users\USER\scoop\shims;C:\Users\USER\AppData\Local\Microsoft\WindowsApps;C:\Users\USER\AppData\Roaming\Composer\vendor\bin;C:\Users\USER\AppData\Local\Programs\Microsoft VS Code\bin;C:\Users\USER\AppData\Roaming\npm;C:\Program Files\JetBrains\IntelliJ IDEA 2023.2.2\bin;
USERNAME=USER
OS=Windows_NT
PROCESSOR_IDENTIFIER=Intel64 Family 6 Model 140 Stepping 1, GenuineIntel



---------------  S Y S T E M  ---------------

OS:
 Windows 10 , 64 bit Build 19041 (10.0.19041.2251)
OS uptime: 4 days 1:04 hours

CPU: total 8 (initial active 8) (4 cores per cpu, 2 threads per core) family 6 model 140 stepping 1 microcode 0x86, cx8, cmov, fxsr, ht, mmx, 3dnowpref, sse, sse2, sse3, ssse3, sse4.1, sse4.2, popcnt, lzcnt, tsc, tscinvbit, avx, avx2, aes, erms, clmul, bmi1, bmi2, adx, avx512f, avx512dq, avx512cd, avx512bw, avx512vl, sha, fma, vzeroupper, avx512_vpopcntdq, avx512_vpclmulqdq, avx512_vaes, avx512_vnni, clflush, clflushopt, clwb, avx512_vbmi2, avx512_vbmi

Memory: 4k page, system-wide physical 7881M (494M free)
TotalPageFile size 20415M (AvailPageFile size 42M)
current process WorkingSet (physical memory assigned to process): 191M, peak: 193M
current process commit charge ("private bytes"): 225M, peak: 279M

vm_info: Java HotSpot(TM) 64-Bit Server VM (17.0.8+9-LTS-211) for windows-amd64 JRE (17.0.8+9-LTS-211), built on Jun 14 2023 10:34:31 by "mach5one" with MS VC++ 17.1 (VS2022)

END.
