#
# There is insufficient memory for the Java Runtime Environment to continue.
# Native memory allocation (mmap) failed to map 65536 bytes for Failed to commit metaspace.
# Possible reasons:
#   The system is out of physical RAM or swap space
#   The process is running with CompressedOops enabled, and the Java Heap may be blocking the growth of the native heap
# Possible solutions:
#   Reduce memory load on the system
#   Increase physical memory or swap space
#   Check if swap backing store is full
#   Decrease Java heap size (-Xmx/-Xms)
#   Decrease number of Java threads
#   Decrease Java thread stack sizes (-Xss)
#   Set larger code cache with -XX:ReservedCodeCacheSize=
#   JVM is running with Unscaled Compressed Oops mode in which the Java heap is
#     placed in the first 4GB address space. The Java Heap base address is the
#     maximum limit for the native heap growth. Please use -XX:HeapBaseMinAddress
#     to set the Java Heap base and to place the Java Heap above 4GB virtual address.
# This output file may be truncated or incomplete.
#
#  Out of Memory Error (virtualSpaceNode.cpp:110), pid=3376, tid=14088
#
# JRE version: Java(TM) SE Runtime Environment (17.0.8+9) (build 17.0.8+9-LTS-211)
# Java VM: Java HotSpot(TM) 64-Bit Server VM (17.0.8+9-LTS-211, mixed mode, sharing, tiered, compressed oops, compressed class ptrs, g1 gc, windows-amd64)
# No core dump will be written. Minidumps are not enabled by default on client versions of Windows
#

---------------  S U M M A R Y ------------

Command Line: --module-path=E:\\poneglyphe-S-Hunters1\\poneglyphe-S-Hunters1-GestionLivraison-Produit\\GestionLivraison Final\\target\\classes;C:\\Users\\USER\\.m2\\repository\\com\\google\\zxing\\core\\3.4.1\\core-3.4.1.jar;C:\\Users\\USER\\.m2\\repository\\com\\google\\zxing\\javase\\3.4.1\\javase-3.4.1.jar;C:\\Users\\USER\\.m2\\repository\\com\\stripe\\stripe-java\\24.17.0\\stripe-java-24.17.0.jar;C:\\Users\\USER\\.m2\\repository\\org\\apache\\pdfbox\\pdfbox\\2.0.24\\pdfbox-2.0.24.jar;C:\\Users\\USER\\.m2\\repository\\org\\controlsfx\\controlsfx\\11.1.0\\controlsfx-11.1.0.jar;C:\\Users\\USER\\.m2\\repository\\org\\openjfx\\javafx-base\\20.0.1\\javafx-base-20.0.1-win.jar;C:\\Users\\USER\\.m2\\repository\\org\\openjfx\\javafx-controls\\20.0.1\\javafx-controls-20.0.1-win.jar;C:\\Users\\USER\\.m2\\repository\\org\\openjfx\\javafx-fxml\\20.0.1\\javafx-fxml-20.0.1-win.jar;C:\\Users\\USER\\.m2\\repository\\org\\openjfx\\javafx-graphics\\20.0.1\\javafx-graphics-20.0.1-win.jar --add-modules=eh.gestionlivraison -Djdk.module.main=eh.gestionlivraison eh.gestionlivraison/eh.gestionlivraison.test.MainFx

Host: 11th Gen Intel(R) Core(TM) i7-1165G7 @ 2.80GHz, 8 cores, 7G,  Windows 10 , 64 bit Build 19041 (10.0.19041.2251)
Time: Thu Mar  7 16:22:10 2024 Paris, Madrid elapsed time: 0.454977 seconds (0d 0h 0m 0s)

---------------  T H R E A D  ---------------

Current thread (0x00000144687e0fb0):  JavaThread "JavaFX Application Thread" [_thread_in_vm, id=14088, stack(0x000000089c800000,0x000000089c900000)]

Stack: [0x000000089c800000,0x000000089c900000]
Native frames: (J=compiled Java code, j=interpreted, Vv=VM code, C=native code)
V  [jvm.dll+0x677d0a]
V  [jvm.dll+0x7d8c54]
V  [jvm.dll+0x7da3fe]
V  [jvm.dll+0x7daa63]
V  [jvm.dll+0x245c5f]
V  [jvm.dll+0x7d4d5b]
V  [jvm.dll+0x61dcf6]
V  [jvm.dll+0x1c0127]
V  [jvm.dll+0x620650]
V  [jvm.dll+0x61e6b6]
V  [jvm.dll+0x23a29f]
V  [jvm.dll+0x628445]
V  [jvm.dll+0x1e9bdd]
V  [jvm.dll+0x1ea1a5]
V  [jvm.dll+0x1eaaeb]
V  [jvm.dll+0x1e02f1]
V  [jvm.dll+0x53ddbc]
V  [jvm.dll+0x753768]
V  [jvm.dll+0x753854]
V  [jvm.dll+0x40ba4f]
V  [jvm.dll+0x411a69]
C  [java.dll+0x17ec]

Java frames: (J=compiled Java code, j=interpreted, Vv=VM code)
j  java.lang.ClassLoader.defineClass1(Ljava/lang/ClassLoader;Ljava/lang/String;[BIILjava/security/ProtectionDomain;Ljava/lang/String;)Ljava/lang/Class;+0 java.base@17.0.8
j  java.lang.ClassLoader.defineClass(Ljava/lang/String;[BIILjava/security/ProtectionDomain;)Ljava/lang/Class;+27 java.base@17.0.8
j  java.lang.ClassLoader.defineClass(Ljava/lang/String;Ljava/nio/ByteBuffer;Ljava/security/ProtectionDomain;)Ljava/lang/Class;+38 java.base@17.0.8
j  java.security.SecureClassLoader.defineClass(Ljava/lang/String;Ljava/nio/ByteBuffer;Ljava/security/CodeSource;)Ljava/lang/Class;+8 java.base@17.0.8
j  jdk.internal.loader.BuiltinClassLoader.defineClass(Ljava/lang/String;Ljdk/internal/loader/BuiltinClassLoader$LoadedModule;)Ljava/lang/Class;+127 java.base@17.0.8
j  jdk.internal.loader.BuiltinClassLoader.findClassInModuleOrNull(Ljdk/internal/loader/BuiltinClassLoader$LoadedModule;Ljava/lang/String;)Ljava/lang/Class;+9 java.base@17.0.8
j  jdk.internal.loader.BuiltinClassLoader.loadClassOrNull(Ljava/lang/String;Z)Ljava/lang/Class;+55 java.base@17.0.8
J 863 c1 jdk.internal.loader.ClassLoaders$AppClassLoader.loadClass(Ljava/lang/String;Z)Ljava/lang/Class; java.base@17.0.8 (40 bytes) @ 0x000001440be11384 [0x000001440be10d60+0x0000000000000624]
J 862 c1 java.lang.ClassLoader.loadClass(Ljava/lang/String;)Ljava/lang/Class; java.base@17.0.8 (7 bytes) @ 0x000001440be109cc [0x000001440be108c0+0x000000000000010c]
v  ~StubRoutines::call_stub
j  com.sun.javafx.application.LauncherImpl.lambda$launchApplication1$9(Ljava/util/concurrent/atomic/AtomicBoolean;Ljavafx/application/Application;)V+5 javafx.graphics@20.0.1
j  com.sun.javafx.application.LauncherImpl$$Lambda$126+0x000001442403eab0.run()V+8 javafx.graphics@20.0.1
j  com.sun.javafx.application.PlatformImpl.lambda$runAndWait$12(Ljava/lang/Runnable;Ljava/util/concurrent/CountDownLatch;)V+1 javafx.graphics@20.0.1
j  com.sun.javafx.application.PlatformImpl$$Lambda$107+0x0000014424039fc8.run()V+8 javafx.graphics@20.0.1
j  com.sun.javafx.application.PlatformImpl.lambda$runLater$10(Ljava/lang/Runnable;)Ljava/lang/Void;+1 javafx.graphics@20.0.1
j  com.sun.javafx.application.PlatformImpl$$Lambda$109+0x000001442403b438.run()Ljava/lang/Object;+4 javafx.graphics@20.0.1
j  java.security.AccessController.executePrivileged(Ljava/security/PrivilegedAction;Ljava/security/AccessControlContext;Ljava/lang/Class;)Ljava/lang/Object;+29 java.base@17.0.8
j  java.security.AccessController.doPrivileged(Ljava/security/PrivilegedAction;Ljava/security/AccessControlContext;)Ljava/lang/Object;+13 java.base@17.0.8
j  com.sun.javafx.application.PlatformImpl.lambda$runLater$11(Ljava/lang/Runnable;Ljava/security/AccessControlContext;)V+7 javafx.graphics@20.0.1
j  com.sun.javafx.application.PlatformImpl$$Lambda$108+0x000001442403a3e8.run()V+8 javafx.graphics@20.0.1
j  com.sun.glass.ui.InvokeLaterDispatcher$Future.run()V+4 javafx.graphics@20.0.1
v  ~StubRoutines::call_stub
j  com.sun.glass.ui.win.WinApplication._runLoop(Ljava/lang/Runnable;)V+0 javafx.graphics@20.0.1
j  com.sun.glass.ui.win.WinApplication.lambda$runLoop$3(ILjava/lang/Runnable;)V+8 javafx.graphics@20.0.1
j  com.sun.glass.ui.win.WinApplication$$Lambda$97+0x000001442402d438.run()V+12 javafx.graphics@20.0.1
j  java.lang.Thread.run()V+11 java.base@17.0.8
v  ~StubRoutines::call_stub

---------------  P R O C E S S  ---------------

Threads class SMR info:
_java_thread_list=0x00000144687b7cc0, length=17, elements={
0x0000014402c11e50, 0x0000014422ae51e0, 0x0000014422ae5b90, 0x0000014422afc8e0,
0x0000014422afd1a0, 0x0000014422affb60, 0x0000014422b00510, 0x0000014422b012a0,
0x0000014422b04150, 0x0000014422b08040, 0x0000014468057ec0, 0x00000144682340c0,
0x000001446857db20, 0x00000144687dff30, 0x00000144687e0fb0, 0x00000144688284e0,
0x00000144687e1850
}

Java Threads: ( => current thread )
  0x0000014402c11e50 JavaThread "main" [_thread_blocked, id=21180, stack(0x000000089b300000,0x000000089b400000)]
  0x0000014422ae51e0 JavaThread "Reference Handler" daemon [_thread_blocked, id=12884, stack(0x000000089ba00000,0x000000089bb00000)]
  0x0000014422ae5b90 JavaThread "Finalizer" daemon [_thread_blocked, id=13688, stack(0x000000089bb00000,0x000000089bc00000)]
  0x0000014422afc8e0 JavaThread "Signal Dispatcher" daemon [_thread_blocked, id=11524, stack(0x000000089bc00000,0x000000089bd00000)]
  0x0000014422afd1a0 JavaThread "Attach Listener" daemon [_thread_blocked, id=20292, stack(0x000000089bd00000,0x000000089be00000)]
  0x0000014422affb60 JavaThread "Service Thread" daemon [_thread_blocked, id=20060, stack(0x000000089be00000,0x000000089bf00000)]
  0x0000014422b00510 JavaThread "Monitor Deflation Thread" daemon [_thread_blocked, id=15464, stack(0x000000089bf00000,0x000000089c000000)]
  0x0000014422b012a0 JavaThread "C2 CompilerThread0" daemon [_thread_blocked, id=18300, stack(0x000000089c000000,0x000000089c100000)]
  0x0000014422b04150 JavaThread "C1 CompilerThread0" daemon [_thread_blocked, id=16968, stack(0x000000089c100000,0x000000089c200000)]
  0x0000014422b08040 JavaThread "Sweeper thread" daemon [_thread_blocked, id=20408, stack(0x000000089c200000,0x000000089c300000)]
  0x0000014468057ec0 JavaThread "Common-Cleaner" daemon [_thread_blocked, id=5548, stack(0x000000089c300000,0x000000089c400000)]
  0x00000144682340c0 JavaThread "Notification Thread" daemon [_thread_blocked, id=13704, stack(0x000000089c400000,0x000000089c500000)]
  0x000001446857db20 JavaThread "QuantumRenderer-0" daemon [_thread_blocked, id=15960, stack(0x000000089c600000,0x000000089c700000)]
  0x00000144687dff30 JavaThread "InvokeLaterDispatcher" daemon [_thread_blocked, id=13360, stack(0x000000089c700000,0x000000089c800000)]
=>0x00000144687e0fb0 JavaThread "JavaFX Application Thread" [_thread_in_vm, id=14088, stack(0x000000089c800000,0x000000089c900000)]
  0x00000144688284e0 JavaThread "JavaFX-Launcher" [_thread_blocked, id=18852, stack(0x000000089ce00000,0x000000089cf00000)]
  0x00000144687e1850 JavaThread "Thread-2" daemon [_thread_in_native, id=19748, stack(0x000000089cd00000,0x000000089ce00000)]

Other Threads:
  0x0000014422adf790 VMThread "VM Thread" [stack: 0x000000089b900000,0x000000089ba00000] [id=5568]
  0x000001446814bca0 WatcherThread [stack: 0x000000089c500000,0x000000089c600000] [id=6076]
  0x0000014402c6c100 GCTaskThread "GC Thread#0" [stack: 0x000000089b400000,0x000000089b500000] [id=6512]
  0x0000014468803da0 GCTaskThread "GC Thread#1" [stack: 0x000000089c900000,0x000000089ca00000] [id=19728]
  0x00000144687fbd90 GCTaskThread "GC Thread#2" [stack: 0x000000089ca00000,0x000000089cb00000] [id=17820]
  0x00000144687fc040 GCTaskThread "GC Thread#3" [stack: 0x000000089cb00000,0x000000089cc00000] [id=20556]
  0x000001446883fcc0 GCTaskThread "GC Thread#4" [stack: 0x000000089cc00000,0x000000089cd00000] [id=3812]
  0x0000014402c7d6d0 ConcurrentGCThread "G1 Main Marker" [stack: 0x000000089b500000,0x000000089b600000] [id=17700]
  0x0000014402c7e880 ConcurrentGCThread "G1 Conc#0" [stack: 0x000000089b600000,0x000000089b700000] [id=14620]
  0x0000014402ce5c70 ConcurrentGCThread "G1 Refine#0" [stack: 0x000000089b700000,0x000000089b800000] [id=18376]
  0x0000014402ce6690 ConcurrentGCThread "G1 Service" [stack: 0x000000089b800000,0x000000089b900000] [id=2348]

Threads with active compile tasks:

VM state: not at safepoint (normal execution)

VM Mutex/Monitor currently owned by a thread:  ([mutex/lock_event])
[0x0000014402c0b9d0] Metaspace_lock - owner thread: 0x00000144687e0fb0

Heap address: 0x0000000084c00000, size: 1972 MB, Compressed Oops mode: 32-bit

CDS archive(s) mapped at: [0x0000014423000000-0x0000014423bd0000-0x0000014423bd0000), size 12386304, SharedBaseAddress: 0x0000014423000000, ArchiveRelocationMode: 1.
Compressed class space mapped at: 0x0000014424000000-0x0000014464000000, reserved size: 1073741824
Narrow klass base: 0x0000014423000000, Narrow klass shift: 0, Narrow klass range: 0x100000000

GC Precious Log:
 CPUs: 8 total, 8 available
 Memory: 7881M
 Large Page Support: Disabled
 NUMA Support: Disabled
 Compressed Oops: Enabled (32-bit)
 Heap Region Size: 1M
 Heap Min Capacity: 8M
 Heap Initial Capacity: 124M
 Heap Max Capacity: 1972M
 Pre-touch: Disabled
 Parallel Workers: 8
 Concurrent Workers: 2
 Concurrent Refinement Workers: 8
 Periodic GC: Disabled

Heap:
 garbage-first heap   total 126976K, used 4288K [0x0000000084c00000, 0x0000000100000000)
  region size 1024K, 6 young (6144K), 3 survivors (3072K)
 Metaspace       used 3805K, committed 3968K, reserved 1114112K
  class space    used 437K, committed 512K, reserved 1048576K

Heap Regions: E=young(eden), S=young(survivor), O=old, HS=humongous(starts), HC=humongous(continues), CS=collection set, F=free, OA=open archive, CA=closed archive, TAMS=top-at-mark-start (previous, next)
|   0|0x0000000084c00000, 0x0000000084c00000, 0x0000000084d00000|  0%| F|  |TAMS 0x0000000084c00000, 0x0000000084c00000| Untracked 
|   1|0x0000000084d00000, 0x0000000084d00000, 0x0000000084e00000|  0%| F|  |TAMS 0x0000000084d00000, 0x0000000084d00000| Untracked 
|   2|0x0000000084e00000, 0x0000000084e00000, 0x0000000084f00000|  0%| F|  |TAMS 0x0000000084e00000, 0x0000000084e00000| Untracked 
|   3|0x0000000084f00000, 0x0000000084f00000, 0x0000000085000000|  0%| F|  |TAMS 0x0000000084f00000, 0x0000000084f00000| Untracked 
|   4|0x0000000085000000, 0x0000000085000000, 0x0000000085100000|  0%| F|  |TAMS 0x0000000085000000, 0x0000000085000000| Untracked 
|   5|0x0000000085100000, 0x0000000085100000, 0x0000000085200000|  0%| F|  |TAMS 0x0000000085100000, 0x0000000085100000| Untracked 
|   6|0x0000000085200000, 0x0000000085200000, 0x0000000085300000|  0%| F|  |TAMS 0x0000000085200000, 0x0000000085200000| Untracked 
|   7|0x0000000085300000, 0x0000000085300000, 0x0000000085400000|  0%| F|  |TAMS 0x0000000085300000, 0x0000000085300000| Untracked 
|   8|0x0000000085400000, 0x0000000085400000, 0x0000000085500000|  0%| F|  |TAMS 0x0000000085400000, 0x0000000085400000| Untracked 
|   9|0x0000000085500000, 0x0000000085500000, 0x0000000085600000|  0%| F|  |TAMS 0x0000000085500000, 0x0000000085500000| Untracked 
|  10|0x0000000085600000, 0x0000000085600000, 0x0000000085700000|  0%| F|  |TAMS 0x0000000085600000, 0x0000000085600000| Untracked 
|  11|0x0000000085700000, 0x0000000085700000, 0x0000000085800000|  0%| F|  |TAMS 0x0000000085700000, 0x0000000085700000| Untracked 
|  12|0x0000000085800000, 0x0000000085800000, 0x0000000085900000|  0%| F|  |TAMS 0x0000000085800000, 0x0000000085800000| Untracked 
|  13|0x0000000085900000, 0x0000000085900000, 0x0000000085a00000|  0%| F|  |TAMS 0x0000000085900000, 0x0000000085900000| Untracked 
|  14|0x0000000085a00000, 0x0000000085a00000, 0x0000000085b00000|  0%| F|  |TAMS 0x0000000085a00000, 0x0000000085a00000| Untracked 
|  15|0x0000000085b00000, 0x0000000085b00000, 0x0000000085c00000|  0%| F|  |TAMS 0x0000000085b00000, 0x0000000085b00000| Untracked 
|  16|0x0000000085c00000, 0x0000000085c00000, 0x0000000085d00000|  0%| F|  |TAMS 0x0000000085c00000, 0x0000000085c00000| Untracked 
|  17|0x0000000085d00000, 0x0000000085d00000, 0x0000000085e00000|  0%| F|  |TAMS 0x0000000085d00000, 0x0000000085d00000| Untracked 
|  18|0x0000000085e00000, 0x0000000085e00000, 0x0000000085f00000|  0%| F|  |TAMS 0x0000000085e00000, 0x0000000085e00000| Untracked 
|  19|0x0000000085f00000, 0x0000000085f00000, 0x0000000086000000|  0%| F|  |TAMS 0x0000000085f00000, 0x0000000085f00000| Untracked 
|  20|0x0000000086000000, 0x0000000086000000, 0x0000000086100000|  0%| F|  |TAMS 0x0000000086000000, 0x0000000086000000| Untracked 
|  21|0x0000000086100000, 0x0000000086100000, 0x0000000086200000|  0%| F|  |TAMS 0x0000000086100000, 0x0000000086100000| Untracked 
|  22|0x0000000086200000, 0x0000000086200000, 0x0000000086300000|  0%| F|  |TAMS 0x0000000086200000, 0x0000000086200000| Untracked 
|  23|0x0000000086300000, 0x0000000086300000, 0x0000000086400000|  0%| F|  |TAMS 0x0000000086300000, 0x0000000086300000| Untracked 
|  24|0x0000000086400000, 0x0000000086400000, 0x0000000086500000|  0%| F|  |TAMS 0x0000000086400000, 0x0000000086400000| Untracked 
|  25|0x0000000086500000, 0x0000000086500000, 0x0000000086600000|  0%| F|  |TAMS 0x0000000086500000, 0x0000000086500000| Untracked 
|  26|0x0000000086600000, 0x0000000086600000, 0x0000000086700000|  0%| F|  |TAMS 0x0000000086600000, 0x0000000086600000| Untracked 
|  27|0x0000000086700000, 0x0000000086700000, 0x0000000086800000|  0%| F|  |TAMS 0x0000000086700000, 0x0000000086700000| Untracked 
|  28|0x0000000086800000, 0x0000000086800000, 0x0000000086900000|  0%| F|  |TAMS 0x0000000086800000, 0x0000000086800000| Untracked 
|  29|0x0000000086900000, 0x0000000086900000, 0x0000000086a00000|  0%| F|  |TAMS 0x0000000086900000, 0x0000000086900000| Untracked 
|  30|0x0000000086a00000, 0x0000000086a00000, 0x0000000086b00000|  0%| F|  |TAMS 0x0000000086a00000, 0x0000000086a00000| Untracked 
|  31|0x0000000086b00000, 0x0000000086b00000, 0x0000000086c00000|  0%| F|  |TAMS 0x0000000086b00000, 0x0000000086b00000| Untracked 
|  32|0x0000000086c00000, 0x0000000086c00000, 0x0000000086d00000|  0%| F|  |TAMS 0x0000000086c00000, 0x0000000086c00000| Untracked 
|  33|0x0000000086d00000, 0x0000000086d00000, 0x0000000086e00000|  0%| F|  |TAMS 0x0000000086d00000, 0x0000000086d00000| Untracked 
|  34|0x0000000086e00000, 0x0000000086e00000, 0x0000000086f00000|  0%| F|  |TAMS 0x0000000086e00000, 0x0000000086e00000| Untracked 
|  35|0x0000000086f00000, 0x0000000086f00000, 0x0000000087000000|  0%| F|  |TAMS 0x0000000086f00000, 0x0000000086f00000| Untracked 
|  36|0x0000000087000000, 0x0000000087000000, 0x0000000087100000|  0%| F|  |TAMS 0x0000000087000000, 0x0000000087000000| Untracked 
|  37|0x0000000087100000, 0x0000000087100000, 0x0000000087200000|  0%| F|  |TAMS 0x0000000087100000, 0x0000000087100000| Untracked 
|  38|0x0000000087200000, 0x0000000087200000, 0x0000000087300000|  0%| F|  |TAMS 0x0000000087200000, 0x0000000087200000| Untracked 
|  39|0x0000000087300000, 0x0000000087300000, 0x0000000087400000|  0%| F|  |TAMS 0x0000000087300000, 0x0000000087300000| Untracked 
|  40|0x0000000087400000, 0x0000000087400000, 0x0000000087500000|  0%| F|  |TAMS 0x0000000087400000, 0x0000000087400000| Untracked 
|  41|0x0000000087500000, 0x0000000087500000, 0x0000000087600000|  0%| F|  |TAMS 0x0000000087500000, 0x0000000087500000| Untracked 
|  42|0x0000000087600000, 0x0000000087600000, 0x0000000087700000|  0%| F|  |TAMS 0x0000000087600000, 0x0000000087600000| Untracked 
|  43|0x0000000087700000, 0x0000000087700000, 0x0000000087800000|  0%| F|  |TAMS 0x0000000087700000, 0x0000000087700000| Untracked 
|  44|0x0000000087800000, 0x0000000087800000, 0x0000000087900000|  0%| F|  |TAMS 0x0000000087800000, 0x0000000087800000| Untracked 
|  45|0x0000000087900000, 0x0000000087900000, 0x0000000087a00000|  0%| F|  |TAMS 0x0000000087900000, 0x0000000087900000| Untracked 
|  46|0x0000000087a00000, 0x0000000087a00000, 0x0000000087b00000|  0%| F|  |TAMS 0x0000000087a00000, 0x0000000087a00000| Untracked 
|  47|0x0000000087b00000, 0x0000000087b00000, 0x0000000087c00000|  0%| F|  |TAMS 0x0000000087b00000, 0x0000000087b00000| Untracked 
|  48|0x0000000087c00000, 0x0000000087c00000, 0x0000000087d00000|  0%| F|  |TAMS 0x0000000087c00000, 0x0000000087c00000| Untracked 
|  49|0x0000000087d00000, 0x0000000087d00000, 0x0000000087e00000|  0%| F|  |TAMS 0x0000000087d00000, 0x0000000087d00000| Untracked 
|  50|0x0000000087e00000, 0x0000000087e00000, 0x0000000087f00000|  0%| F|  |TAMS 0x0000000087e00000, 0x0000000087e00000| Untracked 
|  51|0x0000000087f00000, 0x0000000087f00000, 0x0000000088000000|  0%| F|  |TAMS 0x0000000087f00000, 0x0000000087f00000| Untracked 
|  52|0x0000000088000000, 0x0000000088000000, 0x0000000088100000|  0%| F|  |TAMS 0x0000000088000000, 0x0000000088000000| Untracked 
|  53|0x0000000088100000, 0x0000000088100000, 0x0000000088200000|  0%| F|  |TAMS 0x0000000088100000, 0x0000000088100000| Untracked 
|  54|0x0000000088200000, 0x0000000088200000, 0x0000000088300000|  0%| F|  |TAMS 0x0000000088200000, 0x0000000088200000| Untracked 
|  55|0x0000000088300000, 0x0000000088300000, 0x0000000088400000|  0%| F|  |TAMS 0x0000000088300000, 0x0000000088300000| Untracked 
|  56|0x0000000088400000, 0x0000000088400000, 0x0000000088500000|  0%| F|  |TAMS 0x0000000088400000, 0x0000000088400000| Untracked 
|  57|0x0000000088500000, 0x0000000088500000, 0x0000000088600000|  0%| F|  |TAMS 0x0000000088500000, 0x0000000088500000| Untracked 
|  58|0x0000000088600000, 0x0000000088600000, 0x0000000088700000|  0%| F|  |TAMS 0x0000000088600000, 0x0000000088600000| Untracked 
|  59|0x0000000088700000, 0x0000000088700000, 0x0000000088800000|  0%| F|  |TAMS 0x0000000088700000, 0x0000000088700000| Untracked 
|  60|0x0000000088800000, 0x0000000088800000, 0x0000000088900000|  0%| F|  |TAMS 0x0000000088800000, 0x0000000088800000| Untracked 
|  61|0x0000000088900000, 0x0000000088900000, 0x0000000088a00000|  0%| F|  |TAMS 0x0000000088900000, 0x0000000088900000| Untracked 
|  62|0x0000000088a00000, 0x0000000088a00000, 0x0000000088b00000|  0%| F|  |TAMS 0x0000000088a00000, 0x0000000088a00000| Untracked 
|  63|0x0000000088b00000, 0x0000000088b00000, 0x0000000088c00000|  0%| F|  |TAMS 0x0000000088b00000, 0x0000000088b00000| Untracked 
|  64|0x0000000088c00000, 0x0000000088c00000, 0x0000000088d00000|  0%| F|  |TAMS 0x0000000088c00000, 0x0000000088c00000| Untracked 
|  65|0x0000000088d00000, 0x0000000088d00000, 0x0000000088e00000|  0%| F|  |TAMS 0x0000000088d00000, 0x0000000088d00000| Untracked 
|  66|0x0000000088e00000, 0x0000000088e00000, 0x0000000088f00000|  0%| F|  |TAMS 0x0000000088e00000, 0x0000000088e00000| Untracked 
|  67|0x0000000088f00000, 0x0000000088f00000, 0x0000000089000000|  0%| F|  |TAMS 0x0000000088f00000, 0x0000000088f00000| Untracked 
|  68|0x0000000089000000, 0x0000000089000000, 0x0000000089100000|  0%| F|  |TAMS 0x0000000089000000, 0x0000000089000000| Untracked 
|  69|0x0000000089100000, 0x0000000089100000, 0x0000000089200000|  0%| F|  |TAMS 0x0000000089100000, 0x0000000089100000| Untracked 
|  70|0x0000000089200000, 0x0000000089200000, 0x0000000089300000|  0%| F|  |TAMS 0x0000000089200000, 0x0000000089200000| Untracked 
|  71|0x0000000089300000, 0x0000000089300000, 0x0000000089400000|  0%| F|  |TAMS 0x0000000089300000, 0x0000000089300000| Untracked 
|  72|0x0000000089400000, 0x0000000089400000, 0x0000000089500000|  0%| F|  |TAMS 0x0000000089400000, 0x0000000089400000| Untracked 
|  73|0x0000000089500000, 0x0000000089500000, 0x0000000089600000|  0%| F|  |TAMS 0x0000000089500000, 0x0000000089500000| Untracked 
|  74|0x0000000089600000, 0x0000000089600000, 0x0000000089700000|  0%| F|  |TAMS 0x0000000089600000, 0x0000000089600000| Untracked 
|  75|0x0000000089700000, 0x0000000089700000, 0x0000000089800000|  0%| F|  |TAMS 0x0000000089700000, 0x0000000089700000| Untracked 
|  76|0x0000000089800000, 0x0000000089800000, 0x0000000089900000|  0%| F|  |TAMS 0x0000000089800000, 0x0000000089800000| Untracked 
|  77|0x0000000089900000, 0x0000000089900000, 0x0000000089a00000|  0%| F|  |TAMS 0x0000000089900000, 0x0000000089900000| Untracked 
|  78|0x0000000089a00000, 0x0000000089a00000, 0x0000000089b00000|  0%| F|  |TAMS 0x0000000089a00000, 0x0000000089a00000| Untracked 
|  79|0x0000000089b00000, 0x0000000089b00000, 0x0000000089c00000|  0%| F|  |TAMS 0x0000000089b00000, 0x0000000089b00000| Untracked 
|  80|0x0000000089c00000, 0x0000000089c00000, 0x0000000089d00000|  0%| F|  |TAMS 0x0000000089c00000, 0x0000000089c00000| Untracked 
|  81|0x0000000089d00000, 0x0000000089d00000, 0x0000000089e00000|  0%| F|  |TAMS 0x0000000089d00000, 0x0000000089d00000| Untracked 
|  82|0x0000000089e00000, 0x0000000089e00000, 0x0000000089f00000|  0%| F|  |TAMS 0x0000000089e00000, 0x0000000089e00000| Untracked 
|  83|0x0000000089f00000, 0x0000000089f00000, 0x000000008a000000|  0%| F|  |TAMS 0x0000000089f00000, 0x0000000089f00000| Untracked 
|  84|0x000000008a000000, 0x000000008a000000, 0x000000008a100000|  0%| F|  |TAMS 0x000000008a000000, 0x000000008a000000| Untracked 
|  85|0x000000008a100000, 0x000000008a100000, 0x000000008a200000|  0%| F|  |TAMS 0x000000008a100000, 0x000000008a100000| Untracked 
|  86|0x000000008a200000, 0x000000008a200000, 0x000000008a300000|  0%| F|  |TAMS 0x000000008a200000, 0x000000008a200000| Untracked 
|  87|0x000000008a300000, 0x000000008a300000, 0x000000008a400000|  0%| F|  |TAMS 0x000000008a300000, 0x000000008a300000| Untracked 
|  88|0x000000008a400000, 0x000000008a400000, 0x000000008a500000|  0%| F|  |TAMS 0x000000008a400000, 0x000000008a400000| Untracked 
|  89|0x000000008a500000, 0x000000008a500000, 0x000000008a600000|  0%| F|  |TAMS 0x000000008a500000, 0x000000008a500000| Untracked 
|  90|0x000000008a600000, 0x000000008a600000, 0x000000008a700000|  0%| F|  |TAMS 0x000000008a600000, 0x000000008a600000| Untracked 
|  91|0x000000008a700000, 0x000000008a700000, 0x000000008a800000|  0%| F|  |TAMS 0x000000008a700000, 0x000000008a700000| Untracked 
|  92|0x000000008a800000, 0x000000008a800000, 0x000000008a900000|  0%| F|  |TAMS 0x000000008a800000, 0x000000008a800000| Untracked 
|  93|0x000000008a900000, 0x000000008a900000, 0x000000008aa00000|  0%| F|  |TAMS 0x000000008a900000, 0x000000008a900000| Untracked 
|  94|0x000000008aa00000, 0x000000008aa00000, 0x000000008ab00000|  0%| F|  |TAMS 0x000000008aa00000, 0x000000008aa00000| Untracked 
|  95|0x000000008ab00000, 0x000000008ab00000, 0x000000008ac00000|  0%| F|  |TAMS 0x000000008ab00000, 0x000000008ab00000| Untracked 
|  96|0x000000008ac00000, 0x000000008ac00000, 0x000000008ad00000|  0%| F|  |TAMS 0x000000008ac00000, 0x000000008ac00000| Untracked 
|  97|0x000000008ad00000, 0x000000008ad00000, 0x000000008ae00000|  0%| F|  |TAMS 0x000000008ad00000, 0x000000008ad00000| Untracked 
|  98|0x000000008ae00000, 0x000000008ae30000, 0x000000008af00000| 18%| S|CS|TAMS 0x000000008ae00000, 0x000000008ae00000| Complete 
|  99|0x000000008af00000, 0x000000008b000000, 0x000000008b000000|100%| S|CS|TAMS 0x000000008af00000, 0x000000008af00000| Complete 
| 100|0x000000008b000000, 0x000000008b100000, 0x000000008b100000|100%| S|CS|TAMS 0x000000008b000000, 0x000000008b000000| Complete 
| 101|0x000000008b100000, 0x000000008b100000, 0x000000008b200000|  0%| F|  |TAMS 0x000000008b100000, 0x000000008b100000| Untracked 
| 102|0x000000008b200000, 0x000000008b200000, 0x000000008b300000|  0%| F|  |TAMS 0x000000008b200000, 0x000000008b200000| Untracked 
| 103|0x000000008b300000, 0x000000008b300000, 0x000000008b400000|  0%| F|  |TAMS 0x000000008b300000, 0x000000008b300000| Untracked 
| 104|0x000000008b400000, 0x000000008b400000, 0x000000008b500000|  0%| F|  |TAMS 0x000000008b400000, 0x000000008b400000| Untracked 
| 105|0x000000008b500000, 0x000000008b500000, 0x000000008b600000|  0%| F|  |TAMS 0x000000008b500000, 0x000000008b500000| Untracked 
| 106|0x000000008b600000, 0x000000008b600000, 0x000000008b700000|  0%| F|  |TAMS 0x000000008b600000, 0x000000008b600000| Untracked 
| 107|0x000000008b700000, 0x000000008b700000, 0x000000008b800000|  0%| F|  |TAMS 0x000000008b700000, 0x000000008b700000| Untracked 
| 108|0x000000008b800000, 0x000000008b800000, 0x000000008b900000|  0%| F|  |TAMS 0x000000008b800000, 0x000000008b800000| Untracked 
| 109|0x000000008b900000, 0x000000008b900000, 0x000000008ba00000|  0%| F|  |TAMS 0x000000008b900000, 0x000000008b900000| Untracked 
| 110|0x000000008ba00000, 0x000000008ba00000, 0x000000008bb00000|  0%| F|  |TAMS 0x000000008ba00000, 0x000000008ba00000| Untracked 
| 111|0x000000008bb00000, 0x000000008bb00000, 0x000000008bc00000|  0%| F|  |TAMS 0x000000008bb00000, 0x000000008bb00000| Untracked 
| 112|0x000000008bc00000, 0x000000008bc00000, 0x000000008bd00000|  0%| F|  |TAMS 0x000000008bc00000, 0x000000008bc00000| Untracked 
| 113|0x000000008bd00000, 0x000000008bd00000, 0x000000008be00000|  0%| F|  |TAMS 0x000000008bd00000, 0x000000008bd00000| Untracked 
| 114|0x000000008be00000, 0x000000008be00000, 0x000000008bf00000|  0%| F|  |TAMS 0x000000008be00000, 0x000000008be00000| Untracked 
| 115|0x000000008bf00000, 0x000000008bf00000, 0x000000008c000000|  0%| F|  |TAMS 0x000000008bf00000, 0x000000008bf00000| Untracked 
| 116|0x000000008c000000, 0x000000008c000000, 0x000000008c100000|  0%| F|  |TAMS 0x000000008c000000, 0x000000008c000000| Untracked 
| 117|0x000000008c100000, 0x000000008c100000, 0x000000008c200000|  0%| F|  |TAMS 0x000000008c100000, 0x000000008c100000| Untracked 
| 118|0x000000008c200000, 0x000000008c200000, 0x000000008c300000|  0%| F|  |TAMS 0x000000008c200000, 0x000000008c200000| Untracked 
| 119|0x000000008c300000, 0x000000008c300000, 0x000000008c400000|  0%| F|  |TAMS 0x000000008c300000, 0x000000008c300000| Untracked 
| 120|0x000000008c400000, 0x000000008c400000, 0x000000008c500000|  0%| F|  |TAMS 0x000000008c400000, 0x000000008c400000| Untracked 
| 121|0x000000008c500000, 0x000000008c5d9230, 0x000000008c600000| 84%| E|  |TAMS 0x000000008c500000, 0x000000008c500000| Complete 
| 122|0x000000008c600000, 0x000000008c700000, 0x000000008c700000|100%| E|CS|TAMS 0x000000008c600000, 0x000000008c600000| Complete 
| 123|0x000000008c700000, 0x000000008c800000, 0x000000008c800000|100%| E|CS|TAMS 0x000000008c700000, 0x000000008c700000| Complete 

Card table byte_map: [0x000001441bb20000,0x000001441bf00000] _byte_map_base: 0x000001441b6fa000

Marking Bits (Prev, Next): (CMBitMap*) 0x0000014402c6d720, (CMBitMap*) 0x0000014402c6d760
 Prev Bits: [0x000001441c2e0000, 0x000001441e1b0000)
 Next Bits: [0x000001441e1b0000, 0x0000014420080000)

Polling page: 0x0000014402cf0000

Metaspace:

Usage:
  Non-class:      3.29 MB used.
      Class:    437.38 KB used.
       Both:      3.72 MB used.

Virtual space:
  Non-class space:       64.00 MB reserved,       3.38 MB (  5%) committed,  1 nodes.
      Class space:        1.00 GB reserved,     512.00 KB ( <1%) committed,  1 nodes.
             Both:        1.06 GB reserved,       3.88 MB ( <1%) committed. 

Chunk freelists:
   Non-Class:  10.61 MB
       Class:  15.50 MB
        Both:  26.11 MB

MaxMetaspaceSize: unlimited
CompressedClassSpaceSize: 1.00 GB
Initial GC threshold: 21.00 MB
Current GC threshold: 21.00 MB
CDS: on
MetaspaceReclaimPolicy: balanced
 - commit_granule_bytes: 65536.
 - commit_granule_words: 8192.
 - virtual_space_node_default_size: 8388608.
 - enlarge_chunks_in_place: 1.
 - new_chunks_are_fully_committed: 0.
 - uncommit_free_chunks: 1.
 - use_allocation_guard: 0.
 - handle_deallocations: 1.


Internal statistics:

num_allocs_failed_limit: 0.
num_arena_births: 98.
num_arena_deaths: 0.
num_vsnodes_births: 2.
num_vsnodes_deaths: 0.
num_space_committed: 62.
num_space_uncommitted: 0.
num_chunks_returned_to_freelist: 0.
num_chunks_taken_from_freelist: 184.
num_chunk_merges: 0.
num_chunk_splits: 118.
num_chunks_enlarged: 85.
num_purges: 0.
num_inconsistent_stats: 0.

CodeHeap 'non-profiled nmethods': size=120000Kb used=317Kb max_used=317Kb free=119682Kb
 bounds [0x00000144137b0000, 0x0000014413a20000, 0x000001441ace0000]
CodeHeap 'profiled nmethods': size=120000Kb used=1409Kb max_used=1409Kb free=118590Kb
 bounds [0x000001440bce0000, 0x000001440bf50000, 0x0000014413210000]
CodeHeap 'non-nmethods': size=5760Kb used=1172Kb max_used=1186Kb free=4587Kb
 bounds [0x0000014413210000, 0x0000014413480000, 0x00000144137b0000]
 total_blobs=1409 nmethods=955 adapters=367
 compilation: enabled
              stopped_count=0, restarted_count=0
 full_count=0

Compilation events (20 events):
Event: 0.449 Thread 0x0000014422b04150  946       3       sun.invoke.util.VerifyAccess::isMemberAccessible (338 bytes)
Event: 0.449 Thread 0x0000014422b04150 nmethod 946 0x000001440be3c990 code [0x000001440be3cd20, 0x000001440be3e0c8]
Event: 0.449 Thread 0x0000014422b04150  947       3       jdk.internal.org.objectweb.asm.Attribute::putAttributes (78 bytes)
Event: 0.450 Thread 0x0000014422b04150 nmethod 947 0x000001440be3e610 code [0x000001440be3e860, 0x000001440be3ed98]
Event: 0.450 Thread 0x0000014422b04150  944       1       java.lang.invoke.MethodHandleNatives::isPullModeBSM (2 bytes)
Event: 0.450 Thread 0x0000014422b04150 nmethod 944 0x00000144137fe990 code [0x00000144137feb20, 0x00000144137febd8]
Event: 0.450 Thread 0x0000014422b04150  945       1       java.lang.invoke.MethodHandleImpl::isCompileConstant (2 bytes)
Event: 0.450 Thread 0x0000014422b04150 nmethod 945 0x00000144137fec90 code [0x00000144137fee20, 0x00000144137feed8]
Event: 0.450 Thread 0x0000014422b04150  950       3       java.lang.invoke.LambdaForm::parameter (38 bytes)
Event: 0.450 Thread 0x0000014422b04150 nmethod 950 0x000001440be3f090 code [0x000001440be3f220, 0x000001440be3f358]
Event: 0.451 Thread 0x0000014422b04150  951       3       java.nio.ByteBuffer::limit (8 bytes)
Event: 0.451 Thread 0x0000014422b04150 nmethod 951 0x000001440be3f410 code [0x000001440be3f5a0, 0x000001440be3f6e8]
Event: 0.452 Thread 0x0000014422b04150  952       3       java.lang.invoke.MethodType::changeReturnType (20 bytes)
Event: 0.452 Thread 0x0000014422b04150 nmethod 952 0x000001440be3f790 code [0x000001440be3f940, 0x000001440be3fb08]
Event: 0.452 Thread 0x0000014422b04150  953       3       java.lang.Enum::equals (11 bytes)
Event: 0.452 Thread 0x0000014422b012a0  955       4       java.lang.AbstractStringBuilder::isLatin1 (19 bytes)
Event: 0.452 Thread 0x0000014422b04150 nmethod 953 0x000001440be3fb90 code [0x000001440be3fd20, 0x000001440be3fe98]
Event: 0.452 Thread 0x0000014422b04150  954       3       java.lang.invoke.DirectMethodHandle::preparedLambdaForm (31 bytes)
Event: 0.452 Thread 0x0000014422b012a0 nmethod 955 0x00000144137ff290 code [0x00000144137ff400, 0x00000144137ff498]
Event: 0.452 Thread 0x0000014422b04150 nmethod 954 0x000001440be3ff10 code [0x000001440be40100, 0x000001440be405a8]

GC Heap History (2 events):
Event: 0.428 GC heap before
{Heap before GC invocations=0 (full 0):
 garbage-first heap   total 126976K, used 23552K [0x0000000084c00000, 0x0000000100000000)
  region size 1024K, 23 young (23552K), 0 survivors (0K)
 Metaspace       used 3358K, committed 3520K, reserved 1114112K
  class space    used 374K, committed 448K, reserved 1048576K
}
Event: 0.430 GC heap after
{Heap after GC invocations=1 (full 0):
 garbage-first heap   total 126976K, used 2240K [0x0000000084c00000, 0x0000000100000000)
  region size 1024K, 3 young (3072K), 3 survivors (3072K)
 Metaspace       used 3358K, committed 3520K, reserved 1114112K
  class space    used 374K, committed 448K, reserved 1048576K
}

Deoptimization events (20 events):
Event: 0.348 Thread 0x0000014402c11e50 Uncommon trap: trap_request=0xffffffde fr.pc=0x00000144137ef734 relative=0x0000000000000114
Event: 0.348 Thread 0x0000014402c11e50 Uncommon trap: reason=class_check action=maybe_recompile pc=0x00000144137ef734 method=jdk.internal.misc.Unsafe.allocateUninitializedArray(Ljava/lang/Class;I)Ljava/lang/Object; @ 51 c2
Event: 0.348 Thread 0x0000014402c11e50 DEOPT PACKING pc=0x00000144137ef734 sp=0x000000089b3fa400
Event: 0.348 Thread 0x0000014402c11e50 DEOPT UNPACKING pc=0x0000014413265ba3 sp=0x000000089b3fa388 mode 2
Event: 0.348 Thread 0x0000014402c11e50 Uncommon trap: trap_request=0xffffffde fr.pc=0x00000144137ef734 relative=0x0000000000000114
Event: 0.348 Thread 0x0000014402c11e50 Uncommon trap: reason=class_check action=maybe_recompile pc=0x00000144137ef734 method=jdk.internal.misc.Unsafe.allocateUninitializedArray(Ljava/lang/Class;I)Ljava/lang/Object; @ 51 c2
Event: 0.348 Thread 0x0000014402c11e50 DEOPT PACKING pc=0x00000144137ef734 sp=0x000000089b3fa360
Event: 0.348 Thread 0x0000014402c11e50 DEOPT UNPACKING pc=0x0000014413265ba3 sp=0x000000089b3fa2e8 mode 2
Event: 0.348 Thread 0x0000014402c11e50 Uncommon trap: trap_request=0xffffffde fr.pc=0x00000144137ef734 relative=0x0000000000000114
Event: 0.348 Thread 0x0000014402c11e50 Uncommon trap: reason=class_check action=maybe_recompile pc=0x00000144137ef734 method=jdk.internal.misc.Unsafe.allocateUninitializedArray(Ljava/lang/Class;I)Ljava/lang/Object; @ 51 c2
Event: 0.348 Thread 0x0000014402c11e50 DEOPT PACKING pc=0x00000144137ef734 sp=0x000000089b3fa360
Event: 0.349 Thread 0x0000014402c11e50 DEOPT UNPACKING pc=0x0000014413265ba3 sp=0x000000089b3fa2e8 mode 2
Event: 0.408 Thread 0x00000144687e0fb0 Uncommon trap: trap_request=0xffffff45 fr.pc=0x00000144137e901c relative=0x000000000000025c
Event: 0.408 Thread 0x00000144687e0fb0 Uncommon trap: reason=unstable_if action=reinterpret pc=0x00000144137e901c method=java.lang.invoke.VarHandle.checkExactAccessMode(Ljava/lang/invoke/VarHandle$AccessDescriptor;)V @ 4 c2
Event: 0.408 Thread 0x00000144687e0fb0 DEOPT PACKING pc=0x00000144137e901c sp=0x000000089c8fe7d0
Event: 0.408 Thread 0x00000144687e0fb0 DEOPT UNPACKING pc=0x0000014413265ba3 sp=0x000000089c8fe740 mode 2
Event: 0.445 Thread 0x00000144687e0fb0 Uncommon trap: trap_request=0xffffff45 fr.pc=0x00000144137ea274 relative=0x0000000000000074
Event: 0.445 Thread 0x00000144687e0fb0 Uncommon trap: reason=unstable_if action=reinterpret pc=0x00000144137ea274 method=jdk.internal.misc.Unsafe.convEndian(ZI)I @ 4 c2
Event: 0.445 Thread 0x00000144687e0fb0 DEOPT PACKING pc=0x00000144137ea274 sp=0x000000089c8fd460
Event: 0.445 Thread 0x00000144687e0fb0 DEOPT UNPACKING pc=0x0000014413265ba3 sp=0x000000089c8fd390 mode 2

Classes unloaded (0 events):
No events

Classes redefined (0 events):
No events

Internal exceptions (15 events):
Event: 0.065 Thread 0x0000014402c11e50 Exception <a 'java/lang/NoSuchMethodError'{0x000000008c627418}: 'void java.lang.invoke.DirectMethodHandle$Holder.invokeVirtual(java.lang.Object, java.lang.Object)'> (0x000000008c627418) 
thrown [s\open\src\hotspot\share\interpreter\linkResolver.cpp, line 759]
Event: 0.126 Thread 0x0000014402c11e50 Exception <a 'java/lang/NoSuchMethodError'{0x000000008bf7f5b8}: 'void java.lang.invoke.DirectMethodHandle$Holder.invokeSpecial(java.lang.Object, java.lang.Object, java.lang.Object)'> (0x000000008bf7f5b8) 
thrown [s\open\src\hotspot\share\interpreter\linkResolver.cpp, line 759]
Event: 0.150 Thread 0x0000014402c11e50 Exception <a 'java/lang/NoSuchMethodError'{0x000000008ba04518}: 'void java.lang.invoke.DirectMethodHandle$Holder.invokeSpecial(java.lang.Object, java.lang.Object, java.lang.Object, java.lang.Object, java.lang.Object)'> (0x000000008ba04518) 
thrown [s\open\src\hotspot\share\interpreter\linkResolver.cpp, line 759]
Event: 0.151 Thread 0x0000014402c11e50 Exception <a 'java/lang/NoSuchMethodError'{0x000000008ba18f28}: 'java.lang.Object java.lang.invoke.DirectMethodHandle$Holder.invokeInterface(java.lang.Object, java.lang.Object)'> (0x000000008ba18f28) 
thrown [s\open\src\hotspot\share\interpreter\linkResolver.cpp, line 759]
Event: 0.152 Thread 0x0000014402c11e50 Exception <a 'java/lang/IncompatibleClassChangeError'{0x000000008ba1c5a0}: Found class java.lang.Object, but interface was expected> (0x000000008ba1c5a0) 
thrown [s\open\src\hotspot\share\interpreter\linkResolver.cpp, line 826]
Event: 0.152 Thread 0x0000014402c11e50 Exception <a 'java/lang/NoSuchMethodError'{0x000000008ba1f368}: 'void java.lang.invoke.DirectMethodHandle$Holder.invokeStatic(java.lang.Object, java.lang.Object, java.lang.Object, java.lang.Object)'> (0x000000008ba1f368) 
thrown [s\open\src\hotspot\share\interpreter\linkResolver.cpp, line 759]
Event: 0.169 Thread 0x0000014402c11e50 Exception <a 'java/lang/NoSuchMethodError'{0x000000008b94edc8}: 'java.lang.Object java.lang.invoke.DirectMethodHandle$Holder.invokeStaticInit(java.lang.Object)'> (0x000000008b94edc8) 
thrown [s\open\src\hotspot\share\interpreter\linkResolver.cpp, line 759]
Event: 0.171 Thread 0x0000014402c11e50 Exception <a 'java/lang/NoSuchMethodError'{0x000000008b95d510}: 'void java.lang.invoke.DirectMethodHandle$Holder.invokeStatic(java.lang.Object, java.lang.Object)'> (0x000000008b95d510) 
thrown [s\open\src\hotspot\share\interpreter\linkResolver.cpp, line 759]
Event: 0.367 Thread 0x0000014402c11e50 Exception <a 'java/lang/NoSuchMethodError'{0x000000008b37ab78}: 'void java.lang.invoke.DirectMethodHandle$Holder.invokeStatic(java.lang.Object, java.lang.Object, java.lang.Object)'> (0x000000008b37ab78) 
thrown [s\open\src\hotspot\share\interpreter\linkResolver.cpp, line 759]
Event: 0.386 Thread 0x0000014402c11e50 Exception <a 'java/lang/NoSuchMethodError'{0x000000008b397750}: 'int java.lang.invoke.DirectMethodHandle$Holder.invokeStaticInit(java.lang.Object, java.lang.Object, java.lang.Object)'> (0x000000008b397750) 
thrown [s\open\src\hotspot\share\interpreter\linkResolver.cpp, line 759]
Event: 0.402 Thread 0x0000014402c11e50 Exception <a 'java/lang/NoSuchMethodError'{0x000000008b2dfe10}: 'java.lang.Object java.lang.invoke.DirectMethodHandle$Holder.newInvokeSpecial(java.lang.Object, java.lang.Object, int, java.lang.Object)'> (0x000000008b2dfe10) 
thrown [s\open\src\hotspot\share\interpreter\linkResolver.cpp, line 759]
Event: 0.402 Thread 0x0000014402c11e50 Exception <a 'java/lang/NoSuchMethodError'{0x000000008b2e41f0}: 'java.lang.Object java.lang.invoke.DirectMethodHandle$Holder.invokeSpecial(java.lang.Object, java.lang.Object, java.lang.Object, int, java.lang.Object)'> (0x000000008b2e41f0) 
thrown [s\open\src\hotspot\share\interpreter\linkResolver.cpp, line 759]
Event: 0.432 Thread 0x00000144687e0fb0 Exception <a 'java/lang/NoSuchMethodError'{0x000000008c72af28}: 'void java.lang.invoke.DirectMethodHandle$Holder.invokeStaticInit(java.lang.Object)'> (0x000000008c72af28) 
thrown [s\open\src\hotspot\share\interpreter\linkResolver.cpp, line 759]
Event: 0.435 Thread 0x0000014402c11e50 Exception <a 'java/lang/NoSuchMethodError'{0x000000008c7e16e8}: 'java.lang.Object java.lang.invoke.DirectMethodHandle$Holder.newInvokeSpecial(java.lang.Object, java.lang.Object, java.lang.Object, java.lang.Object, java.lang.Object, java.lang.Object)'> (0x000000008c7e16e8) 
thrown [s\open\src\hotspot\share\interpreter\linkResolver.cpp, line 759]
Event: 0.449 Thread 0x0000014402c11e50 Exception <a 'java/lang/NoSuchMethodError'{0x000000008c513288}: 'java.lang.Object java.lang.invoke.DirectMethodHandle$Holder.newInvokeSpecial(java.lang.Object, java.lang.Object, java.lang.Object, java.lang.Object, java.lang.Object)'> (0x000000008c513288) 
thrown [s\open\src\hotspot\share\interpreter\linkResolver.cpp, line 759]

VM Operations (8 events):
Event: 0.079 Executing VM operation: HandshakeAllThreads
Event: 0.079 Executing VM operation: HandshakeAllThreads done
Event: 0.151 Executing VM operation: HandshakeAllThreads
Event: 0.151 Executing VM operation: HandshakeAllThreads done
Event: 0.393 Executing VM operation: HandshakeAllThreads
Event: 0.393 Executing VM operation: HandshakeAllThreads done
Event: 0.428 Executing VM operation: G1CollectForAllocation
Event: 0.430 Executing VM operation: G1CollectForAllocation done

Events (20 events):
Event: 0.444 loading class jdk/internal/org/objectweb/asm/Edge
Event: 0.444 loading class jdk/internal/org/objectweb/asm/Edge done
Event: 0.445 loading class java/lang/reflect/Proxy$ProxyBuilder$1
Event: 0.445 loading class java/lang/reflect/Proxy$ProxyBuilder$1 done
Event: 0.445 loading class java/lang/annotation/Target
Event: 0.445 loading class java/lang/annotation/Target done
Event: 0.446 loading class sun/reflect/generics/repository/ClassRepository
Event: 0.446 loading class sun/reflect/generics/repository/GenericDeclRepository
Event: 0.446 loading class sun/reflect/generics/repository/AbstractRepository
Event: 0.446 loading class sun/reflect/generics/repository/AbstractRepository done
Event: 0.446 loading class sun/reflect/generics/repository/GenericDeclRepository done
Event: 0.446 loading class sun/reflect/generics/repository/ClassRepository done
Event: 0.446 loading class java/lang/Class$EnclosingMethodInfo
Event: 0.446 loading class java/lang/Class$EnclosingMethodInfo done
Event: 0.446 loading class java/lang/Class$AnnotationData
Event: 0.446 loading class java/lang/Class$AnnotationData done
Event: 0.448 loading class java/lang/StackTraceElement$HashedModules
Event: 0.449 loading class java/lang/StackTraceElement$HashedModules done
Event: 0.450 Thread 0x00000144688284e0 Thread added: 0x00000144688284e0
Event: 0.452 Thread 0x00000144687e1850 Thread added: 0x00000144687e1850


Dynamic libraries:
0x00007ff7f5b00000 - 0x00007ff7f5b10000 	C:\Program Files\Java\jdk-17\bin\java.exe
0x00007ff9db9b0000 - 0x00007ff9dbba8000 	C:\Windows\SYSTEM32\ntdll.dll
0x00007ff9da330000 - 0x00007ff9da3ef000 	C:\Windows\System32\KERNEL32.DLL
0x00007ff9d93b0000 - 0x00007ff9d9682000 	C:\Windows\System32\KERNELBASE.dll
0x00007ff9d9690000 - 0x00007ff9d9790000 	C:\Windows\System32\ucrtbase.dll
0x00007ff9c0250000 - 0x00007ff9c0269000 	C:\Program Files\Java\jdk-17\bin\jli.dll
0x00007ff9be930000 - 0x00007ff9be94b000 	C:\Program Files\Java\jdk-17\bin\VCRUNTIME140.dll
0x00007ff9da4c0000 - 0x00007ff9da56e000 	C:\Windows\System32\ADVAPI32.dll
0x00007ff9db8d0000 - 0x00007ff9db96e000 	C:\Windows\System32\msvcrt.dll
0x00007ff9d9a00000 - 0x00007ff9d9a9c000 	C:\Windows\System32\sechost.dll
0x00007ff9db040000 - 0x00007ff9db165000 	C:\Windows\System32\RPCRT4.dll
0x00007ff9db380000 - 0x00007ff9db51d000 	C:\Windows\System32\USER32.dll
0x00007ff9bf570000 - 0x00007ff9bf80a000 	C:\Windows\WinSxS\amd64_microsoft.windows.common-controls_6595b64144ccf1df_6.0.19041.1110_none_60b5254171f9507e\COMCTL32.dll
0x00007ff9d9380000 - 0x00007ff9d93a2000 	C:\Windows\System32\win32u.dll
0x00007ff9daee0000 - 0x00007ff9daf0b000 	C:\Windows\System32\GDI32.dll
0x00007ff9d98f0000 - 0x00007ff9d99ff000 	C:\Windows\System32\gdi32full.dll
0x00007ff9d90b0000 - 0x00007ff9d914d000 	C:\Windows\System32\msvcp_win.dll
0x00007ff9cc020000 - 0x00007ff9cc02a000 	C:\Windows\SYSTEM32\VERSION.dll
0x00007ff9da480000 - 0x00007ff9da4b2000 	C:\Windows\System32\IMM32.DLL
0x00007ff9cfe80000 - 0x00007ff9cfe8c000 	C:\Program Files\Java\jdk-17\bin\vcruntime140_1.dll
0x00007ff9c0160000 - 0x00007ff9c01ee000 	C:\Program Files\Java\jdk-17\bin\msvcp140.dll
0x00007ff986b50000 - 0x00007ff98772e000 	C:\Program Files\Java\jdk-17\bin\server\jvm.dll
0x00007ff9da570000 - 0x00007ff9da578000 	C:\Windows\System32\PSAPI.DLL
0x00007ff9c0b60000 - 0x00007ff9c0b87000 	C:\Windows\SYSTEM32\WINMM.dll
0x00007ff9a85e0000 - 0x00007ff9a85e9000 	C:\Windows\SYSTEM32\WSOCK32.dll
0x00007ff9daab0000 - 0x00007ff9dab1b000 	C:\Windows\System32\WS2_32.dll
0x00007ff9d7900000 - 0x00007ff9d7912000 	C:\Windows\SYSTEM32\kernel.appcore.dll
0x00007ff9cfdb0000 - 0x00007ff9cfdba000 	C:\Program Files\Java\jdk-17\bin\jimage.dll
0x00007ff9d6cb0000 - 0x00007ff9d6e94000 	C:\Windows\SYSTEM32\DBGHELP.DLL
0x00007ff9c21d0000 - 0x00007ff9c21fc000 	C:\Windows\SYSTEM32\dbgcore.DLL
0x00007ff9d9150000 - 0x00007ff9d91d2000 	C:\Windows\System32\bcryptPrimitives.dll
0x00007ff9be850000 - 0x00007ff9be875000 	C:\Program Files\Java\jdk-17\bin\java.dll
0x00007ff9b84e0000 - 0x00007ff9b85b7000 	C:\Program Files\Java\jdk-17\bin\jsvml.dll
0x00007ff9d9aa0000 - 0x00007ff9da1e3000 	C:\Windows\System32\SHELL32.dll
0x00007ff9d6fa0000 - 0x00007ff9d7732000 	C:\Windows\SYSTEM32\windows.storage.dll
0x00007ff9dab20000 - 0x00007ff9dae74000 	C:\Windows\System32\combase.dll
0x00007ff9d8b10000 - 0x00007ff9d8b40000 	C:\Windows\SYSTEM32\Wldp.dll
0x00007ff9db820000 - 0x00007ff9db8cd000 	C:\Windows\System32\SHCORE.dll
0x00007ff9db680000 - 0x00007ff9db6d5000 	C:\Windows\System32\shlwapi.dll
0x00007ff9d8ff0000 - 0x00007ff9d900f000 	C:\Windows\SYSTEM32\profapi.dll
0x00007ff9ce100000 - 0x00007ff9ce119000 	C:\Program Files\Java\jdk-17\bin\net.dll
0x00007ff9d01a0000 - 0x00007ff9d02ac000 	C:\Windows\SYSTEM32\WINHTTP.dll
0x00007ff9d8870000 - 0x00007ff9d88da000 	C:\Windows\system32\mswsock.dll
0x00007ff9cdb20000 - 0x00007ff9cdb36000 	C:\Program Files\Java\jdk-17\bin\nio.dll
0x00007ff9c1f80000 - 0x00007ff9c1f98000 	C:\Program Files\Java\jdk-17\bin\zip.dll
0x0000014402d30000 - 0x0000014402d33000 	C:\Users\USER\.openjfx\cache\20.0.1+2\amd64\api-ms-win-core-console-l1-1-0.dll
0x0000014402d40000 - 0x0000014402d43000 	C:\Users\USER\.openjfx\cache\20.0.1+2\amd64\api-ms-win-core-console-l1-2-0.dll
0x0000014402d50000 - 0x0000014402d53000 	C:\Users\USER\.openjfx\cache\20.0.1+2\amd64\api-ms-win-core-datetime-l1-1-0.dll
0x0000014422cb0000 - 0x0000014422cb3000 	C:\Users\USER\.openjfx\cache\20.0.1+2\amd64\api-ms-win-core-debug-l1-1-0.dll
0x0000014422cc0000 - 0x0000014422cc3000 	C:\Users\USER\.openjfx\cache\20.0.1+2\amd64\api-ms-win-core-errorhandling-l1-1-0.dll
0x0000014422cd0000 - 0x0000014422cd4000 	C:\Users\USER\.openjfx\cache\20.0.1+2\amd64\api-ms-win-core-file-l1-1-0.dll
0x0000014422ce0000 - 0x0000014422ce3000 	C:\Users\USER\.openjfx\cache\20.0.1+2\amd64\api-ms-win-core-file-l1-2-0.dll
0x0000014422cf0000 - 0x0000014422cf3000 	C:\Users\USER\.openjfx\cache\20.0.1+2\amd64\api-ms-win-core-file-l2-1-0.dll
0x0000014422d00000 - 0x0000014422d03000 	C:\Users\USER\.openjfx\cache\20.0.1+2\amd64\api-ms-win-core-handle-l1-1-0.dll
0x0000014422d10000 - 0x0000014422d13000 	C:\Users\USER\.openjfx\cache\20.0.1+2\amd64\api-ms-win-core-heap-l1-1-0.dll
0x0000014422d20000 - 0x0000014422d23000 	C:\Users\USER\.openjfx\cache\20.0.1+2\amd64\api-ms-win-core-interlocked-l1-1-0.dll
0x0000014422d30000 - 0x0000014422d33000 	C:\Users\USER\.openjfx\cache\20.0.1+2\amd64\api-ms-win-core-libraryloader-l1-1-0.dll
0x0000014422d40000 - 0x0000014422d43000 	C:\Users\USER\.openjfx\cache\20.0.1+2\amd64\api-ms-win-core-localization-l1-2-0.dll
0x0000014422d50000 - 0x0000014422d53000 	C:\Users\USER\.openjfx\cache\20.0.1+2\amd64\api-ms-win-core-memory-l1-1-0.dll
0x0000014422d60000 - 0x0000014422d63000 	C:\Users\USER\.openjfx\cache\20.0.1+2\amd64\api-ms-win-core-namedpipe-l1-1-0.dll
0x0000014422d70000 - 0x0000014422d73000 	C:\Users\USER\.openjfx\cache\20.0.1+2\amd64\api-ms-win-core-processenvironment-l1-1-0.dll
0x0000014422d80000 - 0x0000014422d83000 	C:\Users\USER\.openjfx\cache\20.0.1+2\amd64\api-ms-win-core-processthreads-l1-1-0.dll
0x0000014422d90000 - 0x0000014422d93000 	C:\Users\USER\.openjfx\cache\20.0.1+2\amd64\api-ms-win-core-processthreads-l1-1-1.dll
0x0000014422da0000 - 0x0000014422da3000 	C:\Users\USER\.openjfx\cache\20.0.1+2\amd64\api-ms-win-core-profile-l1-1-0.dll
0x0000014422db0000 - 0x0000014422db3000 	C:\Users\USER\.openjfx\cache\20.0.1+2\amd64\api-ms-win-core-rtlsupport-l1-1-0.dll
0x0000014422dc0000 - 0x0000014422dc3000 	C:\Users\USER\.openjfx\cache\20.0.1+2\amd64\api-ms-win-core-string-l1-1-0.dll
0x0000014422dd0000 - 0x0000014422dd3000 	C:\Users\USER\.openjfx\cache\20.0.1+2\amd64\api-ms-win-core-synch-l1-1-0.dll
0x0000014422de0000 - 0x0000014422de3000 	C:\Users\USER\.openjfx\cache\20.0.1+2\amd64\api-ms-win-core-synch-l1-2-0.dll
0x0000014422df0000 - 0x0000014422df3000 	C:\Users\USER\.openjfx\cache\20.0.1+2\amd64\api-ms-win-core-sysinfo-l1-1-0.dll
0x0000014422e00000 - 0x0000014422e03000 	C:\Users\USER\.openjfx\cache\20.0.1+2\amd64\api-ms-win-core-timezone-l1-1-0.dll
0x0000014422e10000 - 0x0000014422e13000 	C:\Users\USER\.openjfx\cache\20.0.1+2\amd64\api-ms-win-core-util-l1-1-0.dll
0x0000014422e20000 - 0x0000014422e23000 	C:\Users\USER\.openjfx\cache\20.0.1+2\amd64\api-ms-win-crt-conio-l1-1-0.dll
0x0000014422e30000 - 0x0000014422e34000 	C:\Users\USER\.openjfx\cache\20.0.1+2\amd64\api-ms-win-crt-convert-l1-1-0.dll
0x0000014422e40000 - 0x0000014422e43000 	C:\Users\USER\.openjfx\cache\20.0.1+2\amd64\api-ms-win-crt-environment-l1-1-0.dll
0x0000014422e50000 - 0x0000014422e53000 	C:\Users\USER\.openjfx\cache\20.0.1+2\amd64\api-ms-win-crt-filesystem-l1-1-0.dll
0x0000014422e60000 - 0x0000014422e63000 	C:\Users\USER\.openjfx\cache\20.0.1+2\amd64\api-ms-win-crt-heap-l1-1-0.dll
0x0000014422e70000 - 0x0000014422e73000 	C:\Users\USER\.openjfx\cache\20.0.1+2\amd64\api-ms-win-crt-locale-l1-1-0.dll
0x0000014422e80000 - 0x0000014422e85000 	C:\Users\USER\.openjfx\cache\20.0.1+2\amd64\api-ms-win-crt-math-l1-1-0.dll
0x0000014422e90000 - 0x0000014422e95000 	C:\Users\USER\.openjfx\cache\20.0.1+2\amd64\api-ms-win-crt-multibyte-l1-1-0.dll
0x0000014422ea0000 - 0x0000014422eb0000 	C:\Users\USER\.openjfx\cache\20.0.1+2\amd64\api-ms-win-crt-private-l1-1-0.dll
0x0000014422eb0000 - 0x0000014422eb3000 	C:\Users\USER\.openjfx\cache\20.0.1+2\amd64\api-ms-win-crt-process-l1-1-0.dll
0x0000014422ec0000 - 0x0000014422ec4000 	C:\Users\USER\.openjfx\cache\20.0.1+2\amd64\api-ms-win-crt-runtime-l1-1-0.dll
0x0000014422ed0000 - 0x0000014422ed4000 	C:\Users\USER\.openjfx\cache\20.0.1+2\amd64\api-ms-win-crt-stdio-l1-1-0.dll
0x0000014422ee0000 - 0x0000014422ee4000 	C:\Users\USER\.openjfx\cache\20.0.1+2\amd64\api-ms-win-crt-string-l1-1-0.dll
0x0000014422ef0000 - 0x0000014422ef3000 	C:\Users\USER\.openjfx\cache\20.0.1+2\amd64\api-ms-win-crt-time-l1-1-0.dll
0x0000014422f00000 - 0x0000014422f03000 	C:\Users\USER\.openjfx\cache\20.0.1+2\amd64\api-ms-win-crt-utility-l1-1-0.dll
0x00007ff9aca40000 - 0x00007ff9acb3c000 	C:\Users\USER\.openjfx\cache\20.0.1+2\amd64\ucrtbase.dll
0x00007ff9bea10000 - 0x00007ff9bea2b000 	C:\Users\USER\.openjfx\cache\20.0.1+2\amd64\vcruntime140.dll
0x00007ff9bea00000 - 0x00007ff9bea0c000 	C:\Users\USER\.openjfx\cache\20.0.1+2\amd64\vcruntime140_1.dll
0x00007ff9be970000 - 0x00007ff9be9fe000 	C:\Users\USER\.openjfx\cache\20.0.1+2\amd64\msvcp140.dll
0x00007ff9be960000 - 0x00007ff9be969000 	C:\Users\USER\.openjfx\cache\20.0.1+2\amd64\msvcp140_1.dll
0x00007ff9b84b0000 - 0x00007ff9b84e0000 	C:\Users\USER\.openjfx\cache\20.0.1+2\amd64\msvcp140_2.dll
0x00007ff9b8480000 - 0x00007ff9b84af000 	C:\Users\USER\.openjfx\cache\20.0.1+2\amd64\prism_d3d.dll
0x00007ff9c30d0000 - 0x00007ff9c329f000 	C:\Windows\system32\d3d9.dll
0x00007ff9d6540000 - 0x00007ff9d656f000 	C:\Windows\SYSTEM32\dwmapi.dll
0x00007ff9d2990000 - 0x00007ff9d2a2e000 	C:\Windows\system32\uxtheme.dll
0x00007ff99e870000 - 0x00007ff99e9d5000 	C:\Windows\System32\DriverStore\FileRepository\iigd_dch.inf_amd64_b5e514a1cfcd95db\igdumdim64.dll
0x00007ff9daf10000 - 0x00007ff9db03a000 	C:\Windows\System32\ole32.dll
0x00007ff9c6ea0000 - 0x00007ff9c7261000 	C:\Windows\System32\DriverStore\FileRepository\iigd_dch.inf_amd64_b5e514a1cfcd95db\igdgmm64.dll
0x00007ff9b8430000 - 0x00007ff9b8472000 	C:\Users\USER\.openjfx\cache\20.0.1+2\amd64\glass.dll
0x00007ff9db5a0000 - 0x00007ff9db67a000 	C:\Windows\System32\COMDLG32.dll
0x00007ff9db750000 - 0x00007ff9db81d000 	C:\Windows\System32\OLEAUT32.dll
0x00007ff9da1f0000 - 0x00007ff9da305000 	C:\Windows\System32\MSCTF.dll

dbghelp: loaded successfully - version: 4.0.5 - missing functions: none
symbol engine: initialized successfully - sym options: 0x614 - pdb path: .;C:\Program Files\Java\jdk-17\bin;C:\Windows\SYSTEM32;C:\Windows\WinSxS\amd64_microsoft.windows.common-controls_6595b64144ccf1df_6.0.19041.1110_none_60b5254171f9507e;C:\Program Files\Java\jdk-17\bin\server;C:\Users\USER\.openjfx\cache\20.0.1+2\amd64;C:\Windows\System32\DriverStore\FileRepository\iigd_dch.inf_amd64_b5e514a1cfcd95db

VM Arguments:
jvm_args: --module-path=E:\\poneglyphe-S-Hunters1\\poneglyphe-S-Hunters1-GestionLivraison-Produit\\GestionLivraison Final\\target\\classes;C:\\Users\\USER\\.m2\\repository\\com\\google\\zxing\\core\\3.4.1\\core-3.4.1.jar;C:\\Users\\USER\\.m2\\repository\\com\\google\\zxing\\javase\\3.4.1\\javase-3.4.1.jar;C:\\Users\\USER\\.m2\\repository\\com\\stripe\\stripe-java\\24.17.0\\stripe-java-24.17.0.jar;C:\\Users\\USER\\.m2\\repository\\org\\apache\\pdfbox\\pdfbox\\2.0.24\\pdfbox-2.0.24.jar;C:\\Users\\USER\\.m2\\repository\\org\\controlsfx\\controlsfx\\11.1.0\\controlsfx-11.1.0.jar;C:\\Users\\USER\\.m2\\repository\\org\\openjfx\\javafx-base\\20.0.1\\javafx-base-20.0.1-win.jar;C:\\Users\\USER\\.m2\\repository\\org\\openjfx\\javafx-controls\\20.0.1\\javafx-controls-20.0.1-win.jar;C:\\Users\\USER\\.m2\\repository\\org\\openjfx\\javafx-fxml\\20.0.1\\javafx-fxml-20.0.1-win.jar;C:\\Users\\USER\\.m2\\repository\\org\\openjfx\\javafx-graphics\\20.0.1\\javafx-graphics-20.0.1-win.jar --add-modules=eh.gestionlivraison -Djdk.module.main=eh.gestionlivraison 
java_command: eh.gestionlivraison/eh.gestionlivraison.test.MainFx
java_class_path (initial): C:\\Users\\USER\\.m2\\repository\\com\\beust\\jcommander\\1.78\\jcommander-1.78.jar;C:\\Users\\USER\\.m2\\repository\\com\\github\\jai-imageio\\jai-imageio-core\\1.4.0\\jai-imageio-core-1.4.0.jar;C:\\Users\\USER\\.m2\\repository\\com\\google\\code\\gson\\gson\\2.10.1\\gson-2.10.1.jar;C:\\Users\\USER\\.m2\\repository\\com\\google\\protobuf\\protobuf-java\\3.21.9\\protobuf-java-3.21.9.jar;C:\\Users\\USER\\.m2\\repository\\com\\mysql\\mysql-connector-j\\8.0.33\\mysql-connector-j-8.0.33.jar;C:\\Users\\USER\\.m2\\repository\\commons-logging\\commons-logging\\1.2\\commons-logging-1.2.jar;C:\\Users\\USER\\.m2\\repository\\org\\apache\\pdfbox\\fontbox\\2.0.24\\fontbox-2.0.24.jar;C:\\Users\\USER\\.m2\\repository\\org\\openjfx\\javafx-base\\20.0.1\\javafx-base-20.0.1.jar;C:\\Users\\USER\\.m2\\repository\\org\\openjfx\\javafx-controls\\20.0.1\\javafx-controls-20.0.1.jar;C:\\Users\\USER\\.m2\\repository\\org\\openjfx\\javafx-fxml\\20.0.1\\javafx-fxml-20.0.1.jar;C:\\Users\\USER\\.m2\\repository\\org\\openjfx\\javafx-graphics\\20.0.1\\javafx-graphics-20.0.1.jar
Launcher Type: SUN_STANDARD

[Global flags]
     intx CICompilerCount                          = 4                                         {product} {ergonomic}
     uint ConcGCThreads                            = 2                                         {product} {ergonomic}
     uint G1ConcRefinementThreads                  = 8                                         {product} {ergonomic}
   size_t G1HeapRegionSize                         = 1048576                                   {product} {ergonomic}
    uintx GCDrainStackTargetSize                   = 64                                        {product} {ergonomic}
   size_t InitialHeapSize                          = 130023424                                 {product} {ergonomic}
   size_t MarkStackSize                            = 4194304                                   {product} {ergonomic}
   size_t MaxHeapSize                              = 2067791872                                {product} {ergonomic}
   size_t MaxNewSize                               = 1240465408                                {product} {ergonomic}
   size_t MinHeapDeltaBytes                        = 1048576                                   {product} {ergonomic}
   size_t MinHeapSize                              = 8388608                                   {product} {ergonomic}
    uintx NonNMethodCodeHeapSize                   = 5839372                                {pd product} {ergonomic}
    uintx NonProfiledCodeHeapSize                  = 122909434                              {pd product} {ergonomic}
    uintx ProfiledCodeHeapSize                     = 122909434                              {pd product} {ergonomic}
    uintx ReservedCodeCacheSize                    = 251658240                              {pd product} {ergonomic}
     bool SegmentedCodeCache                       = true                                      {product} {ergonomic}
   size_t SoftMaxHeapSize                          = 2067791872                             {manageable} {ergonomic}
     bool UseCompressedClassPointers               = true                           {product lp64_product} {ergonomic}
     bool UseCompressedOops                        = true                           {product lp64_product} {ergonomic}
     bool UseG1GC                                  = true                                      {product} {ergonomic}
     bool UseLargePagesIndividualAllocation        = false                                  {pd product} {ergonomic}

Logging:
Log output configuration:
 #0: stdout all=warning uptime,level,tags
 #1: stderr all=off uptime,level,tags

Environment Variables:
JAVA_HOME=C:\Program Files\Java\jdk-13.0.2
PATH=C:\oraclexe\app\oracle\product\11.2.0\server\bin;;C:\Program Files (x86)\VMware\VMware Workstation\bin\;C:\Program Files\Common Files\Oracle\Java\javapath;C:\oraclexe\app\oracle\product\11.2.0\server\bin;C:\oraclexe\app\oracle\product\11.2.0\server\bin;C:\Program Files (x86)\Common Files\Intel\Shared Libraries\redist\intel64\compiler;C:\Windows\system32;C:\Windows;C:\Windows\System32\Wbem;C:\Windows\System32\WindowsPowerShell\v1.0\;C:\Windows\System32\OpenSSH\;C:\Program Files (x86)\NVIDIA Corporation\PhysX\Common;C:\Program Files\NVIDIA Corporation\NVIDIA NvDLISR;C:\xampp\php;C:\ProgramData\ComposerSetup\bin;C:\Program Files\nodejs\;C:\oraclexe\app\oracle\product\11.2.0\server\bin;C:\instantclient12_12;C:\oraclexe\app\oracle\admin\XE;C:\oraclexe;C:\Strawberry\c\bin;C:\Strawberry\perl\site\bin;C:\Strawberry\perl\bin;C:\Program Files\Git\cmd;C:\Program Files\TortoiseGit\bin;C:\Users\USER\scoop\shims;C:\Users\USER\AppData\Local\Microsoft\WindowsApps;C:\Users\USER\AppData\Roaming\Composer\vendor\bin;C:\Users\USER\AppData\Local\Programs\Microsoft VS Code\bin;C:\Users\USER\AppData\Roaming\npm;C:\Program Files\JetBrains\IntelliJ IDEA 2023.2.2\bin;
USERNAME=USER
OS=Windows_NT
PROCESSOR_IDENTIFIER=Intel64 Family 6 Model 140 Stepping 1, GenuineIntel



---------------  S Y S T E M  ---------------

OS:
 Windows 10 , 64 bit Build 19041 (10.0.19041.2251)
OS uptime: 4 days 0:41 hours

CPU: total 8 (initial active 8) (4 cores per cpu, 2 threads per core) family 6 model 140 stepping 1 microcode 0x86, cx8, cmov, fxsr, ht, mmx, 3dnowpref, sse, sse2, sse3, ssse3, sse4.1, sse4.2, popcnt, lzcnt, tsc, tscinvbit, avx, avx2, aes, erms, clmul, bmi1, bmi2, adx, avx512f, avx512dq, avx512cd, avx512bw, avx512vl, sha, fma, vzeroupper, avx512_vpopcntdq, avx512_vpclmulqdq, avx512_vaes, avx512_vnni, clflush, clflushopt, clwb, avx512_vbmi2, avx512_vbmi

Memory: 4k page, system-wide physical 7881M (251M free)
TotalPageFile size 20415M (AvailPageFile size 0M)
current process WorkingSet (physical memory assigned to process): 76M, peak: 76M
current process commit charge ("private bytes"): 218M, peak: 224M

vm_info: Java HotSpot(TM) 64-Bit Server VM (17.0.8+9-LTS-211) for windows-amd64 JRE (17.0.8+9-LTS-211), built on Jun 14 2023 10:34:31 by "mach5one" with MS VC++ 17.1 (VS2022)

END.
