#
# There is insufficient memory for the Java Runtime Environment to continue.
# Native memory allocation (mmap) failed to map 65536 bytes for Failed to commit metaspace.
# Possible reasons:
#   The system is out of physical RAM or swap space
#   The process is running with CompressedOops enabled, and the Java Heap may be blocking the growth of the native heap
# Possible solutions:
#   Reduce memory load on the system
#   Increase physical memory or swap space
#   Check if swap backing store is full
#   Decrease Java heap size (-Xmx/-Xms)
#   Decrease number of Java threads
#   Decrease Java thread stack sizes (-Xss)
#   Set larger code cache with -XX:ReservedCodeCacheSize=
#   JVM is running with Unscaled Compressed Oops mode in which the Java heap is
#     placed in the first 4GB address space. The Java Heap base address is the
#     maximum limit for the native heap growth. Please use -XX:HeapBaseMinAddress
#     to set the Java Heap base and to place the Java Heap above 4GB virtual address.
# This output file may be truncated or incomplete.
#
#  Out of Memory Error (virtualSpaceNode.cpp:110), pid=14484, tid=17552
#
# JRE version: Java(TM) SE Runtime Environment (17.0.8+9) (build 17.0.8+9-LTS-211)
# Java VM: Java HotSpot(TM) 64-Bit Server VM (17.0.8+9-LTS-211, mixed mode, sharing, tiered, compressed oops, compressed class ptrs, g1 gc, windows-amd64)
# No core dump will be written. Minidumps are not enabled by default on client versions of Windows
#

---------------  S U M M A R Y ------------

Command Line: -Dmaven.multiModuleProjectDirectory=E:\poneglyphe-S-Hunters1\poneglyphe-S-Hunters1-GestionLivraison-Produit\GestionLivraison Final -Djansi.passthrough=true -Dmaven.home=C:\Program Files\JetBrains\IntelliJ IDEA 2023.2.2\plugins\maven\lib\maven3 -Dclassworlds.conf=C:\Program Files\JetBrains\IntelliJ IDEA 2023.2.2\plugins\maven\lib\maven3\bin\m2.conf -Dmaven.ext.class.path=C:\Program Files\JetBrains\IntelliJ IDEA 2023.2.2\plugins\maven\lib\maven-event-listener.jar -javaagent:C:\Program Files\JetBrains\IntelliJ IDEA 2023.2.2\lib\idea_rt.jar=54812:C:\Program Files\JetBrains\IntelliJ IDEA 2023.2.2\bin -Dfile.encoding=UTF-8 org.codehaus.classworlds.Launcher -Didea.version=2023.2.2 org.openjfx:javafx-maven-plugin:0.0.8:run

Host: 11th Gen Intel(R) Core(TM) i7-1165G7 @ 2.80GHz, 8 cores, 7G,  Windows 10 , 64 bit Build 19041 (10.0.19041.2251)
Time: Thu Mar  7 16:45:53 2024 Paris, Madrid elapsed time: 0.335326 seconds (0d 0h 0m 0s)

---------------  T H R E A D  ---------------

Current thread (0x000002ef11517180):  JavaThread "main" [_thread_in_vm, id=17552, stack(0x000000f73d500000,0x000000f73d600000)]

Stack: [0x000000f73d500000,0x000000f73d600000]
Native frames: (J=compiled Java code, j=interpreted, Vv=VM code, C=native code)
V  [jvm.dll+0x677d0a]
V  [jvm.dll+0x7d8c54]
V  [jvm.dll+0x7da3fe]
V  [jvm.dll+0x7daa63]
V  [jvm.dll+0x245c5f]
V  [jvm.dll+0x7d4d5b]
V  [jvm.dll+0x61dcf6]
V  [jvm.dll+0x1c0127]
V  [jvm.dll+0x620650]
V  [jvm.dll+0x61e6b6]
V  [jvm.dll+0x65a33b]
V  [jvm.dll+0x36a105]
V  [jvm.dll+0x36a025]
V  [jvm.dll+0x37de47]
C  0x000002ef2030ba0a

Java frames: (J=compiled Java code, j=interpreted, Vv=VM code)
j  org.codehaus.plexus.DefaultPlexusContainer.<clinit>()V+9
v  ~StubRoutines::call_stub
j  org.apache.maven.cli.MavenCli.container(Lorg/apache/maven/cli/CliRequest;)Lorg/codehaus/plexus/PlexusContainer;+256
j  org.apache.maven.cli.MavenCli.doMain(Lorg/apache/maven/cli/CliRequest;)I+34
j  org.apache.maven.cli.MavenCli.main([Ljava/lang/String;Lorg/codehaus/plexus/classworlds/ClassWorld;)I+24
v  ~StubRoutines::call_stub
j  jdk.internal.reflect.NativeMethodAccessorImpl.invoke0(Ljava/lang/reflect/Method;Ljava/lang/Object;[Ljava/lang/Object;)Ljava/lang/Object;+0 java.base@17.0.8
j  jdk.internal.reflect.NativeMethodAccessorImpl.invoke(Ljava/lang/Object;[Ljava/lang/Object;)Ljava/lang/Object;+133 java.base@17.0.8
j  jdk.internal.reflect.DelegatingMethodAccessorImpl.invoke(Ljava/lang/Object;[Ljava/lang/Object;)Ljava/lang/Object;+6 java.base@17.0.8
j  java.lang.reflect.Method.invoke(Ljava/lang/Object;[Ljava/lang/Object;)Ljava/lang/Object;+59 java.base@17.0.8
j  org.codehaus.plexus.classworlds.launcher.Launcher.launchEnhanced([Ljava/lang/String;)V+45
j  org.codehaus.plexus.classworlds.launcher.Launcher.launch([Ljava/lang/String;)V+2
j  org.codehaus.plexus.classworlds.launcher.Launcher.mainWithExitCode([Ljava/lang/String;)I+108
j  org.codehaus.plexus.classworlds.launcher.Launcher.main([Ljava/lang/String;)V+1
j  org.codehaus.classworlds.Launcher.main([Ljava/lang/String;)V+1
v  ~StubRoutines::call_stub

---------------  P R O C E S S  ---------------

Threads class SMR info:
_java_thread_list=0x000002ef2f457880, length=13, elements={
0x000002ef11517180, 0x000002ef2f4453b0, 0x000002ef2f445d60, 0x000002ef2f4560f0,
0x000002ef2f458ab0, 0x000002ef2f45b470, 0x000002ef2f45be20, 0x000002ef2f45cb00,
0x000002ef2f468a00, 0x000002ef2f4733f0, 0x000002ef2f693bc0, 0x000002ef2f7902d0,
0x000002ef2f7907a0
}

Java Threads: ( => current thread )
=>0x000002ef11517180 JavaThread "main" [_thread_in_vm, id=17552, stack(0x000000f73d500000,0x000000f73d600000)]
  0x000002ef2f4453b0 JavaThread "Reference Handler" daemon [_thread_blocked, id=20916, stack(0x000000f73dc00000,0x000000f73dd00000)]
  0x000002ef2f445d60 JavaThread "Finalizer" daemon [_thread_blocked, id=18864, stack(0x000000f73dd00000,0x000000f73de00000)]
  0x000002ef2f4560f0 JavaThread "Signal Dispatcher" daemon [_thread_blocked, id=20148, stack(0x000000f73de00000,0x000000f73df00000)]
  0x000002ef2f458ab0 JavaThread "Attach Listener" daemon [_thread_blocked, id=18352, stack(0x000000f73df00000,0x000000f73e000000)]
  0x000002ef2f45b470 JavaThread "Service Thread" daemon [_thread_blocked, id=11244, stack(0x000000f73e000000,0x000000f73e100000)]
  0x000002ef2f45be20 JavaThread "Monitor Deflation Thread" daemon [_thread_blocked, id=18532, stack(0x000000f73e100000,0x000000f73e200000)]
  0x000002ef2f45cb00 JavaThread "C2 CompilerThread0" daemon [_thread_in_native, id=12232, stack(0x000000f73e200000,0x000000f73e300000)]
  0x000002ef2f468a00 JavaThread "C1 CompilerThread0" daemon [_thread_blocked, id=13916, stack(0x000000f73e300000,0x000000f73e400000)]
  0x000002ef2f4733f0 JavaThread "Sweeper thread" daemon [_thread_blocked, id=18908, stack(0x000000f73e400000,0x000000f73e500000)]
  0x000002ef2f693bc0 JavaThread "Common-Cleaner" daemon [_thread_blocked, id=11564, stack(0x000000f73e500000,0x000000f73e600000)]
  0x000002ef2f7902d0 JavaThread "Monitor Ctrl-Break" daemon [_thread_in_native, id=14088, stack(0x000000f73e600000,0x000000f73e700000)]
  0x000002ef2f7907a0 JavaThread "Notification Thread" daemon [_thread_blocked, id=5292, stack(0x000000f73e700000,0x000000f73e800000)]

Other Threads:
  0x000002ef2f440b00 VMThread "VM Thread" [stack: 0x000000f73db00000,0x000000f73dc00000] [id=14856]
  0x000002ef11587fc0 WatcherThread [stack: 0x000000f73e800000,0x000000f73e900000] [id=13640]
  0x000002ef1156d020 GCTaskThread "GC Thread#0" [stack: 0x000000f73d600000,0x000000f73d700000] [id=19004]
  0x000002ef1157d5e0 ConcurrentGCThread "G1 Main Marker" [stack: 0x000000f73d700000,0x000000f73d800000] [id=8040]
  0x000002ef1157e790 ConcurrentGCThread "G1 Conc#0" [stack: 0x000000f73d800000,0x000000f73d900000] [id=15096]
  0x000002ef115ee800 ConcurrentGCThread "G1 Refine#0" [stack: 0x000000f73d900000,0x000000f73da00000] [id=20132]
  0x000002ef2f2e8750 ConcurrentGCThread "G1 Service" [stack: 0x000000f73da00000,0x000000f73db00000] [id=14540]

Threads with active compile tasks:
C2 CompilerThread0      341  581       4       java.util.HashMap::putVal (300 bytes)

VM state: not at safepoint (normal execution)

VM Mutex/Monitor currently owned by a thread:  ([mutex/lock_event])
[0x000002ef11511bb0] Metaspace_lock - owner thread: 0x000002ef11517180
[0x000002ef11513170] MultiArray_lock - owner thread: 0x000002ef11517180

Heap address: 0x0000000084c00000, size: 1972 MB, Compressed Oops mode: 32-bit

CDS archive(s) mapped at: [0x000002ef30000000-0x000002ef30bd0000-0x000002ef30bd0000), size 12386304, SharedBaseAddress: 0x000002ef30000000, ArchiveRelocationMode: 1.
Compressed class space mapped at: 0x000002ef31000000-0x000002ef71000000, reserved size: 1073741824
Narrow klass base: 0x000002ef30000000, Narrow klass shift: 0, Narrow klass range: 0x100000000

GC Precious Log:
 CPUs: 8 total, 8 available
 Memory: 7881M
 Large Page Support: Disabled
 NUMA Support: Disabled
 Compressed Oops: Enabled (32-bit)
 Heap Region Size: 1M
 Heap Min Capacity: 8M
 Heap Initial Capacity: 124M
 Heap Max Capacity: 1972M
 Pre-touch: Disabled
 Parallel Workers: 8
 Concurrent Workers: 2
 Concurrent Refinement Workers: 8
 Periodic GC: Disabled

Heap:
 garbage-first heap   total 126976K, used 7168K [0x0000000084c00000, 0x0000000100000000)
  region size 1024K, 9 young (9216K), 0 survivors (0K)
 Metaspace       used 2594K, committed 2752K, reserved 1114112K
  class space    used 245K, committed 320K, reserved 1048576K

Heap Regions: E=young(eden), S=young(survivor), O=old, HS=humongous(starts), HC=humongous(continues), CS=collection set, F=free, OA=open archive, CA=closed archive, TAMS=top-at-mark-start (previous, next)
|   0|0x0000000084c00000, 0x0000000084c00000, 0x0000000084d00000|  0%| F|  |TAMS 0x0000000084c00000, 0x0000000084c00000| Untracked 
|   1|0x0000000084d00000, 0x0000000084d00000, 0x0000000084e00000|  0%| F|  |TAMS 0x0000000084d00000, 0x0000000084d00000| Untracked 
|   2|0x0000000084e00000, 0x0000000084e00000, 0x0000000084f00000|  0%| F|  |TAMS 0x0000000084e00000, 0x0000000084e00000| Untracked 
|   3|0x0000000084f00000, 0x0000000084f00000, 0x0000000085000000|  0%| F|  |TAMS 0x0000000084f00000, 0x0000000084f00000| Untracked 
|   4|0x0000000085000000, 0x0000000085000000, 0x0000000085100000|  0%| F|  |TAMS 0x0000000085000000, 0x0000000085000000| Untracked 
|   5|0x0000000085100000, 0x0000000085100000, 0x0000000085200000|  0%| F|  |TAMS 0x0000000085100000, 0x0000000085100000| Untracked 
|   6|0x0000000085200000, 0x0000000085200000, 0x0000000085300000|  0%| F|  |TAMS 0x0000000085200000, 0x0000000085200000| Untracked 
|   7|0x0000000085300000, 0x0000000085300000, 0x0000000085400000|  0%| F|  |TAMS 0x0000000085300000, 0x0000000085300000| Untracked 
|   8|0x0000000085400000, 0x0000000085400000, 0x0000000085500000|  0%| F|  |TAMS 0x0000000085400000, 0x0000000085400000| Untracked 
|   9|0x0000000085500000, 0x0000000085500000, 0x0000000085600000|  0%| F|  |TAMS 0x0000000085500000, 0x0000000085500000| Untracked 
|  10|0x0000000085600000, 0x0000000085600000, 0x0000000085700000|  0%| F|  |TAMS 0x0000000085600000, 0x0000000085600000| Untracked 
|  11|0x0000000085700000, 0x0000000085700000, 0x0000000085800000|  0%| F|  |TAMS 0x0000000085700000, 0x0000000085700000| Untracked 
|  12|0x0000000085800000, 0x0000000085800000, 0x0000000085900000|  0%| F|  |TAMS 0x0000000085800000, 0x0000000085800000| Untracked 
|  13|0x0000000085900000, 0x0000000085900000, 0x0000000085a00000|  0%| F|  |TAMS 0x0000000085900000, 0x0000000085900000| Untracked 
|  14|0x0000000085a00000, 0x0000000085a00000, 0x0000000085b00000|  0%| F|  |TAMS 0x0000000085a00000, 0x0000000085a00000| Untracked 
|  15|0x0000000085b00000, 0x0000000085b00000, 0x0000000085c00000|  0%| F|  |TAMS 0x0000000085b00000, 0x0000000085b00000| Untracked 
|  16|0x0000000085c00000, 0x0000000085c00000, 0x0000000085d00000|  0%| F|  |TAMS 0x0000000085c00000, 0x0000000085c00000| Untracked 
|  17|0x0000000085d00000, 0x0000000085d00000, 0x0000000085e00000|  0%| F|  |TAMS 0x0000000085d00000, 0x0000000085d00000| Untracked 
|  18|0x0000000085e00000, 0x0000000085e00000, 0x0000000085f00000|  0%| F|  |TAMS 0x0000000085e00000, 0x0000000085e00000| Untracked 
|  19|0x0000000085f00000, 0x0000000085f00000, 0x0000000086000000|  0%| F|  |TAMS 0x0000000085f00000, 0x0000000085f00000| Untracked 
|  20|0x0000000086000000, 0x0000000086000000, 0x0000000086100000|  0%| F|  |TAMS 0x0000000086000000, 0x0000000086000000| Untracked 
|  21|0x0000000086100000, 0x0000000086100000, 0x0000000086200000|  0%| F|  |TAMS 0x0000000086100000, 0x0000000086100000| Untracked 
|  22|0x0000000086200000, 0x0000000086200000, 0x0000000086300000|  0%| F|  |TAMS 0x0000000086200000, 0x0000000086200000| Untracked 
|  23|0x0000000086300000, 0x0000000086300000, 0x0000000086400000|  0%| F|  |TAMS 0x0000000086300000, 0x0000000086300000| Untracked 
|  24|0x0000000086400000, 0x0000000086400000, 0x0000000086500000|  0%| F|  |TAMS 0x0000000086400000, 0x0000000086400000| Untracked 
|  25|0x0000000086500000, 0x0000000086500000, 0x0000000086600000|  0%| F|  |TAMS 0x0000000086500000, 0x0000000086500000| Untracked 
|  26|0x0000000086600000, 0x0000000086600000, 0x0000000086700000|  0%| F|  |TAMS 0x0000000086600000, 0x0000000086600000| Untracked 
|  27|0x0000000086700000, 0x0000000086700000, 0x0000000086800000|  0%| F|  |TAMS 0x0000000086700000, 0x0000000086700000| Untracked 
|  28|0x0000000086800000, 0x0000000086800000, 0x0000000086900000|  0%| F|  |TAMS 0x0000000086800000, 0x0000000086800000| Untracked 
|  29|0x0000000086900000, 0x0000000086900000, 0x0000000086a00000|  0%| F|  |TAMS 0x0000000086900000, 0x0000000086900000| Untracked 
|  30|0x0000000086a00000, 0x0000000086a00000, 0x0000000086b00000|  0%| F|  |TAMS 0x0000000086a00000, 0x0000000086a00000| Untracked 
|  31|0x0000000086b00000, 0x0000000086b00000, 0x0000000086c00000|  0%| F|  |TAMS 0x0000000086b00000, 0x0000000086b00000| Untracked 
|  32|0x0000000086c00000, 0x0000000086c00000, 0x0000000086d00000|  0%| F|  |TAMS 0x0000000086c00000, 0x0000000086c00000| Untracked 
|  33|0x0000000086d00000, 0x0000000086d00000, 0x0000000086e00000|  0%| F|  |TAMS 0x0000000086d00000, 0x0000000086d00000| Untracked 
|  34|0x0000000086e00000, 0x0000000086e00000, 0x0000000086f00000|  0%| F|  |TAMS 0x0000000086e00000, 0x0000000086e00000| Untracked 
|  35|0x0000000086f00000, 0x0000000086f00000, 0x0000000087000000|  0%| F|  |TAMS 0x0000000086f00000, 0x0000000086f00000| Untracked 
|  36|0x0000000087000000, 0x0000000087000000, 0x0000000087100000|  0%| F|  |TAMS 0x0000000087000000, 0x0000000087000000| Untracked 
|  37|0x0000000087100000, 0x0000000087100000, 0x0000000087200000|  0%| F|  |TAMS 0x0000000087100000, 0x0000000087100000| Untracked 
|  38|0x0000000087200000, 0x0000000087200000, 0x0000000087300000|  0%| F|  |TAMS 0x0000000087200000, 0x0000000087200000| Untracked 
|  39|0x0000000087300000, 0x0000000087300000, 0x0000000087400000|  0%| F|  |TAMS 0x0000000087300000, 0x0000000087300000| Untracked 
|  40|0x0000000087400000, 0x0000000087400000, 0x0000000087500000|  0%| F|  |TAMS 0x0000000087400000, 0x0000000087400000| Untracked 
|  41|0x0000000087500000, 0x0000000087500000, 0x0000000087600000|  0%| F|  |TAMS 0x0000000087500000, 0x0000000087500000| Untracked 
|  42|0x0000000087600000, 0x0000000087600000, 0x0000000087700000|  0%| F|  |TAMS 0x0000000087600000, 0x0000000087600000| Untracked 
|  43|0x0000000087700000, 0x0000000087700000, 0x0000000087800000|  0%| F|  |TAMS 0x0000000087700000, 0x0000000087700000| Untracked 
|  44|0x0000000087800000, 0x0000000087800000, 0x0000000087900000|  0%| F|  |TAMS 0x0000000087800000, 0x0000000087800000| Untracked 
|  45|0x0000000087900000, 0x0000000087900000, 0x0000000087a00000|  0%| F|  |TAMS 0x0000000087900000, 0x0000000087900000| Untracked 
|  46|0x0000000087a00000, 0x0000000087a00000, 0x0000000087b00000|  0%| F|  |TAMS 0x0000000087a00000, 0x0000000087a00000| Untracked 
|  47|0x0000000087b00000, 0x0000000087b00000, 0x0000000087c00000|  0%| F|  |TAMS 0x0000000087b00000, 0x0000000087b00000| Untracked 
|  48|0x0000000087c00000, 0x0000000087c00000, 0x0000000087d00000|  0%| F|  |TAMS 0x0000000087c00000, 0x0000000087c00000| Untracked 
|  49|0x0000000087d00000, 0x0000000087d00000, 0x0000000087e00000|  0%| F|  |TAMS 0x0000000087d00000, 0x0000000087d00000| Untracked 
|  50|0x0000000087e00000, 0x0000000087e00000, 0x0000000087f00000|  0%| F|  |TAMS 0x0000000087e00000, 0x0000000087e00000| Untracked 
|  51|0x0000000087f00000, 0x0000000087f00000, 0x0000000088000000|  0%| F|  |TAMS 0x0000000087f00000, 0x0000000087f00000| Untracked 
|  52|0x0000000088000000, 0x0000000088000000, 0x0000000088100000|  0%| F|  |TAMS 0x0000000088000000, 0x0000000088000000| Untracked 
|  53|0x0000000088100000, 0x0000000088100000, 0x0000000088200000|  0%| F|  |TAMS 0x0000000088100000, 0x0000000088100000| Untracked 
|  54|0x0000000088200000, 0x0000000088200000, 0x0000000088300000|  0%| F|  |TAMS 0x0000000088200000, 0x0000000088200000| Untracked 
|  55|0x0000000088300000, 0x0000000088300000, 0x0000000088400000|  0%| F|  |TAMS 0x0000000088300000, 0x0000000088300000| Untracked 
|  56|0x0000000088400000, 0x0000000088400000, 0x0000000088500000|  0%| F|  |TAMS 0x0000000088400000, 0x0000000088400000| Untracked 
|  57|0x0000000088500000, 0x0000000088500000, 0x0000000088600000|  0%| F|  |TAMS 0x0000000088500000, 0x0000000088500000| Untracked 
|  58|0x0000000088600000, 0x0000000088600000, 0x0000000088700000|  0%| F|  |TAMS 0x0000000088600000, 0x0000000088600000| Untracked 
|  59|0x0000000088700000, 0x0000000088700000, 0x0000000088800000|  0%| F|  |TAMS 0x0000000088700000, 0x0000000088700000| Untracked 
|  60|0x0000000088800000, 0x0000000088800000, 0x0000000088900000|  0%| F|  |TAMS 0x0000000088800000, 0x0000000088800000| Untracked 
|  61|0x0000000088900000, 0x0000000088900000, 0x0000000088a00000|  0%| F|  |TAMS 0x0000000088900000, 0x0000000088900000| Untracked 
|  62|0x0000000088a00000, 0x0000000088a00000, 0x0000000088b00000|  0%| F|  |TAMS 0x0000000088a00000, 0x0000000088a00000| Untracked 
|  63|0x0000000088b00000, 0x0000000088b00000, 0x0000000088c00000|  0%| F|  |TAMS 0x0000000088b00000, 0x0000000088b00000| Untracked 
|  64|0x0000000088c00000, 0x0000000088c00000, 0x0000000088d00000|  0%| F|  |TAMS 0x0000000088c00000, 0x0000000088c00000| Untracked 
|  65|0x0000000088d00000, 0x0000000088d00000, 0x0000000088e00000|  0%| F|  |TAMS 0x0000000088d00000, 0x0000000088d00000| Untracked 
|  66|0x0000000088e00000, 0x0000000088e00000, 0x0000000088f00000|  0%| F|  |TAMS 0x0000000088e00000, 0x0000000088e00000| Untracked 
|  67|0x0000000088f00000, 0x0000000088f00000, 0x0000000089000000|  0%| F|  |TAMS 0x0000000088f00000, 0x0000000088f00000| Untracked 
|  68|0x0000000089000000, 0x0000000089000000, 0x0000000089100000|  0%| F|  |TAMS 0x0000000089000000, 0x0000000089000000| Untracked 
|  69|0x0000000089100000, 0x0000000089100000, 0x0000000089200000|  0%| F|  |TAMS 0x0000000089100000, 0x0000000089100000| Untracked 
|  70|0x0000000089200000, 0x0000000089200000, 0x0000000089300000|  0%| F|  |TAMS 0x0000000089200000, 0x0000000089200000| Untracked 
|  71|0x0000000089300000, 0x0000000089300000, 0x0000000089400000|  0%| F|  |TAMS 0x0000000089300000, 0x0000000089300000| Untracked 
|  72|0x0000000089400000, 0x0000000089400000, 0x0000000089500000|  0%| F|  |TAMS 0x0000000089400000, 0x0000000089400000| Untracked 
|  73|0x0000000089500000, 0x0000000089500000, 0x0000000089600000|  0%| F|  |TAMS 0x0000000089500000, 0x0000000089500000| Untracked 
|  74|0x0000000089600000, 0x0000000089600000, 0x0000000089700000|  0%| F|  |TAMS 0x0000000089600000, 0x0000000089600000| Untracked 
|  75|0x0000000089700000, 0x0000000089700000, 0x0000000089800000|  0%| F|  |TAMS 0x0000000089700000, 0x0000000089700000| Untracked 
|  76|0x0000000089800000, 0x0000000089800000, 0x0000000089900000|  0%| F|  |TAMS 0x0000000089800000, 0x0000000089800000| Untracked 
|  77|0x0000000089900000, 0x0000000089900000, 0x0000000089a00000|  0%| F|  |TAMS 0x0000000089900000, 0x0000000089900000| Untracked 
|  78|0x0000000089a00000, 0x0000000089a00000, 0x0000000089b00000|  0%| F|  |TAMS 0x0000000089a00000, 0x0000000089a00000| Untracked 
|  79|0x0000000089b00000, 0x0000000089b00000, 0x0000000089c00000|  0%| F|  |TAMS 0x0000000089b00000, 0x0000000089b00000| Untracked 
|  80|0x0000000089c00000, 0x0000000089c00000, 0x0000000089d00000|  0%| F|  |TAMS 0x0000000089c00000, 0x0000000089c00000| Untracked 
|  81|0x0000000089d00000, 0x0000000089d00000, 0x0000000089e00000|  0%| F|  |TAMS 0x0000000089d00000, 0x0000000089d00000| Untracked 
|  82|0x0000000089e00000, 0x0000000089e00000, 0x0000000089f00000|  0%| F|  |TAMS 0x0000000089e00000, 0x0000000089e00000| Untracked 
|  83|0x0000000089f00000, 0x0000000089f00000, 0x000000008a000000|  0%| F|  |TAMS 0x0000000089f00000, 0x0000000089f00000| Untracked 
|  84|0x000000008a000000, 0x000000008a000000, 0x000000008a100000|  0%| F|  |TAMS 0x000000008a000000, 0x000000008a000000| Untracked 
|  85|0x000000008a100000, 0x000000008a100000, 0x000000008a200000|  0%| F|  |TAMS 0x000000008a100000, 0x000000008a100000| Untracked 
|  86|0x000000008a200000, 0x000000008a200000, 0x000000008a300000|  0%| F|  |TAMS 0x000000008a200000, 0x000000008a200000| Untracked 
|  87|0x000000008a300000, 0x000000008a300000, 0x000000008a400000|  0%| F|  |TAMS 0x000000008a300000, 0x000000008a300000| Untracked 
|  88|0x000000008a400000, 0x000000008a400000, 0x000000008a500000|  0%| F|  |TAMS 0x000000008a400000, 0x000000008a400000| Untracked 
|  89|0x000000008a500000, 0x000000008a500000, 0x000000008a600000|  0%| F|  |TAMS 0x000000008a500000, 0x000000008a500000| Untracked 
|  90|0x000000008a600000, 0x000000008a600000, 0x000000008a700000|  0%| F|  |TAMS 0x000000008a600000, 0x000000008a600000| Untracked 
|  91|0x000000008a700000, 0x000000008a700000, 0x000000008a800000|  0%| F|  |TAMS 0x000000008a700000, 0x000000008a700000| Untracked 
|  92|0x000000008a800000, 0x000000008a800000, 0x000000008a900000|  0%| F|  |TAMS 0x000000008a800000, 0x000000008a800000| Untracked 
|  93|0x000000008a900000, 0x000000008a900000, 0x000000008aa00000|  0%| F|  |TAMS 0x000000008a900000, 0x000000008a900000| Untracked 
|  94|0x000000008aa00000, 0x000000008aa00000, 0x000000008ab00000|  0%| F|  |TAMS 0x000000008aa00000, 0x000000008aa00000| Untracked 
|  95|0x000000008ab00000, 0x000000008ab00000, 0x000000008ac00000|  0%| F|  |TAMS 0x000000008ab00000, 0x000000008ab00000| Untracked 
|  96|0x000000008ac00000, 0x000000008ac00000, 0x000000008ad00000|  0%| F|  |TAMS 0x000000008ac00000, 0x000000008ac00000| Untracked 
|  97|0x000000008ad00000, 0x000000008ad00000, 0x000000008ae00000|  0%| F|  |TAMS 0x000000008ad00000, 0x000000008ad00000| Untracked 
|  98|0x000000008ae00000, 0x000000008ae00000, 0x000000008af00000|  0%| F|  |TAMS 0x000000008ae00000, 0x000000008ae00000| Untracked 
|  99|0x000000008af00000, 0x000000008af00000, 0x000000008b000000|  0%| F|  |TAMS 0x000000008af00000, 0x000000008af00000| Untracked 
| 100|0x000000008b000000, 0x000000008b000000, 0x000000008b100000|  0%| F|  |TAMS 0x000000008b000000, 0x000000008b000000| Untracked 
| 101|0x000000008b100000, 0x000000008b100000, 0x000000008b200000|  0%| F|  |TAMS 0x000000008b100000, 0x000000008b100000| Untracked 
| 102|0x000000008b200000, 0x000000008b200000, 0x000000008b300000|  0%| F|  |TAMS 0x000000008b200000, 0x000000008b200000| Untracked 
| 103|0x000000008b300000, 0x000000008b300000, 0x000000008b400000|  0%| F|  |TAMS 0x000000008b300000, 0x000000008b300000| Untracked 
| 104|0x000000008b400000, 0x000000008b400000, 0x000000008b500000|  0%| F|  |TAMS 0x000000008b400000, 0x000000008b400000| Untracked 
| 105|0x000000008b500000, 0x000000008b500000, 0x000000008b600000|  0%| F|  |TAMS 0x000000008b500000, 0x000000008b500000| Untracked 
| 106|0x000000008b600000, 0x000000008b600000, 0x000000008b700000|  0%| F|  |TAMS 0x000000008b600000, 0x000000008b600000| Untracked 
| 107|0x000000008b700000, 0x000000008b700000, 0x000000008b800000|  0%| F|  |TAMS 0x000000008b700000, 0x000000008b700000| Untracked 
| 108|0x000000008b800000, 0x000000008b800000, 0x000000008b900000|  0%| F|  |TAMS 0x000000008b800000, 0x000000008b800000| Untracked 
| 109|0x000000008b900000, 0x000000008b900000, 0x000000008ba00000|  0%| F|  |TAMS 0x000000008b900000, 0x000000008b900000| Untracked 
| 110|0x000000008ba00000, 0x000000008ba00000, 0x000000008bb00000|  0%| F|  |TAMS 0x000000008ba00000, 0x000000008ba00000| Untracked 
| 111|0x000000008bb00000, 0x000000008bb00000, 0x000000008bc00000|  0%| F|  |TAMS 0x000000008bb00000, 0x000000008bb00000| Untracked 
| 112|0x000000008bc00000, 0x000000008bc00000, 0x000000008bd00000|  0%| F|  |TAMS 0x000000008bc00000, 0x000000008bc00000| Untracked 
| 113|0x000000008bd00000, 0x000000008bd00000, 0x000000008be00000|  0%| F|  |TAMS 0x000000008bd00000, 0x000000008bd00000| Untracked 
| 114|0x000000008be00000, 0x000000008be00000, 0x000000008bf00000|  0%| F|  |TAMS 0x000000008be00000, 0x000000008be00000| Untracked 
| 115|0x000000008bf00000, 0x000000008bffac80, 0x000000008c000000| 97%| E|  |TAMS 0x000000008bf00000, 0x000000008bf00000| Complete 
| 116|0x000000008c000000, 0x000000008c0fcdf8, 0x000000008c100000| 98%| E|  |TAMS 0x000000008c000000, 0x000000008c000000| Complete 
| 117|0x000000008c100000, 0x000000008c200000, 0x000000008c200000|100%| E|CS|TAMS 0x000000008c100000, 0x000000008c100000| Complete 
| 118|0x000000008c200000, 0x000000008c300000, 0x000000008c300000|100%| E|CS|TAMS 0x000000008c200000, 0x000000008c200000| Complete 
| 119|0x000000008c300000, 0x000000008c400000, 0x000000008c400000|100%| E|CS|TAMS 0x000000008c300000, 0x000000008c300000| Complete 
| 120|0x000000008c400000, 0x000000008c500000, 0x000000008c500000|100%| E|CS|TAMS 0x000000008c400000, 0x000000008c400000| Complete 
| 121|0x000000008c500000, 0x000000008c600000, 0x000000008c600000|100%| E|CS|TAMS 0x000000008c500000, 0x000000008c500000| Complete 
| 122|0x000000008c600000, 0x000000008c700000, 0x000000008c700000|100%| E|CS|TAMS 0x000000008c600000, 0x000000008c600000| Complete 
| 123|0x000000008c700000, 0x000000008c800000, 0x000000008c800000|100%| E|CS|TAMS 0x000000008c700000, 0x000000008c700000| Complete 

Card table byte_map: [0x000002ef284d0000,0x000002ef288b0000] _byte_map_base: 0x000002ef280aa000

Marking Bits (Prev, Next): (CMBitMap*) 0x000002ef1156d630, (CMBitMap*) 0x000002ef1156d670
 Prev Bits: [0x000002ef28c90000, 0x000002ef2ab60000)
 Next Bits: [0x000002ef2ab60000, 0x000002ef2ca30000)

Polling page: 0x000002ef10cf0000

Metaspace:

Usage:
  Non-class:      2.29 MB used.
      Class:    245.99 KB used.
       Both:      2.53 MB used.

Virtual space:
  Non-class space:       64.00 MB reserved,       2.38 MB (  4%) committed,  1 nodes.
      Class space:        1.00 GB reserved,     320.00 KB ( <1%) committed,  1 nodes.
             Both:        1.06 GB reserved,       2.69 MB ( <1%) committed. 

Chunk freelists:
   Non-Class:  11.05 MB
       Class:  15.61 MB
        Both:  26.66 MB

MaxMetaspaceSize: unlimited
CompressedClassSpaceSize: 1.00 GB
Initial GC threshold: 21.00 MB
Current GC threshold: 21.00 MB
CDS: on
MetaspaceReclaimPolicy: balanced
 - commit_granule_bytes: 65536.
 - commit_granule_words: 8192.
 - virtual_space_node_default_size: 8388608.
 - enlarge_chunks_in_place: 1.
 - new_chunks_are_fully_committed: 0.
 - uncommit_free_chunks: 1.
 - use_allocation_guard: 0.
 - handle_deallocations: 1.


Internal statistics:

num_allocs_failed_limit: 0.
num_arena_births: 22.
num_arena_deaths: 0.
num_vsnodes_births: 2.
num_vsnodes_deaths: 0.
num_space_committed: 43.
num_space_uncommitted: 0.
num_chunks_returned_to_freelist: 0.
num_chunks_taken_from_freelist: 81.
num_chunk_merges: 0.
num_chunk_splits: 50.
num_chunks_enlarged: 40.
num_purges: 0.
num_inconsistent_stats: 0.

CodeHeap 'non-profiled nmethods': size=120000Kb used=182Kb max_used=182Kb free=119817Kb
 bounds [0x000002ef20890000, 0x000002ef20b00000, 0x000002ef27dc0000]
CodeHeap 'profiled nmethods': size=120000Kb used=938Kb max_used=938Kb free=119061Kb
 bounds [0x000002ef18dc0000, 0x000002ef19030000, 0x000002ef202f0000]
CodeHeap 'non-nmethods': size=5760Kb used=1145Kb max_used=1160Kb free=4614Kb
 bounds [0x000002ef202f0000, 0x000002ef20560000, 0x000002ef20890000]
 total_blobs=1022 nmethods=603 adapters=332
 compilation: enabled
              stopped_count=0, restarted_count=0
 full_count=0

Compilation events (20 events):
Event: 0.331 Thread 0x000002ef2f468a00 nmethod 593 0x000002ef18ea3890 code [0x000002ef18ea3a60, 0x000002ef18ea3f08]
Event: 0.331 Thread 0x000002ef2f468a00  594       3       java.io.ByteArrayOutputStream::ensureCapacity (32 bytes)
Event: 0.332 Thread 0x000002ef2f468a00 nmethod 594 0x000002ef18ea4110 code [0x000002ef18ea42e0, 0x000002ef18ea4698]
Event: 0.332 Thread 0x000002ef2f468a00  595       3       java.lang.ReflectiveOperationException::<init> (7 bytes)
Event: 0.332 Thread 0x000002ef2f468a00 nmethod 595 0x000002ef18ea4810 code [0x000002ef18ea49c0, 0x000002ef18ea4b48]
Event: 0.332 Thread 0x000002ef2f468a00  596       3       java.security.AccessController::checkContext (49 bytes)
Event: 0.332 Thread 0x000002ef2f468a00 nmethod 596 0x000002ef18ea4c10 code [0x000002ef18ea4e20, 0x000002ef18ea5518]
Event: 0.332 Thread 0x000002ef2f468a00  597       3       java.util.LinkedHashMap::get (29 bytes)
Event: 0.332 Thread 0x000002ef2f468a00 nmethod 597 0x000002ef18ea5790 code [0x000002ef18ea5940, 0x000002ef18ea5b98]
Event: 0.333 Thread 0x000002ef2f468a00  599       3       java.util.ArrayDeque::poll (5 bytes)
Event: 0.333 Thread 0x000002ef2f468a00 nmethod 599 0x000002ef18ea5c90 code [0x000002ef18ea5e40, 0x000002ef18ea5f88]
Event: 0.333 Thread 0x000002ef2f468a00  600       3       java.security.AccessController::executePrivileged (65 bytes)
Event: 0.333 Thread 0x000002ef2f468a00 nmethod 600 0x000002ef18ea6010 code [0x000002ef18ea61e0, 0x000002ef18ea64d8]
Event: 0.333 Thread 0x000002ef2f468a00  601       3       java.nio.Buffer::limit (65 bytes)
Event: 0.334 Thread 0x000002ef2f468a00 nmethod 601 0x000002ef18ea6610 code [0x000002ef18ea67c0, 0x000002ef18ea6a88]
Event: 0.334 Thread 0x000002ef2f468a00  603       3       java.util.ArrayDeque::addLast (51 bytes)
Event: 0.334 Thread 0x000002ef2f468a00 nmethod 603 0x000002ef18ea6b90 code [0x000002ef18ea6d60, 0x000002ef18ea7238]
Event: 0.334 Thread 0x000002ef2f468a00  604       3       java.net.URL::toExternalForm (9 bytes)
Event: 0.334 Thread 0x000002ef2f468a00 nmethod 604 0x000002ef18ea7410 code [0x000002ef18ea75c0, 0x000002ef18ea7788]
Event: 0.334 Thread 0x000002ef2f468a00  605       3       java.net.URLStreamHandler::toExternalForm (156 bytes)

GC Heap History (0 events):
No events

Deoptimization events (20 events):
Event: 0.099 Thread 0x000002ef11517180 Uncommon trap: trap_request=0xffffffde fr.pc=0x000002ef2089cff4 relative=0x0000000000000814
Event: 0.099 Thread 0x000002ef11517180 Uncommon trap: reason=class_check action=maybe_recompile pc=0x000002ef2089cff4 method=java.util.HashMap.putVal(ILjava/lang/Object;Ljava/lang/Object;ZZ)Ljava/lang/Object; @ 152 c2
Event: 0.099 Thread 0x000002ef11517180 DEOPT PACKING pc=0x000002ef2089cff4 sp=0x000000f73d5fdf70
Event: 0.099 Thread 0x000002ef11517180 DEOPT UNPACKING pc=0x000002ef20345ba3 sp=0x000000f73d5fdef0 mode 2
Event: 0.100 Thread 0x000002ef11517180 Uncommon trap: trap_request=0xffffffde fr.pc=0x000002ef2089cff4 relative=0x0000000000000814
Event: 0.100 Thread 0x000002ef11517180 Uncommon trap: reason=class_check action=maybe_recompile pc=0x000002ef2089cff4 method=java.util.HashMap.putVal(ILjava/lang/Object;Ljava/lang/Object;ZZ)Ljava/lang/Object; @ 152 c2
Event: 0.100 Thread 0x000002ef11517180 DEOPT PACKING pc=0x000002ef2089cff4 sp=0x000000f73d5fdf70
Event: 0.100 Thread 0x000002ef11517180 DEOPT UNPACKING pc=0x000002ef20345ba3 sp=0x000000f73d5fdef0 mode 2
Event: 0.295 Thread 0x000002ef11517180 Uncommon trap: trap_request=0xffffffde fr.pc=0x000002ef208ab6ac relative=0x000000000000044c
Event: 0.295 Thread 0x000002ef11517180 Uncommon trap: reason=class_check action=maybe_recompile pc=0x000002ef208ab6ac method=java.util.HashMap.putVal(ILjava/lang/Object;Ljava/lang/Object;ZZ)Ljava/lang/Object; @ 253 c2
Event: 0.295 Thread 0x000002ef11517180 DEOPT PACKING pc=0x000002ef208ab6ac sp=0x000000f73d5fe250
Event: 0.295 Thread 0x000002ef11517180 DEOPT UNPACKING pc=0x000002ef20345ba3 sp=0x000000f73d5fe1f0 mode 2
Event: 0.301 Thread 0x000002ef11517180 DEOPT PACKING pc=0x000002ef18e29ae5 sp=0x000000f73d5fd010
Event: 0.301 Thread 0x000002ef11517180 DEOPT UNPACKING pc=0x000002ef203466e3 sp=0x000000f73d5fc460 mode 0
Event: 0.303 Thread 0x000002ef11517180 Uncommon trap: trap_request=0xffffffde fr.pc=0x000002ef208ab6ac relative=0x000000000000044c
Event: 0.303 Thread 0x000002ef11517180 Uncommon trap: reason=class_check action=maybe_recompile pc=0x000002ef208ab6ac method=java.util.HashMap.putVal(ILjava/lang/Object;Ljava/lang/Object;ZZ)Ljava/lang/Object; @ 253 c2
Event: 0.303 Thread 0x000002ef11517180 DEOPT PACKING pc=0x000002ef208ab6ac sp=0x000000f73d5fe380
Event: 0.303 Thread 0x000002ef11517180 DEOPT UNPACKING pc=0x000002ef20345ba3 sp=0x000000f73d5fe320 mode 2
Event: 0.304 Thread 0x000002ef11517180 DEOPT PACKING pc=0x000002ef18df289e sp=0x000000f73d5fb7f0
Event: 0.304 Thread 0x000002ef11517180 DEOPT UNPACKING pc=0x000002ef203466e3 sp=0x000000f73d5faca0 mode 0

Classes unloaded (0 events):
No events

Classes redefined (0 events):
No events

Internal exceptions (11 events):
Event: 0.101 Thread 0x000002ef2f7902d0 Exception <a 'java/lang/NoSuchMethodError'{0x000000008c6f0b88}: 'java.lang.Object java.lang.invoke.DirectMethodHandle$Holder.invokeStaticInit(java.lang.Object)'> (0x000000008c6f0b88) 
thrown [s\open\src\hotspot\share\interpreter\linkResolver.cpp, line 759]
Event: 0.109 Thread 0x000002ef2f7902d0 Exception <a 'java/lang/NoSuchMethodError'{0x000000008c6fe3e8}: 'void java.lang.invoke.DirectMethodHandle$Holder.invokeStatic(java.lang.Object, java.lang.Object)'> (0x000000008c6fe3e8) 
thrown [s\open\src\hotspot\share\interpreter\linkResolver.cpp, line 759]
Event: 0.133 Thread 0x000002ef11517180 Exception <a 'java/lang/NoSuchMethodError'{0x000000008c54d8a8}: 'int java.lang.invoke.DirectMethodHandle$Holder.invokeSpecial(java.lang.Object, java.lang.Object, java.lang.Object)'> (0x000000008c54d8a8) 
thrown [s\open\src\hotspot\share\interpreter\linkResolver.cpp, line 759]
Event: 0.215 Thread 0x000002ef11517180 Exception <a 'java/lang/NullPointerException'{0x000000008c2163e0}> (0x000000008c2163e0) 
thrown [s\open\src\hotspot\share\interpreter\linkResolver.cpp, line 1350]
Event: 0.262 Thread 0x000002ef11517180 Exception <a 'sun/nio/fs/WindowsException'{0x000000008c113bc8}> (0x000000008c113bc8) 
thrown [s\open\src\hotspot\share\prims\jni.cpp, line 516]
Event: 0.262 Thread 0x000002ef11517180 Exception <a 'sun/nio/fs/WindowsException'{0x000000008c1143e0}> (0x000000008c1143e0) 
thrown [s\open\src\hotspot\share\prims\jni.cpp, line 516]
Event: 0.262 Thread 0x000002ef11517180 Exception <a 'sun/nio/fs/WindowsException'{0x000000008c114958}> (0x000000008c114958) 
thrown [s\open\src\hotspot\share\prims\jni.cpp, line 516]
Event: 0.262 Thread 0x000002ef11517180 Exception <a 'sun/nio/fs/WindowsException'{0x000000008c114e10}> (0x000000008c114e10) 
thrown [s\open\src\hotspot\share\prims\jni.cpp, line 516]
Event: 0.278 Thread 0x000002ef11517180 Exception <a 'java/lang/NoSuchMethodError'{0x000000008c193308}: 'void java.lang.invoke.DirectMethodHandle$Holder.invokeStatic(java.lang.Object, java.lang.Object, java.lang.Object)'> (0x000000008c193308) 
thrown [s\open\src\hotspot\share\interpreter\linkResolver.cpp, line 759]
Event: 0.286 Thread 0x000002ef11517180 Exception <a 'java/lang/NoSuchMethodError'{0x000000008c1f0aa8}: 'int java.lang.invoke.DirectMethodHandle$Holder.invokeStatic(java.lang.Object, java.lang.Object, int)'> (0x000000008c1f0aa8) 
thrown [s\open\src\hotspot\share\interpreter\linkResolver.cpp, line 759]
Event: 0.329 Thread 0x000002ef11517180 Exception <a 'java/lang/NoSuchMethodError'{0x000000008bf6def8}: 'java.lang.Object java.lang.invoke.DirectMethodHandle$Holder.invokeSpecialIFC(java.lang.Object, java.lang.Object, java.lang.Object, java.lang.Object)'> (0x000000008bf6def8) 
thrown [s\open\src\hotspot\share\interpreter\linkResolver.cpp, line 759]

VM Operations (6 events):
Event: 0.058 Executing VM operation: HandshakeAllThreads
Event: 0.058 Executing VM operation: HandshakeAllThreads done
Event: 0.214 Executing VM operation: HandshakeAllThreads
Event: 0.214 Executing VM operation: HandshakeAllThreads done
Event: 0.218 Executing VM operation: HandshakeAllThreads
Event: 0.218 Executing VM operation: HandshakeAllThreads done

Events (20 events):
Event: 0.309 loading class java/lang/IndexOutOfBoundsException done
Event: 0.309 loading class java/lang/StringIndexOutOfBoundsException done
Event: 0.315 loading class java/io/StringReader
Event: 0.315 loading class java/io/StringReader done
Event: 0.315 loading class java/util/regex/Pattern$BnM
Event: 0.315 loading class java/util/regex/Pattern$BnM done
Event: 0.316 loading class java/util/regex/Pattern$SliceS
Event: 0.316 loading class java/util/regex/Pattern$SliceS done
Event: 0.316 loading class java/text/MessageFormat
Event: 0.316 loading class java/text/MessageFormat done
Event: 0.319 loading class java/io/EOFException
Event: 0.319 loading class java/io/EOFException done
Event: 0.322 loading class java/io/StringWriter
Event: 0.322 loading class java/io/StringWriter done
Event: 0.325 loading class java/util/ArrayList$ListItr
Event: 0.325 loading class java/util/ArrayList$ListItr done
Event: 0.327 loading class sun/invoke/util/VerifyAccess$1
Event: 0.327 loading class sun/invoke/util/VerifyAccess$1 done
Event: 0.332 loading class java/lang/TypeNotPresentException
Event: 0.332 loading class java/lang/TypeNotPresentException done


Dynamic libraries:
0x00007ff7f5b00000 - 0x00007ff7f5b10000 	C:\Program Files\Java\jdk-17\bin\java.exe
0x00007ff9db9b0000 - 0x00007ff9dbba8000 	C:\Windows\SYSTEM32\ntdll.dll
0x00007ff9da330000 - 0x00007ff9da3ef000 	C:\Windows\System32\KERNEL32.DLL
0x00007ff9d93b0000 - 0x00007ff9d9682000 	C:\Windows\System32\KERNELBASE.dll
0x00007ff9d9690000 - 0x00007ff9d9790000 	C:\Windows\System32\ucrtbase.dll
0x00007ff9be930000 - 0x00007ff9be94b000 	C:\Program Files\Java\jdk-17\bin\VCRUNTIME140.dll
0x00007ff9c0250000 - 0x00007ff9c0269000 	C:\Program Files\Java\jdk-17\bin\jli.dll
0x00007ff9da4c0000 - 0x00007ff9da56e000 	C:\Windows\System32\ADVAPI32.dll
0x00007ff9db8d0000 - 0x00007ff9db96e000 	C:\Windows\System32\msvcrt.dll
0x00007ff9d9a00000 - 0x00007ff9d9a9c000 	C:\Windows\System32\sechost.dll
0x00007ff9db040000 - 0x00007ff9db165000 	C:\Windows\System32\RPCRT4.dll
0x00007ff9db380000 - 0x00007ff9db51d000 	C:\Windows\System32\USER32.dll
0x00007ff9bf570000 - 0x00007ff9bf80a000 	C:\Windows\WinSxS\amd64_microsoft.windows.common-controls_6595b64144ccf1df_6.0.19041.1110_none_60b5254171f9507e\COMCTL32.dll
0x00007ff9d9380000 - 0x00007ff9d93a2000 	C:\Windows\System32\win32u.dll
0x00007ff9daee0000 - 0x00007ff9daf0b000 	C:\Windows\System32\GDI32.dll
0x00007ff9d98f0000 - 0x00007ff9d99ff000 	C:\Windows\System32\gdi32full.dll
0x00007ff9d90b0000 - 0x00007ff9d914d000 	C:\Windows\System32\msvcp_win.dll
0x00007ff9cc020000 - 0x00007ff9cc02a000 	C:\Windows\SYSTEM32\VERSION.dll
0x00007ff9da480000 - 0x00007ff9da4b2000 	C:\Windows\System32\IMM32.DLL
0x00007ff9cfe80000 - 0x00007ff9cfe8c000 	C:\Program Files\Java\jdk-17\bin\vcruntime140_1.dll
0x00007ff9c0160000 - 0x00007ff9c01ee000 	C:\Program Files\Java\jdk-17\bin\msvcp140.dll
0x00007ff986b50000 - 0x00007ff98772e000 	C:\Program Files\Java\jdk-17\bin\server\jvm.dll
0x00007ff9da570000 - 0x00007ff9da578000 	C:\Windows\System32\PSAPI.DLL
0x00007ff9a85e0000 - 0x00007ff9a85e9000 	C:\Windows\SYSTEM32\WSOCK32.dll
0x00007ff9daab0000 - 0x00007ff9dab1b000 	C:\Windows\System32\WS2_32.dll
0x00007ff9c0b60000 - 0x00007ff9c0b87000 	C:\Windows\SYSTEM32\WINMM.dll
0x00007ff9d7900000 - 0x00007ff9d7912000 	C:\Windows\SYSTEM32\kernel.appcore.dll
0x00007ff9cfdb0000 - 0x00007ff9cfdba000 	C:\Program Files\Java\jdk-17\bin\jimage.dll
0x00007ff9d6cb0000 - 0x00007ff9d6e94000 	C:\Windows\SYSTEM32\DBGHELP.DLL
0x00007ff9c21d0000 - 0x00007ff9c21fc000 	C:\Windows\SYSTEM32\dbgcore.DLL
0x00007ff9d9150000 - 0x00007ff9d91d2000 	C:\Windows\System32\bcryptPrimitives.dll
0x00007ff9ce9d0000 - 0x00007ff9ce9de000 	C:\Program Files\Java\jdk-17\bin\instrument.dll
0x00007ff9be850000 - 0x00007ff9be875000 	C:\Program Files\Java\jdk-17\bin\java.dll
0x00007ff9b84e0000 - 0x00007ff9b85b7000 	C:\Program Files\Java\jdk-17\bin\jsvml.dll
0x00007ff9d9aa0000 - 0x00007ff9da1e3000 	C:\Windows\System32\SHELL32.dll
0x00007ff9d6fa0000 - 0x00007ff9d7732000 	C:\Windows\SYSTEM32\windows.storage.dll
0x00007ff9dab20000 - 0x00007ff9dae74000 	C:\Windows\System32\combase.dll
0x00007ff9d8b10000 - 0x00007ff9d8b40000 	C:\Windows\SYSTEM32\Wldp.dll
0x00007ff9db820000 - 0x00007ff9db8cd000 	C:\Windows\System32\SHCORE.dll
0x00007ff9db680000 - 0x00007ff9db6d5000 	C:\Windows\System32\shlwapi.dll
0x00007ff9d8ff0000 - 0x00007ff9d900f000 	C:\Windows\SYSTEM32\profapi.dll
0x00007ff9c1f80000 - 0x00007ff9c1f98000 	C:\Program Files\Java\jdk-17\bin\zip.dll
0x00007ff9ce100000 - 0x00007ff9ce119000 	C:\Program Files\Java\jdk-17\bin\net.dll
0x00007ff9d01a0000 - 0x00007ff9d02ac000 	C:\Windows\SYSTEM32\WINHTTP.dll
0x00007ff9d8870000 - 0x00007ff9d88da000 	C:\Windows\system32\mswsock.dll
0x00007ff9cdb20000 - 0x00007ff9cdb36000 	C:\Program Files\Java\jdk-17\bin\nio.dll
0x00007ff9ce9b0000 - 0x00007ff9ce9ca000 	C:\Program Files\JetBrains\IntelliJ IDEA 2023.2.2\bin\breakgen64.dll
0x0000000069ac0000 - 0x0000000069ae4000 	C:\Program Files\KMSpico\temp\jansi-2.4.0-357cdc1de0f14c7e-jansi.dll
0x00007ff9c0140000 - 0x00007ff9c0150000 	C:\Program Files\Java\jdk-17\bin\verify.dll

dbghelp: loaded successfully - version: 4.0.5 - missing functions: none
symbol engine: initialized successfully - sym options: 0x614 - pdb path: .;C:\Program Files\Java\jdk-17\bin;C:\Windows\SYSTEM32;C:\Windows\WinSxS\amd64_microsoft.windows.common-controls_6595b64144ccf1df_6.0.19041.1110_none_60b5254171f9507e;C:\Program Files\Java\jdk-17\bin\server;C:\Program Files\JetBrains\IntelliJ IDEA 2023.2.2\bin;C:\Program Files\KMSpico\temp

VM Arguments:
jvm_args: -Dmaven.multiModuleProjectDirectory=E:\poneglyphe-S-Hunters1\poneglyphe-S-Hunters1-GestionLivraison-Produit\GestionLivraison Final -Djansi.passthrough=true -Dmaven.home=C:\Program Files\JetBrains\IntelliJ IDEA 2023.2.2\plugins\maven\lib\maven3 -Dclassworlds.conf=C:\Program Files\JetBrains\IntelliJ IDEA 2023.2.2\plugins\maven\lib\maven3\bin\m2.conf -Dmaven.ext.class.path=C:\Program Files\JetBrains\IntelliJ IDEA 2023.2.2\plugins\maven\lib\maven-event-listener.jar -javaagent:C:\Program Files\JetBrains\IntelliJ IDEA 2023.2.2\lib\idea_rt.jar=54812:C:\Program Files\JetBrains\IntelliJ IDEA 2023.2.2\bin -Dfile.encoding=UTF-8 
java_command: org.codehaus.classworlds.Launcher -Didea.version=2023.2.2 org.openjfx:javafx-maven-plugin:0.0.8:run
java_class_path (initial): C:\Program Files\JetBrains\IntelliJ IDEA 2023.2.2\plugins\maven\lib\maven3\boot\plexus-classworlds-2.7.0.jar;C:\Program Files\JetBrains\IntelliJ IDEA 2023.2.2\plugins\maven\lib\maven3\boot\plexus-classworlds.license
Launcher Type: SUN_STANDARD

[Global flags]
     intx CICompilerCount                          = 4                                         {product} {ergonomic}
     uint ConcGCThreads                            = 2                                         {product} {ergonomic}
     uint G1ConcRefinementThreads                  = 8                                         {product} {ergonomic}
   size_t G1HeapRegionSize                         = 1048576                                   {product} {ergonomic}
    uintx GCDrainStackTargetSize                   = 64                                        {product} {ergonomic}
   size_t InitialHeapSize                          = 130023424                                 {product} {ergonomic}
   size_t MarkStackSize                            = 4194304                                   {product} {ergonomic}
   size_t MaxHeapSize                              = 2067791872                                {product} {ergonomic}
   size_t MaxNewSize                               = 1240465408                                {product} {ergonomic}
   size_t MinHeapDeltaBytes                        = 1048576                                   {product} {ergonomic}
   size_t MinHeapSize                              = 8388608                                   {product} {ergonomic}
    uintx NonNMethodCodeHeapSize                   = 5839372                                {pd product} {ergonomic}
    uintx NonProfiledCodeHeapSize                  = 122909434                              {pd product} {ergonomic}
    uintx ProfiledCodeHeapSize                     = 122909434                              {pd product} {ergonomic}
    uintx ReservedCodeCacheSize                    = 251658240                              {pd product} {ergonomic}
     bool SegmentedCodeCache                       = true                                      {product} {ergonomic}
   size_t SoftMaxHeapSize                          = 2067791872                             {manageable} {ergonomic}
     bool UseCompressedClassPointers               = true                           {product lp64_product} {ergonomic}
     bool UseCompressedOops                        = true                           {product lp64_product} {ergonomic}
     bool UseG1GC                                  = true                                      {product} {ergonomic}
     bool UseLargePagesIndividualAllocation        = false                                  {pd product} {ergonomic}

Logging:
Log output configuration:
 #0: stdout all=warning uptime,level,tags
 #1: stderr all=off uptime,level,tags

Environment Variables:
JAVA_HOME=C:\Program Files\Java\jdk-13.0.2
PATH=C:\oraclexe\app\oracle\product\11.2.0\server\bin;;C:\Program Files (x86)\VMware\VMware Workstation\bin\;C:\Program Files\Common Files\Oracle\Java\javapath;C:\oraclexe\app\oracle\product\11.2.0\server\bin;C:\oraclexe\app\oracle\product\11.2.0\server\bin;C:\Program Files (x86)\Common Files\Intel\Shared Libraries\redist\intel64\compiler;C:\Windows\system32;C:\Windows;C:\Windows\System32\Wbem;C:\Windows\System32\WindowsPowerShell\v1.0\;C:\Windows\System32\OpenSSH\;C:\Program Files (x86)\NVIDIA Corporation\PhysX\Common;C:\Program Files\NVIDIA Corporation\NVIDIA NvDLISR;C:\xampp\php;C:\ProgramData\ComposerSetup\bin;C:\Program Files\nodejs\;C:\oraclexe\app\oracle\product\11.2.0\server\bin;C:\instantclient12_12;C:\oraclexe\app\oracle\admin\XE;C:\oraclexe;C:\Strawberry\c\bin;C:\Strawberry\perl\site\bin;C:\Strawberry\perl\bin;C:\Program Files\Git\cmd;C:\Program Files\TortoiseGit\bin;C:\Users\USER\scoop\shims;C:\Users\USER\AppData\Local\Microsoft\WindowsApps;C:\Users\USER\AppData\Roaming\Composer\vendor\bin;C:\Users\USER\AppData\Local\Programs\Microsoft VS Code\bin;C:\Users\USER\AppData\Roaming\npm;C:\Program Files\JetBrains\IntelliJ IDEA 2023.2.2\bin;
USERNAME=USER
OS=Windows_NT
PROCESSOR_IDENTIFIER=Intel64 Family 6 Model 140 Stepping 1, GenuineIntel



---------------  S Y S T E M  ---------------

OS:
 Windows 10 , 64 bit Build 19041 (10.0.19041.2251)
OS uptime: 4 days 1:05 hours

CPU: total 8 (initial active 8) (4 cores per cpu, 2 threads per core) family 6 model 140 stepping 1 microcode 0x86, cx8, cmov, fxsr, ht, mmx, 3dnowpref, sse, sse2, sse3, ssse3, sse4.1, sse4.2, popcnt, lzcnt, tsc, tscinvbit, avx, avx2, aes, erms, clmul, bmi1, bmi2, adx, avx512f, avx512dq, avx512cd, avx512bw, avx512vl, sha, fma, vzeroupper, avx512_vpopcntdq, avx512_vpclmulqdq, avx512_vaes, avx512_vnni, clflush, clflushopt, clwb, avx512_vbmi2, avx512_vbmi

Memory: 4k page, system-wide physical 7881M (448M free)
TotalPageFile size 20415M (AvailPageFile size 0M)
current process WorkingSet (physical memory assigned to process): 50M, peak: 50M
current process commit charge ("private bytes"): 213M, peak: 213M

vm_info: Java HotSpot(TM) 64-Bit Server VM (17.0.8+9-LTS-211) for windows-amd64 JRE (17.0.8+9-LTS-211), built on Jun 14 2023 10:34:31 by "mach5one" with MS VC++ 17.1 (VS2022)

END.
