#
# There is insufficient memory for the Java Runtime Environment to continue.
# Native memory allocation (malloc) failed to allocate 256 bytes for AllocateHeap
# Possible reasons:
#   The system is out of physical RAM or swap space
#   The process is running with CompressedOops enabled, and the Java Heap may be blocking the growth of the native heap
# Possible solutions:
#   Reduce memory load on the system
#   Increase physical memory or swap space
#   Check if swap backing store is full
#   Decrease Java heap size (-Xmx/-Xms)
#   Decrease number of Java threads
#   Decrease Java thread stack sizes (-Xss)
#   Set larger code cache with -XX:ReservedCodeCacheSize=
#   JVM is running with Unscaled Compressed Oops mode in which the Java heap is
#     placed in the first 4GB address space. The Java Heap base address is the
#     maximum limit for the native heap growth. Please use -XX:HeapBaseMinAddress
#     to set the Java Heap base and to place the Java Heap above 4GB virtual address.
# This output file may be truncated or incomplete.
#
#  Out of Memory Error (allocation.cpp:44), pid=10308, tid=21076
#
# JRE version:  (17.0.8+9) (build )
# Java VM: Java HotSpot(TM) 64-Bit Server VM (17.0.8+9-LTS-211, mixed mode, sharing, tiered, compressed oops, compressed class ptrs, g1 gc, windows-amd64)
# No core dump will be written. Minidumps are not enabled by default on client versions of Windows
#

---------------  S U M M A R Y ------------

Command Line: --module-path=E:\\poneglyphe-S-Hunters1\\poneglyphe-S-Hunters1-GestionLivraison-Produit\\GestionLivraison Final\\target\\classes;C:\\Users\\USER\\.m2\\repository\\com\\google\\zxing\\core\\3.4.1\\core-3.4.1.jar;C:\\Users\\USER\\.m2\\repository\\com\\google\\zxing\\javase\\3.4.1\\javase-3.4.1.jar;C:\\Users\\USER\\.m2\\repository\\com\\stripe\\stripe-java\\24.17.0\\stripe-java-24.17.0.jar;C:\\Users\\USER\\.m2\\repository\\org\\apache\\pdfbox\\pdfbox\\2.0.24\\pdfbox-2.0.24.jar;C:\\Users\\USER\\.m2\\repository\\org\\controlsfx\\controlsfx\\11.1.0\\controlsfx-11.1.0.jar;C:\\Users\\USER\\.m2\\repository\\org\\openjfx\\javafx-base\\20.0.1\\javafx-base-20.0.1-win.jar;C:\\Users\\USER\\.m2\\repository\\org\\openjfx\\javafx-controls\\20.0.1\\javafx-controls-20.0.1-win.jar;C:\\Users\\USER\\.m2\\repository\\org\\openjfx\\javafx-fxml\\20.0.1\\javafx-fxml-20.0.1-win.jar;C:\\Users\\USER\\.m2\\repository\\org\\openjfx\\javafx-graphics\\20.0.1\\javafx-graphics-20.0.1-win.jar --add-modules=eh.gestionlivraison -Djdk.module.main=eh.gestionlivraison eh.gestionlivraison/eh.gestionlivraison.test.MainFx

Host: 11th Gen Intel(R) Core(TM) i7-1165G7 @ 2.80GHz, 8 cores, 7G,  Windows 10 , 64 bit Build 19041 (10.0.19041.2251)
Time: Thu Mar  7 16:22:17 2024 Paris, Madrid elapsed time: 0.007987 seconds (0d 0h 0m 0s)

---------------  T H R E A D  ---------------

Current thread (0x000002a168334440):  JavaThread "Unknown thread" [_thread_in_vm, id=21076, stack(0x000000b723d00000,0x000000b723e00000)]

Stack: [0x000000b723d00000,0x000000b723e00000]
Native frames: (J=compiled Java code, j=interpreted, Vv=VM code, C=native code)
V  [jvm.dll+0x677d0a]
V  [jvm.dll+0x7d8c54]
V  [jvm.dll+0x7da3fe]
V  [jvm.dll+0x7daa63]
V  [jvm.dll+0x245c5f]
V  [jvm.dll+0xa50e3]
V  [jvm.dll+0x2dbc38]
V  [jvm.dll+0x35a07e]
V  [jvm.dll+0x35a1cf]
V  [jvm.dll+0x2da3e8]
V  [jvm.dll+0x2db354]
V  [jvm.dll+0x7aa711]
V  [jvm.dll+0x367b51]
V  [jvm.dll+0x789979]
V  [jvm.dll+0x3eb05f]
V  [jvm.dll+0x3ecae1]
C  [jli.dll+0x5297]
C  [ucrtbase.dll+0x21bb2]
C  [KERNEL32.DLL+0x174b4]
C  [ntdll.dll+0x526a1]


---------------  P R O C E S S  ---------------

Threads class SMR info:
_java_thread_list=0x00007ff9876059d8, length=0, elements={
}

Java Threads: ( => current thread )

Other Threads:
  0x000002a16838c6d0 GCTaskThread "GC Thread#0" [stack: 0x000000b723e00000,0x000000b723f00000] [id=17104]
  0x000002a16839cc90 ConcurrentGCThread "G1 Main Marker" [stack: 0x000000b723f00000,0x000000b724000000] [id=11024]
  0x000002a16839de40 ConcurrentGCThread "G1 Conc#0" [stack: 0x000000b724000000,0x000000b724100000] [id=21000]

[error occurred during error reporting (printing all threads), id 0xc0000005, EXCEPTION_ACCESS_VIOLATION (0xc0000005) at pc=0x00007ff986e3b047]

VM state: not at safepoint (not fully initialized)

VM Mutex/Monitor currently owned by a thread:  ([mutex/lock_event])
[0x000002a1683323e0] Heap_lock - owner thread: 0x000002a168334440

Heap address: 0x0000000084c00000, size: 1972 MB, Compressed Oops mode: 32-bit

CDS archive(s) mapped at: [0x0000000000000000-0x0000000000000000-0x0000000000000000), size 0, SharedBaseAddress: 0x0000000800000000, ArchiveRelocationMode: 1.
Narrow klass base: 0x0000000000000000, Narrow klass shift: 0, Narrow klass range: 0x0

GC Precious Log:
<Empty>

Heap:
 garbage-first heap   total 0K, used 0K [0x0000000084c00000, 0x0000000100000000)
  region size 1024K, 0 young (0K), 0 survivors (0K)

[error occurred during error reporting (printing heap information), id 0xc0000005, EXCEPTION_ACCESS_VIOLATION (0xc0000005) at pc=0x00007ff987221499]

GC Heap History (0 events):
No events

Deoptimization events (0 events):
No events

Classes unloaded (0 events):
No events

Classes redefined (0 events):
No events

Internal exceptions (0 events):
No events

VM Operations (0 events):
No events

Events (1 events):
Event: 0.003 Loaded shared library C:\Program Files\Java\jdk-17\bin\java.dll


Dynamic libraries:
0x00007ff7f5b00000 - 0x00007ff7f5b10000 	C:\Program Files\Java\jdk-17\bin\java.exe
0x00007ff9db9b0000 - 0x00007ff9dbba8000 	C:\Windows\SYSTEM32\ntdll.dll
0x00007ff9da330000 - 0x00007ff9da3ef000 	C:\Windows\System32\KERNEL32.DLL
0x00007ff9d93b0000 - 0x00007ff9d9682000 	C:\Windows\System32\KERNELBASE.dll
0x00007ff9d9690000 - 0x00007ff9d9790000 	C:\Windows\System32\ucrtbase.dll
0x00007ff9c0250000 - 0x00007ff9c0269000 	C:\Program Files\Java\jdk-17\bin\jli.dll
0x00007ff9da4c0000 - 0x00007ff9da56e000 	C:\Windows\System32\ADVAPI32.dll
0x00007ff9be930000 - 0x00007ff9be94b000 	C:\Program Files\Java\jdk-17\bin\VCRUNTIME140.dll
0x00007ff9db8d0000 - 0x00007ff9db96e000 	C:\Windows\System32\msvcrt.dll
0x00007ff9d9a00000 - 0x00007ff9d9a9c000 	C:\Windows\System32\sechost.dll
0x00007ff9db040000 - 0x00007ff9db165000 	C:\Windows\System32\RPCRT4.dll
0x00007ff9db380000 - 0x00007ff9db51d000 	C:\Windows\System32\USER32.dll
0x00007ff9bf570000 - 0x00007ff9bf80a000 	C:\Windows\WinSxS\amd64_microsoft.windows.common-controls_6595b64144ccf1df_6.0.19041.1110_none_60b5254171f9507e\COMCTL32.dll
0x00007ff9d9380000 - 0x00007ff9d93a2000 	C:\Windows\System32\win32u.dll
0x00007ff9daee0000 - 0x00007ff9daf0b000 	C:\Windows\System32\GDI32.dll
0x00007ff9d98f0000 - 0x00007ff9d99ff000 	C:\Windows\System32\gdi32full.dll
0x00007ff9d90b0000 - 0x00007ff9d914d000 	C:\Windows\System32\msvcp_win.dll
0x00007ff9cc020000 - 0x00007ff9cc02a000 	C:\Windows\SYSTEM32\VERSION.dll
0x00007ff9da480000 - 0x00007ff9da4b2000 	C:\Windows\System32\IMM32.DLL
0x00007ff9cfe80000 - 0x00007ff9cfe8c000 	C:\Program Files\Java\jdk-17\bin\vcruntime140_1.dll
0x00007ff9c0160000 - 0x00007ff9c01ee000 	C:\Program Files\Java\jdk-17\bin\msvcp140.dll
0x00007ff986b50000 - 0x00007ff98772e000 	C:\Program Files\Java\jdk-17\bin\server\jvm.dll
0x00007ff9da570000 - 0x00007ff9da578000 	C:\Windows\System32\PSAPI.DLL
0x00007ff9c0b60000 - 0x00007ff9c0b87000 	C:\Windows\SYSTEM32\WINMM.dll
0x00007ff9a85e0000 - 0x00007ff9a85e9000 	C:\Windows\SYSTEM32\WSOCK32.dll
0x00007ff9daab0000 - 0x00007ff9dab1b000 	C:\Windows\System32\WS2_32.dll
0x00007ff9d7900000 - 0x00007ff9d7912000 	C:\Windows\SYSTEM32\kernel.appcore.dll
0x00007ff9cfdb0000 - 0x00007ff9cfdba000 	C:\Program Files\Java\jdk-17\bin\jimage.dll
0x00007ff9d6cb0000 - 0x00007ff9d6e94000 	C:\Windows\SYSTEM32\DBGHELP.DLL
0x00007ff9c21d0000 - 0x00007ff9c21fc000 	C:\Windows\SYSTEM32\dbgcore.DLL
0x00007ff9d9150000 - 0x00007ff9d91d2000 	C:\Windows\System32\bcryptPrimitives.dll
0x00007ff9be850000 - 0x00007ff9be875000 	C:\Program Files\Java\jdk-17\bin\java.dll

dbghelp: loaded successfully - version: 4.0.5 - missing functions: none
symbol engine: initialized successfully - sym options: 0x614 - pdb path: .;C:\Program Files\Java\jdk-17\bin;C:\Windows\SYSTEM32;C:\Windows\WinSxS\amd64_microsoft.windows.common-controls_6595b64144ccf1df_6.0.19041.1110_none_60b5254171f9507e;C:\Program Files\Java\jdk-17\bin\server

VM Arguments:
jvm_args: --module-path=E:\\poneglyphe-S-Hunters1\\poneglyphe-S-Hunters1-GestionLivraison-Produit\\GestionLivraison Final\\target\\classes;C:\\Users\\USER\\.m2\\repository\\com\\google\\zxing\\core\\3.4.1\\core-3.4.1.jar;C:\\Users\\USER\\.m2\\repository\\com\\google\\zxing\\javase\\3.4.1\\javase-3.4.1.jar;C:\\Users\\USER\\.m2\\repository\\com\\stripe\\stripe-java\\24.17.0\\stripe-java-24.17.0.jar;C:\\Users\\USER\\.m2\\repository\\org\\apache\\pdfbox\\pdfbox\\2.0.24\\pdfbox-2.0.24.jar;C:\\Users\\USER\\.m2\\repository\\org\\controlsfx\\controlsfx\\11.1.0\\controlsfx-11.1.0.jar;C:\\Users\\USER\\.m2\\repository\\org\\openjfx\\javafx-base\\20.0.1\\javafx-base-20.0.1-win.jar;C:\\Users\\USER\\.m2\\repository\\org\\openjfx\\javafx-controls\\20.0.1\\javafx-controls-20.0.1-win.jar;C:\\Users\\USER\\.m2\\repository\\org\\openjfx\\javafx-fxml\\20.0.1\\javafx-fxml-20.0.1-win.jar;C:\\Users\\USER\\.m2\\repository\\org\\openjfx\\javafx-graphics\\20.0.1\\javafx-graphics-20.0.1-win.jar --add-modules=eh.gestionlivraison -Djdk.module.main=eh.gestionlivraison 
java_command: eh.gestionlivraison/eh.gestionlivraison.test.MainFx
java_class_path (initial): C:\\Users\\USER\\.m2\\repository\\com\\beust\\jcommander\\1.78\\jcommander-1.78.jar;C:\\Users\\USER\\.m2\\repository\\com\\github\\jai-imageio\\jai-imageio-core\\1.4.0\\jai-imageio-core-1.4.0.jar;C:\\Users\\USER\\.m2\\repository\\com\\google\\code\\gson\\gson\\2.10.1\\gson-2.10.1.jar;C:\\Users\\USER\\.m2\\repository\\com\\google\\protobuf\\protobuf-java\\3.21.9\\protobuf-java-3.21.9.jar;C:\\Users\\USER\\.m2\\repository\\com\\mysql\\mysql-connector-j\\8.0.33\\mysql-connector-j-8.0.33.jar;C:\\Users\\USER\\.m2\\repository\\commons-logging\\commons-logging\\1.2\\commons-logging-1.2.jar;C:\\Users\\USER\\.m2\\repository\\org\\apache\\pdfbox\\fontbox\\2.0.24\\fontbox-2.0.24.jar;C:\\Users\\USER\\.m2\\repository\\org\\openjfx\\javafx-base\\20.0.1\\javafx-base-20.0.1.jar;C:\\Users\\USER\\.m2\\repository\\org\\openjfx\\javafx-controls\\20.0.1\\javafx-controls-20.0.1.jar;C:\\Users\\USER\\.m2\\repository\\org\\openjfx\\javafx-fxml\\20.0.1\\javafx-fxml-20.0.1.jar;C:\\Users\\USER\\.m2\\repository\\org\\openjfx\\javafx-graphics\\20.0.1\\javafx-graphics-20.0.1.jar
Launcher Type: SUN_STANDARD

[Global flags]
     intx CICompilerCount                          = 4                                         {product} {ergonomic}
     uint ConcGCThreads                            = 2                                         {product} {ergonomic}
     uint G1ConcRefinementThreads                  = 8                                         {product} {ergonomic}
   size_t G1HeapRegionSize                         = 1048576                                   {product} {ergonomic}
    uintx GCDrainStackTargetSize                   = 64                                        {product} {ergonomic}
   size_t InitialHeapSize                          = 130023424                                 {product} {ergonomic}
   size_t MarkStackSize                            = 4194304                                   {product} {ergonomic}
   size_t MaxHeapSize                              = 2067791872                                {product} {ergonomic}
   size_t MinHeapDeltaBytes                        = 1048576                                   {product} {ergonomic}
   size_t MinHeapSize                              = 8388608                                   {product} {ergonomic}
    uintx NonNMethodCodeHeapSize                   = 5839372                                {pd product} {ergonomic}
    uintx NonProfiledCodeHeapSize                  = 122909434                              {pd product} {ergonomic}
    uintx ProfiledCodeHeapSize                     = 122909434                              {pd product} {ergonomic}
    uintx ReservedCodeCacheSize                    = 251658240                              {pd product} {ergonomic}
     bool SegmentedCodeCache                       = true                                      {product} {ergonomic}
   size_t SoftMaxHeapSize                          = 2067791872                             {manageable} {ergonomic}
     bool UseCompressedClassPointers               = true                           {product lp64_product} {ergonomic}
     bool UseCompressedOops                        = true                           {product lp64_product} {ergonomic}
     bool UseG1GC                                  = true                                      {product} {ergonomic}
     bool UseLargePagesIndividualAllocation        = false                                  {pd product} {ergonomic}

Logging:
Log output configuration:
 #0: stdout all=warning uptime,level,tags
 #1: stderr all=off uptime,level,tags

Environment Variables:
JAVA_HOME=C:\Program Files\Java\jdk-13.0.2
PATH=C:\oraclexe\app\oracle\product\11.2.0\server\bin;;C:\Program Files (x86)\VMware\VMware Workstation\bin\;C:\Program Files\Common Files\Oracle\Java\javapath;C:\oraclexe\app\oracle\product\11.2.0\server\bin;C:\oraclexe\app\oracle\product\11.2.0\server\bin;C:\Program Files (x86)\Common Files\Intel\Shared Libraries\redist\intel64\compiler;C:\Windows\system32;C:\Windows;C:\Windows\System32\Wbem;C:\Windows\System32\WindowsPowerShell\v1.0\;C:\Windows\System32\OpenSSH\;C:\Program Files (x86)\NVIDIA Corporation\PhysX\Common;C:\Program Files\NVIDIA Corporation\NVIDIA NvDLISR;C:\xampp\php;C:\ProgramData\ComposerSetup\bin;C:\Program Files\nodejs\;C:\oraclexe\app\oracle\product\11.2.0\server\bin;C:\instantclient12_12;C:\oraclexe\app\oracle\admin\XE;C:\oraclexe;C:\Strawberry\c\bin;C:\Strawberry\perl\site\bin;C:\Strawberry\perl\bin;C:\Program Files\Git\cmd;C:\Program Files\TortoiseGit\bin;C:\Users\USER\scoop\shims;C:\Users\USER\AppData\Local\Microsoft\WindowsApps;C:\Users\USER\AppData\Roaming\Composer\vendor\bin;C:\Users\USER\AppData\Local\Programs\Microsoft VS Code\bin;C:\Users\USER\AppData\Roaming\npm;C:\Program Files\JetBrains\IntelliJ IDEA 2023.2.2\bin;
USERNAME=USER
OS=Windows_NT
PROCESSOR_IDENTIFIER=Intel64 Family 6 Model 140 Stepping 1, GenuineIntel



---------------  S Y S T E M  ---------------

OS:
 Windows 10 , 64 bit Build 19041 (10.0.19041.2251)
OS uptime: 4 days 0:41 hours

CPU: total 8 (initial active 8) (4 cores per cpu, 2 threads per core) family 6 model 140 stepping 1 microcode 0x86, cx8, cmov, fxsr, ht, mmx, 3dnowpref, sse, sse2, sse3, ssse3, sse4.1, sse4.2, popcnt, lzcnt, tsc, tscinvbit, avx, avx2, aes, erms, clmul, bmi1, bmi2, adx, avx512f, avx512dq, avx512cd, avx512bw, avx512vl, sha, fma, vzeroupper, avx512_vpopcntdq, avx512_vpclmulqdq, avx512_vaes, avx512_vnni, clflush, clflushopt, clwb, avx512_vbmi2, avx512_vbmi

Memory: 4k page, system-wide physical 7881M (213M free)
TotalPageFile size 20415M (AvailPageFile size 3M)
current process WorkingSet (physical memory assigned to process): 11M, peak: 11M
current process commit charge ("private bytes"): 189M, peak: 189M

vm_info: Java HotSpot(TM) 64-Bit Server VM (17.0.8+9-LTS-211) for windows-amd64 JRE (17.0.8+9-LTS-211), built on Jun 14 2023 10:34:31 by "mach5one" with MS VC++ 17.1 (VS2022)

END.
